CRITICAL - 2024-01-10 06:16:28 --> Error: Call to undefined function App\Controllers\logged_in()
in APPPATH\Controllers\HomeController.php on line 12.
 1 SYSTEMPATH\CodeIgniter.php(941): App\Controllers\HomeController->home()
 2 SYSTEMPATH\CodeIgniter.php(502): CodeIgniter\CodeIgniter->runController(Object(App\Controllers\HomeController))
 3 SYSTEMPATH\CodeIgniter.php(361): CodeIgniter\CodeIgniter->handleRequest(null, Object(Config\Cache), false)
 4 FCPATH\index.php(79): CodeIgniter\CodeIgniter->run()
 5 SYSTEMPATH\Commands\Server\rewrite.php(47): require_once('C:\\laragon\\www\\BFP_WEBSITE\\public\\index.php')
CRITICAL - 2024-01-10 06:25:37 --> Error: Call to a member function check() on null
in APPPATH\Controllers\HomeController.php on line 14.
 1 SYSTEMPATH\CodeIgniter.php(941): App\Controllers\HomeController->home()
 2 SYSTEMPATH\CodeIgniter.php(502): CodeIgniter\CodeIgniter->runController(Object(App\Controllers\HomeController))
 3 SYSTEMPATH\CodeIgniter.php(361): CodeIgniter\CodeIgniter->handleRequest(null, Object(Config\Cache), false)
 4 FCPATH\index.php(79): CodeIgniter\CodeIgniter->run()
 5 SYSTEMPATH\Commands\Server\rewrite.php(47): require_once('C:\\laragon\\www\\BFP_WEBSITE\\public\\index.php')
CRITICAL - 2024-01-10 06:28:50 --> Error: Call to a member function check() on null
in APPPATH\Controllers\HomeController.php on line 14.
 1 SYSTEMPATH\CodeIgniter.php(941): App\Controllers\HomeController->home()
 2 SYSTEMPATH\CodeIgniter.php(502): CodeIgniter\CodeIgniter->runController(Object(App\Controllers\HomeController))
 3 SYSTEMPATH\CodeIgniter.php(361): CodeIgniter\CodeIgniter->handleRequest(null, Object(Config\Cache), false)
 4 FCPATH\index.php(79): CodeIgniter\CodeIgniter->run()
 5 SYSTEMPATH\Commands\Server\rewrite.php(47): require_once('C:\\laragon\\www\\BFP_WEBSITE\\public\\index.php')
CRITICAL - 2024-01-10 06:36:22 --> Error: Call to a member function check() on null
in APPPATH\Controllers\HomeController.php on line 14.
 1 SYSTEMPATH\CodeIgniter.php(941): App\Controllers\HomeController->home()
 2 SYSTEMPATH\CodeIgniter.php(502): CodeIgniter\CodeIgniter->runController(Object(App\Controllers\HomeController))
 3 SYSTEMPATH\CodeIgniter.php(361): CodeIgniter\CodeIgniter->handleRequest(null, Object(Config\Cache), false)
 4 FCPATH\index.php(79): CodeIgniter\CodeIgniter->run()
 5 SYSTEMPATH\Commands\Server\rewrite.php(47): require_once('C:\\laragon\\www\\BFP_WEBSITE\\public\\index.php')
CRITICAL - 2024-01-10 06:37:07 --> Error: Call to undefined function set_value()
in APPPATH\Views\REGISTER\registration_form.php on line 100.
 1 SYSTEMPATH\View\View.php(228): include()
 2 SYSTEMPATH\View\View.php(231): CodeIgniter\View\View->CodeIgniter\View\{closure}()
 3 SYSTEMPATH\Common.php(1178): CodeIgniter\View\View->render('REGISTER/registration_form', [], true)
 4 APPPATH\Controllers\RegistrationController.php(12): view('REGISTER/registration_form')
 5 SYSTEMPATH\CodeIgniter.php(941): App\Controllers\RegistrationController->register()
 6 SYSTEMPATH\CodeIgniter.php(502): CodeIgniter\CodeIgniter->runController(Object(App\Controllers\RegistrationController))
 7 SYSTEMPATH\CodeIgniter.php(361): CodeIgniter\CodeIgniter->handleRequest(null, Object(Config\Cache), false)
 8 FCPATH\index.php(79): CodeIgniter\CodeIgniter->run()
 9 SYSTEMPATH\Commands\Server\rewrite.php(47): require_once('C:\\laragon\\www\\BFP_WEBSITE\\public\\index.php')
CRITICAL - 2024-01-10 06:37:28 --> Error: Call to undefined function set_value()
in APPPATH\Views\REGISTER\registration_form.php on line 100.
 1 SYSTEMPATH\View\View.php(228): include()
 2 SYSTEMPATH\View\View.php(231): CodeIgniter\View\View->CodeIgniter\View\{closure}()
 3 SYSTEMPATH\Common.php(1178): CodeIgniter\View\View->render('REGISTER/registration_form', [], true)
 4 APPPATH\Controllers\RegistrationController.php(12): view('REGISTER/registration_form')
 5 SYSTEMPATH\CodeIgniter.php(941): App\Controllers\RegistrationController->register()
 6 SYSTEMPATH\CodeIgniter.php(502): CodeIgniter\CodeIgniter->runController(Object(App\Controllers\RegistrationController))
 7 SYSTEMPATH\CodeIgniter.php(361): CodeIgniter\CodeIgniter->handleRequest(null, Object(Config\Cache), false)
 8 FCPATH\index.php(79): CodeIgniter\CodeIgniter->run()
 9 SYSTEMPATH\Commands\Server\rewrite.php(47): require_once('C:\\laragon\\www\\BFP_WEBSITE\\public\\index.php')
CRITICAL - 2024-01-10 06:45:29 --> Error: Call to undefined function set_value()
in APPPATH\Views\REGISTER\registration_form.php on line 99.
 1 SYSTEMPATH\View\View.php(228): include()
 2 SYSTEMPATH\View\View.php(231): CodeIgniter\View\View->CodeIgniter\View\{closure}()
 3 SYSTEMPATH\Common.php(1178): CodeIgniter\View\View->render('REGISTER/registration_form', [], true)
 4 APPPATH\Controllers\RegistrationController.php(12): view('REGISTER/registration_form')
 5 SYSTEMPATH\CodeIgniter.php(941): App\Controllers\RegistrationController->register()
 6 SYSTEMPATH\CodeIgniter.php(502): CodeIgniter\CodeIgniter->runController(Object(App\Controllers\RegistrationController))
 7 SYSTEMPATH\CodeIgniter.php(361): CodeIgniter\CodeIgniter->handleRequest(null, Object(Config\Cache), false)
 8 FCPATH\index.php(79): CodeIgniter\CodeIgniter->run()
 9 SYSTEMPATH\Commands\Server\rewrite.php(47): require_once('C:\\laragon\\www\\BFP_WEBSITE\\public\\index.php')
CRITICAL - 2024-01-10 06:59:24 --> Error: Call to undefined function set_select()
in APPPATH\Views\REGISTER\registration_form.php on line 148.
 1 SYSTEMPATH\View\View.php(228): include()
 2 SYSTEMPATH\View\View.php(231): CodeIgniter\View\View->CodeIgniter\View\{closure}()
 3 SYSTEMPATH\Common.php(1178): CodeIgniter\View\View->render('REGISTER/registration_form', [], true)
 4 APPPATH\Controllers\RegistrationController.php(12): view('REGISTER/registration_form')
 5 SYSTEMPATH\CodeIgniter.php(941): App\Controllers\RegistrationController->register()
 6 SYSTEMPATH\CodeIgniter.php(502): CodeIgniter\CodeIgniter->runController(Object(App\Controllers\RegistrationController))
 7 SYSTEMPATH\CodeIgniter.php(361): CodeIgniter\CodeIgniter->handleRequest(null, Object(Config\Cache), false)
 8 FCPATH\index.php(79): CodeIgniter\CodeIgniter->run()
 9 SYSTEMPATH\Commands\Server\rewrite.php(47): require_once('C:\\laragon\\www\\BFP_WEBSITE\\public\\index.php')
