CRITICAL - 2024-02-09 09:04:21 --> ErrorException: Undefined variable $imageSources
in APPPATH\Views\WEBSITE\home.php on line 62.
 1 APPPATH\Views\WEBSITE\home.php(62): CodeIgniter\Debug\Exceptions->errorHandler(2, 'Undefined variable $imageSources', 'C:\\laragon\\www\\BFP_WEBSITE\\app\\Views\\WEBSITE\\home.php', 62)
 2 SYSTEMPATH\View\View.php(228): include('C:\\laragon\\www\\BFP_WEBSITE\\app\\Views\\WEBSITE\\home.php')
 3 SYSTEMPATH\View\View.php(231): CodeIgniter\View\View->CodeIgniter\View\{closure}()
 4 SYSTEMPATH\Common.php(1178): CodeIgniter\View\View->render('WEBSITE\\home', [], true)
 5 APPPATH\Controllers\HomeController.php(17): view('WEBSITE\\home')
 6 SYSTEMPATH\CodeIgniter.php(941): App\Controllers\HomeController->home()
 7 SYSTEMPATH\CodeIgniter.php(502): CodeIgniter\CodeIgniter->runController(Object(App\Controllers\HomeController))
 8 SYSTEMPATH\CodeIgniter.php(361): CodeIgniter\CodeIgniter->handleRequest(null, Object(Config\Cache), false)
 9 FCPATH\index.php(79): CodeIgniter\CodeIgniter->run()
10 SYSTEMPATH\Commands\Server\rewrite.php(47): require_once('C:\\laragon\\www\\BFP_WEBSITE\\public\\index.php')
CRITICAL - 2024-02-09 09:09:44 --> ErrorException: Undefined variable $carousel_images
in APPPATH\Views\ACOMPONENTS\CAROUSEL\crsladdImages.php on line 59.
 1 APPPATH\Views\ACOMPONENTS\CAROUSEL\crsladdImages.php(59): CodeIgniter\Debug\Exceptions->errorHandler(2, 'Undefined variable $carousel_images', 'C:\\laragon\\www\\BFP_WEBSITE\\app\\Views\\ACOMPONENTS\\CAROUSEL\\crsladdImages.php', 59)
 2 SYSTEMPATH\View\View.php(228): include('C:\\laragon\\www\\BFP_WEBSITE\\app\\Views\\ACOMPONENTS\\CAROUSEL\\crsladdImages.php')
 3 SYSTEMPATH\View\View.php(231): CodeIgniter\View\View->CodeIgniter\View\{closure}()
 4 SYSTEMPATH\Common.php(1178): CodeIgniter\View\View->render('ACOMPONENTS/CAROUSEL/crsladdImages', [], true)
 5 APPPATH\Controllers\CarouselController.php(53): view('ACOMPONENTS/CAROUSEL/crsladdImages')
 6 SYSTEMPATH\CodeIgniter.php(941): App\Controllers\CarouselController->addImages()
 7 SYSTEMPATH\CodeIgniter.php(502): CodeIgniter\CodeIgniter->runController(Object(App\Controllers\CarouselController))
 8 SYSTEMPATH\CodeIgniter.php(361): CodeIgniter\CodeIgniter->handleRequest(null, Object(Config\Cache), false)
 9 FCPATH\index.php(79): CodeIgniter\CodeIgniter->run()
10 SYSTEMPATH\Commands\Server\rewrite.php(47): require_once('C:\\laragon\\www\\BFP_WEBSITE\\public\\index.php')
CRITICAL - 2024-02-09 09:21:31 --> ErrorException: Undefined variable $news
in APPPATH\Views\ACOMPONENTS\CAROUSEL\carouselmaincontent.php on line 34.
 1 APPPATH\Views\ACOMPONENTS\CAROUSEL\carouselmaincontent.php(34): CodeIgniter\Debug\Exceptions->errorHandler(2, 'Undefined variable $news', 'C:\\laragon\\www\\BFP_WEBSITE\\app\\Views\\ACOMPONENTS\\CAROUSEL\\carouselmaincontent.php', 34)
 2 SYSTEMPATH\View\View.php(228): include('C:\\laragon\\www\\BFP_WEBSITE\\app\\Views\\ACOMPONENTS\\CAROUSEL\\carouselmaincontent.php')
 3 SYSTEMPATH\View\View.php(231): CodeIgniter\View\View->CodeIgniter\View\{closure}()
 4 SYSTEMPATH\Common.php(1178): CodeIgniter\View\View->render('ACOMPONENTS/CAROUSEL/carouselmaincontent', [], true)
 5 APPPATH\Controllers\CarouselController.php(50): view('ACOMPONENTS/CAROUSEL/carouselmaincontent')
 6 SYSTEMPATH\CodeIgniter.php(941): App\Controllers\CarouselController->addImages()
 7 SYSTEMPATH\CodeIgniter.php(502): CodeIgniter\CodeIgniter->runController(Object(App\Controllers\CarouselController))
 8 SYSTEMPATH\CodeIgniter.php(361): CodeIgniter\CodeIgniter->handleRequest(null, Object(Config\Cache), false)
 9 FCPATH\index.php(79): CodeIgniter\CodeIgniter->run()
10 SYSTEMPATH\Commands\Server\rewrite.php(47): require_once('C:\\laragon\\www\\BFP_WEBSITE\\public\\index.php')
CRITICAL - 2024-02-09 10:10:34 --> ErrorException: Undefined variable $carousel_images
in APPPATH\Views\ACOMPONENTS\CAROUSEL\carouselmaincontent.php on line 32.
 1 APPPATH\Views\ACOMPONENTS\CAROUSEL\carouselmaincontent.php(32): CodeIgniter\Debug\Exceptions->errorHandler(2, 'Undefined variable $carousel_images', 'C:\\laragon\\www\\BFP_WEBSITE\\app\\Views\\ACOMPONENTS\\CAROUSEL\\carouselmaincontent.php', 32)
 2 SYSTEMPATH\View\View.php(228): include('C:\\laragon\\www\\BFP_WEBSITE\\app\\Views\\ACOMPONENTS\\CAROUSEL\\carouselmaincontent.php')
 3 SYSTEMPATH\View\View.php(231): CodeIgniter\View\View->CodeIgniter\View\{closure}()
 4 SYSTEMPATH\Common.php(1178): CodeIgniter\View\View->render('ACOMPONENTS/CAROUSEL/carouselmaincontent', [], true)
 5 APPPATH\Controllers\CarouselController.php(42): view('ACOMPONENTS/CAROUSEL/carouselmaincontent')
 6 SYSTEMPATH\CodeIgniter.php(941): App\Controllers\CarouselController->addImages()
 7 SYSTEMPATH\CodeIgniter.php(502): CodeIgniter\CodeIgniter->runController(Object(App\Controllers\CarouselController))
 8 SYSTEMPATH\CodeIgniter.php(361): CodeIgniter\CodeIgniter->handleRequest(null, Object(Config\Cache), false)
 9 FCPATH\index.php(79): CodeIgniter\CodeIgniter->run()
10 SYSTEMPATH\Commands\Server\rewrite.php(47): require_once('C:\\laragon\\www\\BFP_WEBSITE\\public\\index.php')
CRITICAL - 2024-02-09 10:28:29 --> ErrorException: Undefined variable $carousel_images
in APPPATH\Views\ACOMPONENTS\CAROUSEL\carouselmaincontent.php on line 32.
 1 APPPATH\Views\ACOMPONENTS\CAROUSEL\carouselmaincontent.php(32): CodeIgniter\Debug\Exceptions->errorHandler(2, 'Undefined variable $carousel_images', 'C:\\laragon\\www\\BFP_WEBSITE\\app\\Views\\ACOMPONENTS\\CAROUSEL\\carouselmaincontent.php', 32)
 2 SYSTEMPATH\View\View.php(228): include('C:\\laragon\\www\\BFP_WEBSITE\\app\\Views\\ACOMPONENTS\\CAROUSEL\\carouselmaincontent.php')
 3 SYSTEMPATH\View\View.php(231): CodeIgniter\View\View->CodeIgniter\View\{closure}()
 4 SYSTEMPATH\Common.php(1178): CodeIgniter\View\View->render('ACOMPONENTS/CAROUSEL/carouselmaincontent', [], true)
 5 APPPATH\Controllers\CarouselController.php(42): view('ACOMPONENTS/CAROUSEL/carouselmaincontent')
 6 SYSTEMPATH\CodeIgniter.php(941): App\Controllers\CarouselController->addImages()
 7 SYSTEMPATH\CodeIgniter.php(502): CodeIgniter\CodeIgniter->runController(Object(App\Controllers\CarouselController))
 8 SYSTEMPATH\CodeIgniter.php(361): CodeIgniter\CodeIgniter->handleRequest(null, Object(Config\Cache), false)
 9 FCPATH\index.php(79): CodeIgniter\CodeIgniter->run()
10 SYSTEMPATH\Commands\Server\rewrite.php(47): require_once('C:\\laragon\\www\\BFP_WEBSITE\\public\\index.php')
CRITICAL - 2024-02-09 10:28:52 --> ErrorException: Undefined variable $image_path
in APPPATH\Views\ACOMPONENTS\CAROUSEL\carouselmaincontent.php on line 32.
 1 APPPATH\Views\ACOMPONENTS\CAROUSEL\carouselmaincontent.php(32): CodeIgniter\Debug\Exceptions->errorHandler(2, 'Undefined variable $image_path', 'C:\\laragon\\www\\BFP_WEBSITE\\app\\Views\\ACOMPONENTS\\CAROUSEL\\carouselmaincontent.php', 32)
 2 SYSTEMPATH\View\View.php(228): include('C:\\laragon\\www\\BFP_WEBSITE\\app\\Views\\ACOMPONENTS\\CAROUSEL\\carouselmaincontent.php')
 3 SYSTEMPATH\View\View.php(231): CodeIgniter\View\View->CodeIgniter\View\{closure}()
 4 SYSTEMPATH\Common.php(1178): CodeIgniter\View\View->render('ACOMPONENTS/CAROUSEL/carouselmaincontent', [], true)
 5 APPPATH\Controllers\CarouselController.php(42): view('ACOMPONENTS/CAROUSEL/carouselmaincontent')
 6 SYSTEMPATH\CodeIgniter.php(941): App\Controllers\CarouselController->addImages()
 7 SYSTEMPATH\CodeIgniter.php(502): CodeIgniter\CodeIgniter->runController(Object(App\Controllers\CarouselController))
 8 SYSTEMPATH\CodeIgniter.php(361): CodeIgniter\CodeIgniter->handleRequest(null, Object(Config\Cache), false)
 9 FCPATH\index.php(79): CodeIgniter\CodeIgniter->run()
10 SYSTEMPATH\Commands\Server\rewrite.php(47): require_once('C:\\laragon\\www\\BFP_WEBSITE\\public\\index.php')
CRITICAL - 2024-02-09 10:31:37 --> ErrorException: Undefined variable $carousel_images
in APPPATH\Views\ACOMPONENTS\CAROUSEL\carouselmaincontent.php on line 32.
 1 APPPATH\Views\ACOMPONENTS\CAROUSEL\carouselmaincontent.php(32): CodeIgniter\Debug\Exceptions->errorHandler(2, 'Undefined variable $carousel_images', 'C:\\laragon\\www\\BFP_WEBSITE\\app\\Views\\ACOMPONENTS\\CAROUSEL\\carouselmaincontent.php', 32)
 2 SYSTEMPATH\View\View.php(228): include('C:\\laragon\\www\\BFP_WEBSITE\\app\\Views\\ACOMPONENTS\\CAROUSEL\\carouselmaincontent.php')
 3 SYSTEMPATH\View\View.php(231): CodeIgniter\View\View->CodeIgniter\View\{closure}()
 4 SYSTEMPATH\Common.php(1178): CodeIgniter\View\View->render('ACOMPONENTS/CAROUSEL/carouselmaincontent', [], true)
 5 APPPATH\Controllers\CarouselController.php(42): view('ACOMPONENTS/CAROUSEL/carouselmaincontent')
 6 SYSTEMPATH\CodeIgniter.php(941): App\Controllers\CarouselController->addImages()
 7 SYSTEMPATH\CodeIgniter.php(502): CodeIgniter\CodeIgniter->runController(Object(App\Controllers\CarouselController))
 8 SYSTEMPATH\CodeIgniter.php(361): CodeIgniter\CodeIgniter->handleRequest(null, Object(Config\Cache), false)
 9 FCPATH\index.php(79): CodeIgniter\CodeIgniter->run()
10 SYSTEMPATH\Commands\Server\rewrite.php(47): require_once('C:\\laragon\\www\\BFP_WEBSITE\\public\\index.php')
CRITICAL - 2024-02-09 10:35:15 --> ErrorException: Undefined variable $carousel_images
in APPPATH\Views\ACOMPONENTS\CAROUSEL\carouselmaincontent.php on line 32.
 1 APPPATH\Views\ACOMPONENTS\CAROUSEL\carouselmaincontent.php(32): CodeIgniter\Debug\Exceptions->errorHandler(2, 'Undefined variable $carousel_images', 'C:\\laragon\\www\\BFP_WEBSITE\\app\\Views\\ACOMPONENTS\\CAROUSEL\\carouselmaincontent.php', 32)
 2 SYSTEMPATH\View\View.php(228): include('C:\\laragon\\www\\BFP_WEBSITE\\app\\Views\\ACOMPONENTS\\CAROUSEL\\carouselmaincontent.php')
 3 SYSTEMPATH\View\View.php(231): CodeIgniter\View\View->CodeIgniter\View\{closure}()
 4 SYSTEMPATH\Common.php(1178): CodeIgniter\View\View->render('ACOMPONENTS/CAROUSEL/carouselmaincontent', [], true)
 5 APPPATH\Controllers\CarouselController.php(42): view('ACOMPONENTS/CAROUSEL/carouselmaincontent')
 6 SYSTEMPATH\CodeIgniter.php(941): App\Controllers\CarouselController->addImages()
 7 SYSTEMPATH\CodeIgniter.php(502): CodeIgniter\CodeIgniter->runController(Object(App\Controllers\CarouselController))
 8 SYSTEMPATH\CodeIgniter.php(361): CodeIgniter\CodeIgniter->handleRequest(null, Object(Config\Cache), false)
 9 FCPATH\index.php(79): CodeIgniter\CodeIgniter->run()
10 SYSTEMPATH\Commands\Server\rewrite.php(47): require_once('C:\\laragon\\www\\BFP_WEBSITE\\public\\index.php')
CRITICAL - 2024-02-09 10:35:21 --> ErrorException: Undefined variable $imageSources
in APPPATH\Views\WEBSITE\home.php on line 62.
 1 APPPATH\Views\WEBSITE\home.php(62): CodeIgniter\Debug\Exceptions->errorHandler(2, 'Undefined variable $imageSources', 'C:\\laragon\\www\\BFP_WEBSITE\\app\\Views\\WEBSITE\\home.php', 62)
 2 SYSTEMPATH\View\View.php(228): include('C:\\laragon\\www\\BFP_WEBSITE\\app\\Views\\WEBSITE\\home.php')
 3 SYSTEMPATH\View\View.php(231): CodeIgniter\View\View->CodeIgniter\View\{closure}()
 4 SYSTEMPATH\Common.php(1178): CodeIgniter\View\View->render('WEBSITE\\home', [], true)
 5 APPPATH\Controllers\HomeController.php(17): view('WEBSITE\\home')
 6 SYSTEMPATH\CodeIgniter.php(941): App\Controllers\HomeController->home()
 7 SYSTEMPATH\CodeIgniter.php(502): CodeIgniter\CodeIgniter->runController(Object(App\Controllers\HomeController))
 8 SYSTEMPATH\CodeIgniter.php(361): CodeIgniter\CodeIgniter->handleRequest(null, Object(Config\Cache), false)
 9 FCPATH\index.php(79): CodeIgniter\CodeIgniter->run()
10 SYSTEMPATH\Commands\Server\rewrite.php(47): require_once('C:\\laragon\\www\\BFP_WEBSITE\\public\\index.php')
CRITICAL - 2024-02-09 10:39:56 --> ErrorException: Undefined variable $carousel_images
in APPPATH\Views\WEBSITE\home.php on line 64.
 1 APPPATH\Views\WEBSITE\home.php(64): CodeIgniter\Debug\Exceptions->errorHandler(2, 'Undefined variable $carousel_images', 'C:\\laragon\\www\\BFP_WEBSITE\\app\\Views\\WEBSITE\\home.php', 64)
 2 SYSTEMPATH\View\View.php(228): include('C:\\laragon\\www\\BFP_WEBSITE\\app\\Views\\WEBSITE\\home.php')
 3 SYSTEMPATH\View\View.php(231): CodeIgniter\View\View->CodeIgniter\View\{closure}()
 4 SYSTEMPATH\Common.php(1178): CodeIgniter\View\View->render('WEBSITE\\home', [], true)
 5 APPPATH\Controllers\HomeController.php(17): view('WEBSITE\\home')
 6 SYSTEMPATH\CodeIgniter.php(941): App\Controllers\HomeController->home()
 7 SYSTEMPATH\CodeIgniter.php(502): CodeIgniter\CodeIgniter->runController(Object(App\Controllers\HomeController))
 8 SYSTEMPATH\CodeIgniter.php(361): CodeIgniter\CodeIgniter->handleRequest(null, Object(Config\Cache), false)
 9 FCPATH\index.php(79): CodeIgniter\CodeIgniter->run()
10 SYSTEMPATH\Commands\Server\rewrite.php(47): require_once('C:\\laragon\\www\\BFP_WEBSITE\\public\\index.php')
CRITICAL - 2024-02-09 10:41:58 --> ErrorException: Undefined variable $carousel_images
in APPPATH\Views\WEBSITE\home.php on line 72.
 1 APPPATH\Views\WEBSITE\home.php(72): CodeIgniter\Debug\Exceptions->errorHandler(2, 'Undefined variable $carousel_images', 'C:\\laragon\\www\\BFP_WEBSITE\\app\\Views\\WEBSITE\\home.php', 72)
 2 SYSTEMPATH\View\View.php(228): include('C:\\laragon\\www\\BFP_WEBSITE\\app\\Views\\WEBSITE\\home.php')
 3 SYSTEMPATH\View\View.php(231): CodeIgniter\View\View->CodeIgniter\View\{closure}()
 4 SYSTEMPATH\Common.php(1178): CodeIgniter\View\View->render('WEBSITE\\home', [], true)
 5 APPPATH\Controllers\HomeController.php(17): view('WEBSITE\\home')
 6 SYSTEMPATH\CodeIgniter.php(941): App\Controllers\HomeController->home()
 7 SYSTEMPATH\CodeIgniter.php(502): CodeIgniter\CodeIgniter->runController(Object(App\Controllers\HomeController))
 8 SYSTEMPATH\CodeIgniter.php(361): CodeIgniter\CodeIgniter->handleRequest(null, Object(Config\Cache), false)
 9 FCPATH\index.php(79): CodeIgniter\CodeIgniter->run()
10 SYSTEMPATH\Commands\Server\rewrite.php(47): require_once('C:\\laragon\\www\\BFP_WEBSITE\\public\\index.php')
CRITICAL - 2024-02-09 10:43:03 --> ErrorException: Undefined variable $carousel_images
in APPPATH\Views\WEBSITE\home.php on line 72.
 1 APPPATH\Views\WEBSITE\home.php(72): CodeIgniter\Debug\Exceptions->errorHandler(2, 'Undefined variable $carousel_images', 'C:\\laragon\\www\\BFP_WEBSITE\\app\\Views\\WEBSITE\\home.php', 72)
 2 SYSTEMPATH\View\View.php(228): include('C:\\laragon\\www\\BFP_WEBSITE\\app\\Views\\WEBSITE\\home.php')
 3 SYSTEMPATH\View\View.php(231): CodeIgniter\View\View->CodeIgniter\View\{closure}()
 4 SYSTEMPATH\Common.php(1178): CodeIgniter\View\View->render('WEBSITE\\home', [], true)
 5 APPPATH\Controllers\HomeController.php(17): view('WEBSITE\\home')
 6 SYSTEMPATH\CodeIgniter.php(941): App\Controllers\HomeController->home()
 7 SYSTEMPATH\CodeIgniter.php(502): CodeIgniter\CodeIgniter->runController(Object(App\Controllers\HomeController))
 8 SYSTEMPATH\CodeIgniter.php(361): CodeIgniter\CodeIgniter->handleRequest(null, Object(Config\Cache), false)
 9 FCPATH\index.php(79): CodeIgniter\CodeIgniter->run()
10 SYSTEMPATH\Commands\Server\rewrite.php(47): require_once('C:\\laragon\\www\\BFP_WEBSITE\\public\\index.php')
CRITICAL - 2024-02-09 10:43:16 --> ErrorException: Undefined variable $carousel_images
in APPPATH\Views\WEBSITE\home.php on line 72.
 1 APPPATH\Views\WEBSITE\home.php(72): CodeIgniter\Debug\Exceptions->errorHandler(2, 'Undefined variable $carousel_images', 'C:\\laragon\\www\\BFP_WEBSITE\\app\\Views\\WEBSITE\\home.php', 72)
 2 SYSTEMPATH\View\View.php(228): include('C:\\laragon\\www\\BFP_WEBSITE\\app\\Views\\WEBSITE\\home.php')
 3 SYSTEMPATH\View\View.php(231): CodeIgniter\View\View->CodeIgniter\View\{closure}()
 4 SYSTEMPATH\Common.php(1178): CodeIgniter\View\View->render('WEBSITE\\home', [], true)
 5 APPPATH\Controllers\HomeController.php(17): view('WEBSITE\\home')
 6 SYSTEMPATH\CodeIgniter.php(941): App\Controllers\HomeController->home()
 7 SYSTEMPATH\CodeIgniter.php(502): CodeIgniter\CodeIgniter->runController(Object(App\Controllers\HomeController))
 8 SYSTEMPATH\CodeIgniter.php(361): CodeIgniter\CodeIgniter->handleRequest(null, Object(Config\Cache), false)
 9 FCPATH\index.php(79): CodeIgniter\CodeIgniter->run()
10 SYSTEMPATH\Commands\Server\rewrite.php(47): require_once('C:\\laragon\\www\\BFP_WEBSITE\\public\\index.php')
CRITICAL - 2024-02-09 10:43:29 --> ErrorException: Undefined variable $carousel_images
in APPPATH\Views\ACOMPONENTS\CAROUSEL\carouselmaincontent.php on line 32.
 1 APPPATH\Views\ACOMPONENTS\CAROUSEL\carouselmaincontent.php(32): CodeIgniter\Debug\Exceptions->errorHandler(2, 'Undefined variable $carousel_images', 'C:\\laragon\\www\\BFP_WEBSITE\\app\\Views\\ACOMPONENTS\\CAROUSEL\\carouselmaincontent.php', 32)
 2 SYSTEMPATH\View\View.php(228): include('C:\\laragon\\www\\BFP_WEBSITE\\app\\Views\\ACOMPONENTS\\CAROUSEL\\carouselmaincontent.php')
 3 SYSTEMPATH\View\View.php(231): CodeIgniter\View\View->CodeIgniter\View\{closure}()
 4 SYSTEMPATH\Common.php(1178): CodeIgniter\View\View->render('ACOMPONENTS/CAROUSEL/carouselmaincontent', [], true)
 5 APPPATH\Controllers\CarouselController.php(42): view('ACOMPONENTS/CAROUSEL/carouselmaincontent')
 6 SYSTEMPATH\CodeIgniter.php(941): App\Controllers\CarouselController->addImages()
 7 SYSTEMPATH\CodeIgniter.php(502): CodeIgniter\CodeIgniter->runController(Object(App\Controllers\CarouselController))
 8 SYSTEMPATH\CodeIgniter.php(361): CodeIgniter\CodeIgniter->handleRequest(null, Object(Config\Cache), false)
 9 FCPATH\index.php(79): CodeIgniter\CodeIgniter->run()
10 SYSTEMPATH\Commands\Server\rewrite.php(47): require_once('C:\\laragon\\www\\BFP_WEBSITE\\public\\index.php')
CRITICAL - 2024-02-09 18:07:19 --> ErrorException: Undefined variable $carousel_images
in APPPATH\Views\ACOMPONENTS\CAROUSEL\carouselmaincontent.php on line 32.
 1 APPPATH\Views\ACOMPONENTS\CAROUSEL\carouselmaincontent.php(32): CodeIgniter\Debug\Exceptions->errorHandler(2, 'Undefined variable $carousel_images', 'C:\\laragon\\www\\BFP_WEBSITE\\app\\Views\\ACOMPONENTS\\CAROUSEL\\carouselmaincontent.php', 32)
 2 SYSTEMPATH\View\View.php(228): include('C:\\laragon\\www\\BFP_WEBSITE\\app\\Views\\ACOMPONENTS\\CAROUSEL\\carouselmaincontent.php')
 3 SYSTEMPATH\View\View.php(231): CodeIgniter\View\View->CodeIgniter\View\{closure}()
 4 SYSTEMPATH\Common.php(1178): CodeIgniter\View\View->render('ACOMPONENTS/CAROUSEL/carouselmaincontent', [], true)
 5 APPPATH\Controllers\CarouselController.php(42): view('ACOMPONENTS/CAROUSEL/carouselmaincontent')
 6 SYSTEMPATH\CodeIgniter.php(941): App\Controllers\CarouselController->addImages()
 7 SYSTEMPATH\CodeIgniter.php(502): CodeIgniter\CodeIgniter->runController(Object(App\Controllers\CarouselController))
 8 SYSTEMPATH\CodeIgniter.php(361): CodeIgniter\CodeIgniter->handleRequest(null, Object(Config\Cache), false)
 9 FCPATH\index.php(79): CodeIgniter\CodeIgniter->run()
10 SYSTEMPATH\Commands\Server\rewrite.php(47): require_once('C:\\laragon\\www\\BFP_WEBSITE\\public\\index.php')
CRITICAL - 2024-02-09 18:26:43 --> ErrorException: Undefined variable $carousel_images
in APPPATH\Views\WEBSITE\home.php on line 72.
 1 APPPATH\Views\WEBSITE\home.php(72): CodeIgniter\Debug\Exceptions->errorHandler(2, 'Undefined variable $carousel_images', 'C:\\laragon\\www\\BFP_WEBSITE\\app\\Views\\WEBSITE\\home.php', 72)
 2 SYSTEMPATH\View\View.php(228): include('C:\\laragon\\www\\BFP_WEBSITE\\app\\Views\\WEBSITE\\home.php')
 3 SYSTEMPATH\View\View.php(231): CodeIgniter\View\View->CodeIgniter\View\{closure}()
 4 SYSTEMPATH\Common.php(1178): CodeIgniter\View\View->render('WEBSITE\\home', [], true)
 5 APPPATH\Controllers\HomeController.php(17): view('WEBSITE\\home')
 6 SYSTEMPATH\CodeIgniter.php(941): App\Controllers\HomeController->home()
 7 SYSTEMPATH\CodeIgniter.php(502): CodeIgniter\CodeIgniter->runController(Object(App\Controllers\HomeController))
 8 SYSTEMPATH\CodeIgniter.php(361): CodeIgniter\CodeIgniter->handleRequest(null, Object(Config\Cache), false)
 9 FCPATH\index.php(79): CodeIgniter\CodeIgniter->run()
10 SYSTEMPATH\Commands\Server\rewrite.php(47): require_once('C:\\laragon\\www\\BFP_WEBSITE\\public\\index.php')
CRITICAL - 2024-02-09 18:34:13 --> ErrorException: Undefined variable $carousel_images
in APPPATH\Views\WEBSITE\home.php on line 72.
 1 APPPATH\Views\WEBSITE\home.php(72): CodeIgniter\Debug\Exceptions->errorHandler(2, 'Undefined variable $carousel_images', 'C:\\laragon\\www\\BFP_WEBSITE\\app\\Views\\WEBSITE\\home.php', 72)
 2 SYSTEMPATH\View\View.php(228): include('C:\\laragon\\www\\BFP_WEBSITE\\app\\Views\\WEBSITE\\home.php')
 3 SYSTEMPATH\View\View.php(231): CodeIgniter\View\View->CodeIgniter\View\{closure}()
 4 SYSTEMPATH\Common.php(1178): CodeIgniter\View\View->render('WEBSITE\\home', [], true)
 5 APPPATH\Controllers\HomeController.php(17): view('WEBSITE\\home')
 6 SYSTEMPATH\CodeIgniter.php(941): App\Controllers\HomeController->home()
 7 SYSTEMPATH\CodeIgniter.php(502): CodeIgniter\CodeIgniter->runController(Object(App\Controllers\HomeController))
 8 SYSTEMPATH\CodeIgniter.php(361): CodeIgniter\CodeIgniter->handleRequest(null, Object(Config\Cache), false)
 9 FCPATH\index.php(79): CodeIgniter\CodeIgniter->run()
10 SYSTEMPATH\Commands\Server\rewrite.php(47): require_once('C:\\laragon\\www\\BFP_WEBSITE\\public\\index.php')
CRITICAL - 2024-02-09 18:34:16 --> ErrorException: Undefined array key "carousel_images"
in APPPATH\Views\ACOMPONENTS\CAROUSEL\carouselmaincontent.php on line 32.
 1 APPPATH\Views\ACOMPONENTS\CAROUSEL\carouselmaincontent.php(32): CodeIgniter\Debug\Exceptions->errorHandler(2, 'Undefined array key "carousel_images"', 'C:\\laragon\\www\\BFP_WEBSITE\\app\\Views\\ACOMPONENTS\\CAROUSEL\\carouselmaincontent.php', 32)
 2 SYSTEMPATH\View\View.php(228): include('C:\\laragon\\www\\BFP_WEBSITE\\app\\Views\\ACOMPONENTS\\CAROUSEL\\carouselmaincontent.php')
 3 SYSTEMPATH\View\View.php(231): CodeIgniter\View\View->CodeIgniter\View\{closure}()
 4 SYSTEMPATH\Common.php(1178): CodeIgniter\View\View->render('ACOMPONENTS/CAROUSEL/carouselmaincontent', [], true)
 5 APPPATH\Controllers\CarouselController.php(45): view('ACOMPONENTS/CAROUSEL/carouselmaincontent', [...])
 6 SYSTEMPATH\CodeIgniter.php(941): App\Controllers\CarouselController->addImages()
 7 SYSTEMPATH\CodeIgniter.php(502): CodeIgniter\CodeIgniter->runController(Object(App\Controllers\CarouselController))
 8 SYSTEMPATH\CodeIgniter.php(361): CodeIgniter\CodeIgniter->handleRequest(null, Object(Config\Cache), false)
 9 FCPATH\index.php(79): CodeIgniter\CodeIgniter->run()
10 SYSTEMPATH\Commands\Server\rewrite.php(47): require_once('C:\\laragon\\www\\BFP_WEBSITE\\public\\index.php')
CRITICAL - 2024-02-09 18:34:21 --> ErrorException: Undefined array key "carousel_images"
in APPPATH\Views\ACOMPONENTS\CAROUSEL\carouselmaincontent.php on line 32.
 1 APPPATH\Views\ACOMPONENTS\CAROUSEL\carouselmaincontent.php(32): CodeIgniter\Debug\Exceptions->errorHandler(2, 'Undefined array key "carousel_images"', 'C:\\laragon\\www\\BFP_WEBSITE\\app\\Views\\ACOMPONENTS\\CAROUSEL\\carouselmaincontent.php', 32)
 2 SYSTEMPATH\View\View.php(228): include('C:\\laragon\\www\\BFP_WEBSITE\\app\\Views\\ACOMPONENTS\\CAROUSEL\\carouselmaincontent.php')
 3 SYSTEMPATH\View\View.php(231): CodeIgniter\View\View->CodeIgniter\View\{closure}()
 4 SYSTEMPATH\Common.php(1178): CodeIgniter\View\View->render('ACOMPONENTS/CAROUSEL/carouselmaincontent', [], true)
 5 APPPATH\Controllers\CarouselController.php(45): view('ACOMPONENTS/CAROUSEL/carouselmaincontent', [...])
 6 SYSTEMPATH\CodeIgniter.php(941): App\Controllers\CarouselController->addImages()
 7 SYSTEMPATH\CodeIgniter.php(502): CodeIgniter\CodeIgniter->runController(Object(App\Controllers\CarouselController))
 8 SYSTEMPATH\CodeIgniter.php(361): CodeIgniter\CodeIgniter->handleRequest(null, Object(Config\Cache), false)
 9 FCPATH\index.php(79): CodeIgniter\CodeIgniter->run()
10 SYSTEMPATH\Commands\Server\rewrite.php(47): require_once('C:\\laragon\\www\\BFP_WEBSITE\\public\\index.php')
CRITICAL - 2024-02-09 18:35:04 --> ErrorException: Undefined array key "carousel_image"
in APPPATH\Views\ACOMPONENTS\CAROUSEL\carouselmaincontent.php on line 32.
 1 APPPATH\Views\ACOMPONENTS\CAROUSEL\carouselmaincontent.php(32): CodeIgniter\Debug\Exceptions->errorHandler(2, 'Undefined array key "carousel_image"', 'C:\\laragon\\www\\BFP_WEBSITE\\app\\Views\\ACOMPONENTS\\CAROUSEL\\carouselmaincontent.php', 32)
 2 SYSTEMPATH\View\View.php(228): include('C:\\laragon\\www\\BFP_WEBSITE\\app\\Views\\ACOMPONENTS\\CAROUSEL\\carouselmaincontent.php')
 3 SYSTEMPATH\View\View.php(231): CodeIgniter\View\View->CodeIgniter\View\{closure}()
 4 SYSTEMPATH\Common.php(1178): CodeIgniter\View\View->render('ACOMPONENTS/CAROUSEL/carouselmaincontent', [], true)
 5 APPPATH\Controllers\CarouselController.php(45): view('ACOMPONENTS/CAROUSEL/carouselmaincontent', [...])
 6 SYSTEMPATH\CodeIgniter.php(941): App\Controllers\CarouselController->addImages()
 7 SYSTEMPATH\CodeIgniter.php(502): CodeIgniter\CodeIgniter->runController(Object(App\Controllers\CarouselController))
 8 SYSTEMPATH\CodeIgniter.php(361): CodeIgniter\CodeIgniter->handleRequest(null, Object(Config\Cache), false)
 9 FCPATH\index.php(79): CodeIgniter\CodeIgniter->run()
10 SYSTEMPATH\Commands\Server\rewrite.php(47): require_once('C:\\laragon\\www\\BFP_WEBSITE\\public\\index.php')
CRITICAL - 2024-02-09 18:38:08 --> ErrorException: Undefined variable $carousel_images
in APPPATH\Views\WEBSITE\home.php on line 72.
 1 APPPATH\Views\WEBSITE\home.php(72): CodeIgniter\Debug\Exceptions->errorHandler(2, 'Undefined variable $carousel_images', 'C:\\laragon\\www\\BFP_WEBSITE\\app\\Views\\WEBSITE\\home.php', 72)
 2 SYSTEMPATH\View\View.php(228): include('C:\\laragon\\www\\BFP_WEBSITE\\app\\Views\\WEBSITE\\home.php')
 3 SYSTEMPATH\View\View.php(231): CodeIgniter\View\View->CodeIgniter\View\{closure}()
 4 SYSTEMPATH\Common.php(1178): CodeIgniter\View\View->render('WEBSITE\\home', [], true)
 5 APPPATH\Controllers\HomeController.php(17): view('WEBSITE\\home')
 6 SYSTEMPATH\CodeIgniter.php(941): App\Controllers\HomeController->home()
 7 SYSTEMPATH\CodeIgniter.php(502): CodeIgniter\CodeIgniter->runController(Object(App\Controllers\HomeController))
 8 SYSTEMPATH\CodeIgniter.php(361): CodeIgniter\CodeIgniter->handleRequest(null, Object(Config\Cache), false)
 9 FCPATH\index.php(79): CodeIgniter\CodeIgniter->run()
10 SYSTEMPATH\Commands\Server\rewrite.php(47): require_once('C:\\laragon\\www\\BFP_WEBSITE\\public\\index.php')
CRITICAL - 2024-02-09 18:38:11 --> ErrorException: Undefined array key "carousel_images"
in APPPATH\Views\ACOMPONENTS\CAROUSEL\carouselmaincontent.php on line 32.
 1 APPPATH\Views\ACOMPONENTS\CAROUSEL\carouselmaincontent.php(32): CodeIgniter\Debug\Exceptions->errorHandler(2, 'Undefined array key "carousel_images"', 'C:\\laragon\\www\\BFP_WEBSITE\\app\\Views\\ACOMPONENTS\\CAROUSEL\\carouselmaincontent.php', 32)
 2 SYSTEMPATH\View\View.php(228): include('C:\\laragon\\www\\BFP_WEBSITE\\app\\Views\\ACOMPONENTS\\CAROUSEL\\carouselmaincontent.php')
 3 SYSTEMPATH\View\View.php(231): CodeIgniter\View\View->CodeIgniter\View\{closure}()
 4 SYSTEMPATH\Common.php(1178): CodeIgniter\View\View->render('ACOMPONENTS/CAROUSEL/carouselmaincontent', [], true)
 5 APPPATH\Controllers\CarouselController.php(46): view('ACOMPONENTS/CAROUSEL/carouselmaincontent', [...])
 6 SYSTEMPATH\CodeIgniter.php(941): App\Controllers\CarouselController->addImages()
 7 SYSTEMPATH\CodeIgniter.php(502): CodeIgniter\CodeIgniter->runController(Object(App\Controllers\CarouselController))
 8 SYSTEMPATH\CodeIgniter.php(361): CodeIgniter\CodeIgniter->handleRequest(null, Object(Config\Cache), false)
 9 FCPATH\index.php(79): CodeIgniter\CodeIgniter->run()
10 SYSTEMPATH\Commands\Server\rewrite.php(47): require_once('C:\\laragon\\www\\BFP_WEBSITE\\public\\index.php')
CRITICAL - 2024-02-09 18:40:13 --> ErrorException: Undefined variable $carousel_images
in APPPATH\Views\WEBSITE\home.php on line 72.
 1 APPPATH\Views\WEBSITE\home.php(72): CodeIgniter\Debug\Exceptions->errorHandler(2, 'Undefined variable $carousel_images', 'C:\\laragon\\www\\BFP_WEBSITE\\app\\Views\\WEBSITE\\home.php', 72)
 2 SYSTEMPATH\View\View.php(228): include('C:\\laragon\\www\\BFP_WEBSITE\\app\\Views\\WEBSITE\\home.php')
 3 SYSTEMPATH\View\View.php(231): CodeIgniter\View\View->CodeIgniter\View\{closure}()
 4 SYSTEMPATH\Common.php(1178): CodeIgniter\View\View->render('WEBSITE\\home', [], true)
 5 APPPATH\Controllers\HomeController.php(17): view('WEBSITE\\home')
 6 SYSTEMPATH\CodeIgniter.php(941): App\Controllers\HomeController->home()
 7 SYSTEMPATH\CodeIgniter.php(502): CodeIgniter\CodeIgniter->runController(Object(App\Controllers\HomeController))
 8 SYSTEMPATH\CodeIgniter.php(361): CodeIgniter\CodeIgniter->handleRequest(null, Object(Config\Cache), false)
 9 FCPATH\index.php(79): CodeIgniter\CodeIgniter->run()
10 SYSTEMPATH\Commands\Server\rewrite.php(47): require_once('C:\\laragon\\www\\BFP_WEBSITE\\public\\index.php')
CRITICAL - 2024-02-09 18:40:17 --> ErrorException: Undefined array key "carousel_images"
in APPPATH\Views\ACOMPONENTS\CAROUSEL\carouselmaincontent.php on line 32.
 1 APPPATH\Views\ACOMPONENTS\CAROUSEL\carouselmaincontent.php(32): CodeIgniter\Debug\Exceptions->errorHandler(2, 'Undefined array key "carousel_images"', 'C:\\laragon\\www\\BFP_WEBSITE\\app\\Views\\ACOMPONENTS\\CAROUSEL\\carouselmaincontent.php', 32)
 2 SYSTEMPATH\View\View.php(228): include('C:\\laragon\\www\\BFP_WEBSITE\\app\\Views\\ACOMPONENTS\\CAROUSEL\\carouselmaincontent.php')
 3 SYSTEMPATH\View\View.php(231): CodeIgniter\View\View->CodeIgniter\View\{closure}()
 4 SYSTEMPATH\Common.php(1178): CodeIgniter\View\View->render('ACOMPONENTS/CAROUSEL/carouselmaincontent', [], true)
 5 APPPATH\Controllers\CarouselController.php(43): view('ACOMPONENTS/CAROUSEL/carouselmaincontent', [...])
 6 SYSTEMPATH\CodeIgniter.php(941): App\Controllers\CarouselController->addImages()
 7 SYSTEMPATH\CodeIgniter.php(502): CodeIgniter\CodeIgniter->runController(Object(App\Controllers\CarouselController))
 8 SYSTEMPATH\CodeIgniter.php(361): CodeIgniter\CodeIgniter->handleRequest(null, Object(Config\Cache), false)
 9 FCPATH\index.php(79): CodeIgniter\CodeIgniter->run()
10 SYSTEMPATH\Commands\Server\rewrite.php(47): require_once('C:\\laragon\\www\\BFP_WEBSITE\\public\\index.php')
CRITICAL - 2024-02-09 18:49:27 --> ErrorException: Undefined variable $carousel_images
in APPPATH\Views\WEBSITE\home.php on line 72.
 1 APPPATH\Views\WEBSITE\home.php(72): CodeIgniter\Debug\Exceptions->errorHandler(2, 'Undefined variable $carousel_images', 'C:\\laragon\\www\\BFP_WEBSITE\\app\\Views\\WEBSITE\\home.php', 72)
 2 SYSTEMPATH\View\View.php(228): include('C:\\laragon\\www\\BFP_WEBSITE\\app\\Views\\WEBSITE\\home.php')
 3 SYSTEMPATH\View\View.php(231): CodeIgniter\View\View->CodeIgniter\View\{closure}()
 4 SYSTEMPATH\Common.php(1178): CodeIgniter\View\View->render('WEBSITE\\home', [], true)
 5 APPPATH\Controllers\HomeController.php(17): view('WEBSITE\\home')
 6 SYSTEMPATH\CodeIgniter.php(941): App\Controllers\HomeController->home()
 7 SYSTEMPATH\CodeIgniter.php(502): CodeIgniter\CodeIgniter->runController(Object(App\Controllers\HomeController))
 8 SYSTEMPATH\CodeIgniter.php(361): CodeIgniter\CodeIgniter->handleRequest(null, Object(Config\Cache), false)
 9 FCPATH\index.php(79): CodeIgniter\CodeIgniter->run()
10 SYSTEMPATH\Commands\Server\rewrite.php(47): require_once('C:\\laragon\\www\\BFP_WEBSITE\\public\\index.php')
CRITICAL - 2024-02-09 19:02:47 --> TypeError: count(): Argument #1 ($value) must be of type Countable|array, null given
in APPPATH\Views\ACOMPONENTS\CAROUSEL\carouselmaincontent.php on line 60.
 1 SYSTEMPATH\View\View.php(228): include()
 2 SYSTEMPATH\View\View.php(231): CodeIgniter\View\View->CodeIgniter\View\{closure}()
 3 SYSTEMPATH\Common.php(1178): CodeIgniter\View\View->render('ACOMPONENTS/CAROUSEL/carouselmaincontent', [], true)
 4 APPPATH\Controllers\CarouselController.php(78): view('ACOMPONENTS/CAROUSEL/carouselmaincontent', [...])
 5 SYSTEMPATH\CodeIgniter.php(941): App\Controllers\CarouselController->store()
 6 SYSTEMPATH\CodeIgniter.php(502): CodeIgniter\CodeIgniter->runController(Object(App\Controllers\CarouselController))
 7 SYSTEMPATH\CodeIgniter.php(361): CodeIgniter\CodeIgniter->handleRequest(null, Object(Config\Cache), false)
 8 FCPATH\index.php(79): CodeIgniter\CodeIgniter->run()
 9 SYSTEMPATH\Commands\Server\rewrite.php(47): require_once('C:\\laragon\\www\\BFP_WEBSITE\\public\\index.php')
CRITICAL - 2024-02-09 19:02:47 --> [Caused by] ErrorException: Undefined variable $carousel_images
in APPPATH\Views\ACOMPONENTS\CAROUSEL\carouselmaincontent.php on line 60.
 1 APPPATH\Views\ACOMPONENTS\CAROUSEL\carouselmaincontent.php(60): CodeIgniter\Debug\Exceptions->errorHandler(2, 'Undefined variable $carousel_images', 'C:\\laragon\\www\\BFP_WEBSITE\\app\\Views\\ACOMPONENTS\\CAROUSEL\\carouselmaincontent.php', 60)
 2 SYSTEMPATH\View\View.php(228): include('C:\\laragon\\www\\BFP_WEBSITE\\app\\Views\\ACOMPONENTS\\CAROUSEL\\carouselmaincontent.php')
 3 SYSTEMPATH\View\View.php(231): CodeIgniter\View\View->CodeIgniter\View\{closure}()
 4 SYSTEMPATH\Common.php(1178): CodeIgniter\View\View->render('ACOMPONENTS/CAROUSEL/carouselmaincontent', [], true)
 5 APPPATH\Controllers\CarouselController.php(78): view('ACOMPONENTS/CAROUSEL/carouselmaincontent', [...])
 6 SYSTEMPATH\CodeIgniter.php(941): App\Controllers\CarouselController->store()
 7 SYSTEMPATH\CodeIgniter.php(502): CodeIgniter\CodeIgniter->runController(Object(App\Controllers\CarouselController))
 8 SYSTEMPATH\CodeIgniter.php(361): CodeIgniter\CodeIgniter->handleRequest(null, Object(Config\Cache), false)
 9 FCPATH\index.php(79): CodeIgniter\CodeIgniter->run()
10 SYSTEMPATH\Commands\Server\rewrite.php(47): require_once('C:\\laragon\\www\\BFP_WEBSITE\\public\\index.php')
CRITICAL - 2024-02-09 19:03:10 --> ErrorException: Undefined variable $carousel_images
in APPPATH\Views\WEBSITE\home.php on line 72.
 1 APPPATH\Views\WEBSITE\home.php(72): CodeIgniter\Debug\Exceptions->errorHandler(2, 'Undefined variable $carousel_images', 'C:\\laragon\\www\\BFP_WEBSITE\\app\\Views\\WEBSITE\\home.php', 72)
 2 SYSTEMPATH\View\View.php(228): include('C:\\laragon\\www\\BFP_WEBSITE\\app\\Views\\WEBSITE\\home.php')
 3 SYSTEMPATH\View\View.php(231): CodeIgniter\View\View->CodeIgniter\View\{closure}()
 4 SYSTEMPATH\Common.php(1178): CodeIgniter\View\View->render('WEBSITE\\home', [], true)
 5 APPPATH\Controllers\HomeController.php(17): view('WEBSITE\\home')
 6 SYSTEMPATH\CodeIgniter.php(941): App\Controllers\HomeController->home()
 7 SYSTEMPATH\CodeIgniter.php(502): CodeIgniter\CodeIgniter->runController(Object(App\Controllers\HomeController))
 8 SYSTEMPATH\CodeIgniter.php(361): CodeIgniter\CodeIgniter->handleRequest(null, Object(Config\Cache), false)
 9 FCPATH\index.php(79): CodeIgniter\CodeIgniter->run()
10 SYSTEMPATH\Commands\Server\rewrite.php(47): require_once('C:\\laragon\\www\\BFP_WEBSITE\\public\\index.php')
CRITICAL - 2024-02-09 19:31:47 --> CodeIgniter\View\Exceptions\ViewException: Invalid file: "carouselhome.php"
in SYSTEMPATH\Exceptions\FrameworkException.php on line 39.
 1 SYSTEMPATH\View\View.php(216): CodeIgniter\Exceptions\FrameworkException::forInvalidFile('carouselhome.php')
 2 SYSTEMPATH\Common.php(1178): CodeIgniter\View\View->render('carouselhome', [], true)
 3 APPPATH\Controllers\CarouselController.php(43): view('carouselhome')
 4 SYSTEMPATH\CodeIgniter.php(941): App\Controllers\CarouselController->addImages()
 5 SYSTEMPATH\CodeIgniter.php(502): CodeIgniter\CodeIgniter->runController(Object(App\Controllers\CarouselController))
 6 SYSTEMPATH\CodeIgniter.php(361): CodeIgniter\CodeIgniter->handleRequest(null, Object(Config\Cache), false)
 7 FCPATH\index.php(79): CodeIgniter\CodeIgniter->run()
 8 SYSTEMPATH\Commands\Server\rewrite.php(47): require_once('C:\\laragon\\www\\BFP_WEBSITE\\public\\index.php')
CRITICAL - 2024-02-09 19:32:16 --> CodeIgniter\View\Exceptions\ViewException: Invalid file: "/carouselhome.php"
in SYSTEMPATH\Exceptions\FrameworkException.php on line 39.
 1 SYSTEMPATH\View\View.php(216): CodeIgniter\Exceptions\FrameworkException::forInvalidFile('/carouselhome.php')
 2 SYSTEMPATH\Common.php(1178): CodeIgniter\View\View->render('/carouselhome', [], true)
 3 APPPATH\Controllers\CarouselController.php(43): view('/carouselhome')
 4 SYSTEMPATH\CodeIgniter.php(941): App\Controllers\CarouselController->addImages()
 5 SYSTEMPATH\CodeIgniter.php(502): CodeIgniter\CodeIgniter->runController(Object(App\Controllers\CarouselController))
 6 SYSTEMPATH\CodeIgniter.php(361): CodeIgniter\CodeIgniter->handleRequest(null, Object(Config\Cache), false)
 7 FCPATH\index.php(79): CodeIgniter\CodeIgniter->run()
 8 SYSTEMPATH\Commands\Server\rewrite.php(47): require_once('C:\\laragon\\www\\BFP_WEBSITE\\public\\index.php')
CRITICAL - 2024-02-09 19:32:45 --> ErrorException: Undefined variable $carousel_images
in APPPATH\Views\WEBSITE\home.php on line 72.
 1 APPPATH\Views\WEBSITE\home.php(72): CodeIgniter\Debug\Exceptions->errorHandler(2, 'Undefined variable $carousel_images', 'C:\\laragon\\www\\BFP_WEBSITE\\app\\Views\\WEBSITE\\home.php', 72)
 2 SYSTEMPATH\View\View.php(228): include('C:\\laragon\\www\\BFP_WEBSITE\\app\\Views\\WEBSITE\\home.php')
 3 SYSTEMPATH\View\View.php(231): CodeIgniter\View\View->CodeIgniter\View\{closure}()
 4 SYSTEMPATH\Common.php(1178): CodeIgniter\View\View->render('WEBSITE/home', [], true)
 5 APPPATH\Controllers\CarouselController.php(43): view('WEBSITE/home')
 6 SYSTEMPATH\CodeIgniter.php(941): App\Controllers\CarouselController->addImages()
 7 SYSTEMPATH\CodeIgniter.php(502): CodeIgniter\CodeIgniter->runController(Object(App\Controllers\CarouselController))
 8 SYSTEMPATH\CodeIgniter.php(361): CodeIgniter\CodeIgniter->handleRequest(null, Object(Config\Cache), false)
 9 FCPATH\index.php(79): CodeIgniter\CodeIgniter->run()
10 SYSTEMPATH\Commands\Server\rewrite.php(47): require_once('C:\\laragon\\www\\BFP_WEBSITE\\public\\index.php')
CRITICAL - 2024-02-09 19:32:57 --> ErrorException: Undefined variable $carousel_images
in APPPATH\Views\WEBSITE\home.php on line 72.
 1 APPPATH\Views\WEBSITE\home.php(72): CodeIgniter\Debug\Exceptions->errorHandler(2, 'Undefined variable $carousel_images', 'C:\\laragon\\www\\BFP_WEBSITE\\app\\Views\\WEBSITE\\home.php', 72)
 2 SYSTEMPATH\View\View.php(228): include('C:\\laragon\\www\\BFP_WEBSITE\\app\\Views\\WEBSITE\\home.php')
 3 SYSTEMPATH\View\View.php(231): CodeIgniter\View\View->CodeIgniter\View\{closure}()
 4 SYSTEMPATH\Common.php(1178): CodeIgniter\View\View->render('WEBSITE/home', [], true)
 5 APPPATH\Controllers\CarouselController.php(43): view('WEBSITE/home')
 6 SYSTEMPATH\CodeIgniter.php(941): App\Controllers\CarouselController->addImages()
 7 SYSTEMPATH\CodeIgniter.php(502): CodeIgniter\CodeIgniter->runController(Object(App\Controllers\CarouselController))
 8 SYSTEMPATH\CodeIgniter.php(361): CodeIgniter\CodeIgniter->handleRequest(null, Object(Config\Cache), false)
 9 FCPATH\index.php(79): CodeIgniter\CodeIgniter->run()
10 SYSTEMPATH\Commands\Server\rewrite.php(47): require_once('C:\\laragon\\www\\BFP_WEBSITE\\public\\index.php')
CRITICAL - 2024-02-09 19:33:59 --> ErrorException: Undefined variable $carousel_images
in APPPATH\Views\WEBSITE\home.php on line 72.
 1 APPPATH\Views\WEBSITE\home.php(72): CodeIgniter\Debug\Exceptions->errorHandler(2, 'Undefined variable $carousel_images', 'C:\\laragon\\www\\BFP_WEBSITE\\app\\Views\\WEBSITE\\home.php', 72)
 2 SYSTEMPATH\View\View.php(228): include('C:\\laragon\\www\\BFP_WEBSITE\\app\\Views\\WEBSITE\\home.php')
 3 SYSTEMPATH\View\View.php(231): CodeIgniter\View\View->CodeIgniter\View\{closure}()
 4 SYSTEMPATH\Common.php(1178): CodeIgniter\View\View->render('WEBSITE/home', [], true)
 5 APPPATH\Controllers\CarouselController.php(43): view('WEBSITE/home')
 6 SYSTEMPATH\CodeIgniter.php(941): App\Controllers\CarouselController->addImages()
 7 SYSTEMPATH\CodeIgniter.php(502): CodeIgniter\CodeIgniter->runController(Object(App\Controllers\CarouselController))
 8 SYSTEMPATH\CodeIgniter.php(361): CodeIgniter\CodeIgniter->handleRequest(null, Object(Config\Cache), false)
 9 FCPATH\index.php(79): CodeIgniter\CodeIgniter->run()
10 SYSTEMPATH\Commands\Server\rewrite.php(47): require_once('C:\\laragon\\www\\BFP_WEBSITE\\public\\index.php')
CRITICAL - 2024-02-09 19:34:14 --> ErrorException: Undefined variable $carousel_images
in APPPATH\Views\WEBSITE\home.php on line 72.
 1 APPPATH\Views\WEBSITE\home.php(72): CodeIgniter\Debug\Exceptions->errorHandler(2, 'Undefined variable $carousel_images', 'C:\\laragon\\www\\BFP_WEBSITE\\app\\Views\\WEBSITE\\home.php', 72)
 2 SYSTEMPATH\View\View.php(228): include('C:\\laragon\\www\\BFP_WEBSITE\\app\\Views\\WEBSITE\\home.php')
 3 SYSTEMPATH\View\View.php(231): CodeIgniter\View\View->CodeIgniter\View\{closure}()
 4 SYSTEMPATH\Common.php(1178): CodeIgniter\View\View->render('WEBSITE/home', [], true)
 5 APPPATH\Controllers\CarouselController.php(43): view('WEBSITE/home')
 6 SYSTEMPATH\CodeIgniter.php(941): App\Controllers\CarouselController->addImages()
 7 SYSTEMPATH\CodeIgniter.php(502): CodeIgniter\CodeIgniter->runController(Object(App\Controllers\CarouselController))
 8 SYSTEMPATH\CodeIgniter.php(361): CodeIgniter\CodeIgniter->handleRequest(null, Object(Config\Cache), false)
 9 FCPATH\index.php(79): CodeIgniter\CodeIgniter->run()
10 SYSTEMPATH\Commands\Server\rewrite.php(47): require_once('C:\\laragon\\www\\BFP_WEBSITE\\public\\index.php')
CRITICAL - 2024-02-09 19:34:33 --> ErrorException: Undefined variable $data
in APPPATH\Views\WEBSITE\home.php on line 72.
 1 APPPATH\Views\WEBSITE\home.php(72): CodeIgniter\Debug\Exceptions->errorHandler(2, 'Undefined variable $data', 'C:\\laragon\\www\\BFP_WEBSITE\\app\\Views\\WEBSITE\\home.php', 72)
 2 SYSTEMPATH\View\View.php(228): include('C:\\laragon\\www\\BFP_WEBSITE\\app\\Views\\WEBSITE\\home.php')
 3 SYSTEMPATH\View\View.php(231): CodeIgniter\View\View->CodeIgniter\View\{closure}()
 4 SYSTEMPATH\Common.php(1178): CodeIgniter\View\View->render('WEBSITE/home', [], true)
 5 APPPATH\Controllers\CarouselController.php(43): view('WEBSITE/home')
 6 SYSTEMPATH\CodeIgniter.php(941): App\Controllers\CarouselController->addImages()
 7 SYSTEMPATH\CodeIgniter.php(502): CodeIgniter\CodeIgniter->runController(Object(App\Controllers\CarouselController))
 8 SYSTEMPATH\CodeIgniter.php(361): CodeIgniter\CodeIgniter->handleRequest(null, Object(Config\Cache), false)
 9 FCPATH\index.php(79): CodeIgniter\CodeIgniter->run()
10 SYSTEMPATH\Commands\Server\rewrite.php(47): require_once('C:\\laragon\\www\\BFP_WEBSITE\\public\\index.php')
CRITICAL - 2024-02-09 19:34:45 --> ErrorException: Undefined variable $image_path
in APPPATH\Views\WEBSITE\home.php on line 72.
 1 APPPATH\Views\WEBSITE\home.php(72): CodeIgniter\Debug\Exceptions->errorHandler(2, 'Undefined variable $image_path', 'C:\\laragon\\www\\BFP_WEBSITE\\app\\Views\\WEBSITE\\home.php', 72)
 2 SYSTEMPATH\View\View.php(228): include('C:\\laragon\\www\\BFP_WEBSITE\\app\\Views\\WEBSITE\\home.php')
 3 SYSTEMPATH\View\View.php(231): CodeIgniter\View\View->CodeIgniter\View\{closure}()
 4 SYSTEMPATH\Common.php(1178): CodeIgniter\View\View->render('WEBSITE/home', [], true)
 5 APPPATH\Controllers\CarouselController.php(43): view('WEBSITE/home')
 6 SYSTEMPATH\CodeIgniter.php(941): App\Controllers\CarouselController->addImages()
 7 SYSTEMPATH\CodeIgniter.php(502): CodeIgniter\CodeIgniter->runController(Object(App\Controllers\CarouselController))
 8 SYSTEMPATH\CodeIgniter.php(361): CodeIgniter\CodeIgniter->handleRequest(null, Object(Config\Cache), false)
 9 FCPATH\index.php(79): CodeIgniter\CodeIgniter->run()
10 SYSTEMPATH\Commands\Server\rewrite.php(47): require_once('C:\\laragon\\www\\BFP_WEBSITE\\public\\index.php')
CRITICAL - 2024-02-09 19:38:32 --> ErrorException: Undefined variable $carousel_images
in APPPATH\Views\WEBSITE\home.php on line 62.
 1 APPPATH\Views\WEBSITE\home.php(62): CodeIgniter\Debug\Exceptions->errorHandler(2, 'Undefined variable $carousel_images', 'C:\\laragon\\www\\BFP_WEBSITE\\app\\Views\\WEBSITE\\home.php', 62)
 2 SYSTEMPATH\View\View.php(228): include('C:\\laragon\\www\\BFP_WEBSITE\\app\\Views\\WEBSITE\\home.php')
 3 SYSTEMPATH\View\View.php(231): CodeIgniter\View\View->CodeIgniter\View\{closure}()
 4 SYSTEMPATH\Common.php(1178): CodeIgniter\View\View->render('WEBSITE/home', [], true)
 5 APPPATH\Controllers\CarouselController.php(43): view('WEBSITE/home')
 6 SYSTEMPATH\CodeIgniter.php(941): App\Controllers\CarouselController->addImages()
 7 SYSTEMPATH\CodeIgniter.php(502): CodeIgniter\CodeIgniter->runController(Object(App\Controllers\CarouselController))
 8 SYSTEMPATH\CodeIgniter.php(361): CodeIgniter\CodeIgniter->handleRequest(null, Object(Config\Cache), false)
 9 FCPATH\index.php(79): CodeIgniter\CodeIgniter->run()
10 SYSTEMPATH\Commands\Server\rewrite.php(47): require_once('C:\\laragon\\www\\BFP_WEBSITE\\public\\index.php')
CRITICAL - 2024-02-09 19:42:34 --> ErrorException: Undefined variable $images
in APPPATH\Views\WEBSITE\home.php on line 62.
 1 APPPATH\Views\WEBSITE\home.php(62): CodeIgniter\Debug\Exceptions->errorHandler(2, 'Undefined variable $images', 'C:\\laragon\\www\\BFP_WEBSITE\\app\\Views\\WEBSITE\\home.php', 62)
 2 SYSTEMPATH\View\View.php(228): include('C:\\laragon\\www\\BFP_WEBSITE\\app\\Views\\WEBSITE\\home.php')
 3 SYSTEMPATH\View\View.php(231): CodeIgniter\View\View->CodeIgniter\View\{closure}()
 4 SYSTEMPATH\Common.php(1178): CodeIgniter\View\View->render('WEBSITE/home', [], true)
 5 APPPATH\Controllers\CarouselController.php(45): view('WEBSITE/home')
 6 SYSTEMPATH\CodeIgniter.php(941): App\Controllers\CarouselController->addImages()
 7 SYSTEMPATH\CodeIgniter.php(502): CodeIgniter\CodeIgniter->runController(Object(App\Controllers\CarouselController))
 8 SYSTEMPATH\CodeIgniter.php(361): CodeIgniter\CodeIgniter->handleRequest(null, Object(Config\Cache), false)
 9 FCPATH\index.php(79): CodeIgniter\CodeIgniter->run()
10 SYSTEMPATH\Commands\Server\rewrite.php(47): require_once('C:\\laragon\\www\\BFP_WEBSITE\\public\\index.php')
CRITICAL - 2024-02-09 19:43:06 --> ErrorException: Undefined variable $images
in APPPATH\Views\WEBSITE\home.php on line 62.
 1 APPPATH\Views\WEBSITE\home.php(62): CodeIgniter\Debug\Exceptions->errorHandler(2, 'Undefined variable $images', 'C:\\laragon\\www\\BFP_WEBSITE\\app\\Views\\WEBSITE\\home.php', 62)
 2 SYSTEMPATH\View\View.php(228): include('C:\\laragon\\www\\BFP_WEBSITE\\app\\Views\\WEBSITE\\home.php')
 3 SYSTEMPATH\View\View.php(231): CodeIgniter\View\View->CodeIgniter\View\{closure}()
 4 SYSTEMPATH\Common.php(1178): CodeIgniter\View\View->render('WEBSITE/home', [], true)
 5 APPPATH\Controllers\CarouselController.php(45): view('WEBSITE/home')
 6 SYSTEMPATH\CodeIgniter.php(941): App\Controllers\CarouselController->addImages()
 7 SYSTEMPATH\CodeIgniter.php(502): CodeIgniter\CodeIgniter->runController(Object(App\Controllers\CarouselController))
 8 SYSTEMPATH\CodeIgniter.php(361): CodeIgniter\CodeIgniter->handleRequest(null, Object(Config\Cache), false)
 9 FCPATH\index.php(79): CodeIgniter\CodeIgniter->run()
10 SYSTEMPATH\Commands\Server\rewrite.php(47): require_once('C:\\laragon\\www\\BFP_WEBSITE\\public\\index.php')
CRITICAL - 2024-02-09 19:43:23 --> ErrorException: Undefined variable $image_path
in APPPATH\Views\WEBSITE\home.php on line 62.
 1 APPPATH\Views\WEBSITE\home.php(62): CodeIgniter\Debug\Exceptions->errorHandler(2, 'Undefined variable $image_path', 'C:\\laragon\\www\\BFP_WEBSITE\\app\\Views\\WEBSITE\\home.php', 62)
 2 SYSTEMPATH\View\View.php(228): include('C:\\laragon\\www\\BFP_WEBSITE\\app\\Views\\WEBSITE\\home.php')
 3 SYSTEMPATH\View\View.php(231): CodeIgniter\View\View->CodeIgniter\View\{closure}()
 4 SYSTEMPATH\Common.php(1178): CodeIgniter\View\View->render('WEBSITE/home', [], true)
 5 APPPATH\Controllers\CarouselController.php(45): view('WEBSITE/home')
 6 SYSTEMPATH\CodeIgniter.php(941): App\Controllers\CarouselController->addImages()
 7 SYSTEMPATH\CodeIgniter.php(502): CodeIgniter\CodeIgniter->runController(Object(App\Controllers\CarouselController))
 8 SYSTEMPATH\CodeIgniter.php(361): CodeIgniter\CodeIgniter->handleRequest(null, Object(Config\Cache), false)
 9 FCPATH\index.php(79): CodeIgniter\CodeIgniter->run()
10 SYSTEMPATH\Commands\Server\rewrite.php(47): require_once('C:\\laragon\\www\\BFP_WEBSITE\\public\\index.php')
CRITICAL - 2024-02-09 19:46:45 --> ErrorException: Undefined variable $image
in APPPATH\Views\WEBSITE\home.php on line 62.
 1 APPPATH\Views\WEBSITE\home.php(62): CodeIgniter\Debug\Exceptions->errorHandler(2, 'Undefined variable $image', 'C:\\laragon\\www\\BFP_WEBSITE\\app\\Views\\WEBSITE\\home.php', 62)
 2 SYSTEMPATH\View\View.php(228): include('C:\\laragon\\www\\BFP_WEBSITE\\app\\Views\\WEBSITE\\home.php')
 3 SYSTEMPATH\View\View.php(231): CodeIgniter\View\View->CodeIgniter\View\{closure}()
 4 SYSTEMPATH\Common.php(1178): CodeIgniter\View\View->render('WEBSITE/home', [], true)
 5 APPPATH\Controllers\CarouselController.php(46): view('WEBSITE/home')
 6 SYSTEMPATH\CodeIgniter.php(941): App\Controllers\CarouselController->addImages()
 7 SYSTEMPATH\CodeIgniter.php(502): CodeIgniter\CodeIgniter->runController(Object(App\Controllers\CarouselController))
 8 SYSTEMPATH\CodeIgniter.php(361): CodeIgniter\CodeIgniter->handleRequest(null, Object(Config\Cache), false)
 9 FCPATH\index.php(79): CodeIgniter\CodeIgniter->run()
10 SYSTEMPATH\Commands\Server\rewrite.php(47): require_once('C:\\laragon\\www\\BFP_WEBSITE\\public\\index.php')
CRITICAL - 2024-02-09 19:50:18 --> ErrorException: Undefined variable $image
in APPPATH\Views\WEBSITE\home.php on line 62.
 1 APPPATH\Views\WEBSITE\home.php(62): CodeIgniter\Debug\Exceptions->errorHandler(2, 'Undefined variable $image', 'C:\\laragon\\www\\BFP_WEBSITE\\app\\Views\\WEBSITE\\home.php', 62)
 2 SYSTEMPATH\View\View.php(228): include('C:\\laragon\\www\\BFP_WEBSITE\\app\\Views\\WEBSITE\\home.php')
 3 SYSTEMPATH\View\View.php(231): CodeIgniter\View\View->CodeIgniter\View\{closure}()
 4 SYSTEMPATH\Common.php(1178): CodeIgniter\View\View->render('WEBSITE/home', [], true)
 5 APPPATH\Controllers\CarouselController.php(46): view('WEBSITE/home')
 6 SYSTEMPATH\CodeIgniter.php(941): App\Controllers\CarouselController->addImages()
 7 SYSTEMPATH\CodeIgniter.php(502): CodeIgniter\CodeIgniter->runController(Object(App\Controllers\CarouselController))
 8 SYSTEMPATH\CodeIgniter.php(361): CodeIgniter\CodeIgniter->handleRequest(null, Object(Config\Cache), false)
 9 FCPATH\index.php(79): CodeIgniter\CodeIgniter->run()
10 SYSTEMPATH\Commands\Server\rewrite.php(47): require_once('C:\\laragon\\www\\BFP_WEBSITE\\public\\index.php')
CRITICAL - 2024-02-09 19:50:20 --> ErrorException: Undefined variable $image
in APPPATH\Views\WEBSITE\home.php on line 62.
 1 APPPATH\Views\WEBSITE\home.php(62): CodeIgniter\Debug\Exceptions->errorHandler(2, 'Undefined variable $image', 'C:\\laragon\\www\\BFP_WEBSITE\\app\\Views\\WEBSITE\\home.php', 62)
 2 SYSTEMPATH\View\View.php(228): include('C:\\laragon\\www\\BFP_WEBSITE\\app\\Views\\WEBSITE\\home.php')
 3 SYSTEMPATH\View\View.php(231): CodeIgniter\View\View->CodeIgniter\View\{closure}()
 4 SYSTEMPATH\Common.php(1178): CodeIgniter\View\View->render('WEBSITE/home', [], true)
 5 APPPATH\Controllers\CarouselController.php(46): view('WEBSITE/home')
 6 SYSTEMPATH\CodeIgniter.php(941): App\Controllers\CarouselController->addImages()
 7 SYSTEMPATH\CodeIgniter.php(502): CodeIgniter\CodeIgniter->runController(Object(App\Controllers\CarouselController))
 8 SYSTEMPATH\CodeIgniter.php(361): CodeIgniter\CodeIgniter->handleRequest(null, Object(Config\Cache), false)
 9 FCPATH\index.php(79): CodeIgniter\CodeIgniter->run()
10 SYSTEMPATH\Commands\Server\rewrite.php(47): require_once('C:\\laragon\\www\\BFP_WEBSITE\\public\\index.php')
CRITICAL - 2024-02-09 19:50:35 --> ErrorException: Undefined variable $image
in APPPATH\Views\WEBSITE\home.php on line 62.
 1 APPPATH\Views\WEBSITE\home.php(62): CodeIgniter\Debug\Exceptions->errorHandler(2, 'Undefined variable $image', 'C:\\laragon\\www\\BFP_WEBSITE\\app\\Views\\WEBSITE\\home.php', 62)
 2 SYSTEMPATH\View\View.php(228): include('C:\\laragon\\www\\BFP_WEBSITE\\app\\Views\\WEBSITE\\home.php')
 3 SYSTEMPATH\View\View.php(231): CodeIgniter\View\View->CodeIgniter\View\{closure}()
 4 SYSTEMPATH\Common.php(1178): CodeIgniter\View\View->render('WEBSITE/home', [], true)
 5 APPPATH\Controllers\CarouselController.php(46): view('WEBSITE/home')
 6 SYSTEMPATH\CodeIgniter.php(941): App\Controllers\CarouselController->addImages()
 7 SYSTEMPATH\CodeIgniter.php(502): CodeIgniter\CodeIgniter->runController(Object(App\Controllers\CarouselController))
 8 SYSTEMPATH\CodeIgniter.php(361): CodeIgniter\CodeIgniter->handleRequest(null, Object(Config\Cache), false)
 9 FCPATH\index.php(79): CodeIgniter\CodeIgniter->run()
10 SYSTEMPATH\Commands\Server\rewrite.php(47): require_once('C:\\laragon\\www\\BFP_WEBSITE\\public\\index.php')
CRITICAL - 2024-02-09 19:51:01 --> ErrorException: Undefined variable $image
in APPPATH\Views\WEBSITE\home.php on line 62.
 1 APPPATH\Views\WEBSITE\home.php(62): CodeIgniter\Debug\Exceptions->errorHandler(2, 'Undefined variable $image', 'C:\\laragon\\www\\BFP_WEBSITE\\app\\Views\\WEBSITE\\home.php', 62)
 2 SYSTEMPATH\View\View.php(228): include('C:\\laragon\\www\\BFP_WEBSITE\\app\\Views\\WEBSITE\\home.php')
 3 SYSTEMPATH\View\View.php(231): CodeIgniter\View\View->CodeIgniter\View\{closure}()
 4 SYSTEMPATH\Common.php(1178): CodeIgniter\View\View->render('WEBSITE/home', [], true)
 5 APPPATH\Controllers\CarouselController.php(46): view('WEBSITE/home')
 6 SYSTEMPATH\CodeIgniter.php(941): App\Controllers\CarouselController->addImages()
 7 SYSTEMPATH\CodeIgniter.php(502): CodeIgniter\CodeIgniter->runController(Object(App\Controllers\CarouselController))
 8 SYSTEMPATH\CodeIgniter.php(361): CodeIgniter\CodeIgniter->handleRequest(null, Object(Config\Cache), false)
 9 FCPATH\index.php(79): CodeIgniter\CodeIgniter->run()
10 SYSTEMPATH\Commands\Server\rewrite.php(47): require_once('C:\\laragon\\www\\BFP_WEBSITE\\public\\index.php')
CRITICAL - 2024-02-09 19:52:06 --> ErrorException: Undefined variable $image_path
in APPPATH\Views\WEBSITE\home.php on line 72.
 1 APPPATH\Views\WEBSITE\home.php(72): CodeIgniter\Debug\Exceptions->errorHandler(2, 'Undefined variable $image_path', 'C:\\laragon\\www\\BFP_WEBSITE\\app\\Views\\WEBSITE\\home.php', 72)
 2 SYSTEMPATH\View\View.php(228): include('C:\\laragon\\www\\BFP_WEBSITE\\app\\Views\\WEBSITE\\home.php')
 3 SYSTEMPATH\View\View.php(231): CodeIgniter\View\View->CodeIgniter\View\{closure}()
 4 SYSTEMPATH\Common.php(1178): CodeIgniter\View\View->render('WEBSITE/home', [], true)
 5 APPPATH\Controllers\CarouselController.php(46): view('WEBSITE/home')
 6 SYSTEMPATH\CodeIgniter.php(941): App\Controllers\CarouselController->addImages()
 7 SYSTEMPATH\CodeIgniter.php(502): CodeIgniter\CodeIgniter->runController(Object(App\Controllers\CarouselController))
 8 SYSTEMPATH\CodeIgniter.php(361): CodeIgniter\CodeIgniter->handleRequest(null, Object(Config\Cache), false)
 9 FCPATH\index.php(79): CodeIgniter\CodeIgniter->run()
10 SYSTEMPATH\Commands\Server\rewrite.php(47): require_once('C:\\laragon\\www\\BFP_WEBSITE\\public\\index.php')
CRITICAL - 2024-02-09 19:52:32 --> TypeError: Cannot access offset of type string on string
in APPPATH\Views\WEBSITE\home.php on line 74.
 1 SYSTEMPATH\View\View.php(228): include()
 2 SYSTEMPATH\View\View.php(231): CodeIgniter\View\View->CodeIgniter\View\{closure}()
 3 SYSTEMPATH\Common.php(1178): CodeIgniter\View\View->render('WEBSITE/home', [], true)
 4 APPPATH\Controllers\CarouselController.php(46): view('WEBSITE/home')
 5 SYSTEMPATH\CodeIgniter.php(941): App\Controllers\CarouselController->addImages()
 6 SYSTEMPATH\CodeIgniter.php(502): CodeIgniter\CodeIgniter->runController(Object(App\Controllers\CarouselController))
 7 SYSTEMPATH\CodeIgniter.php(361): CodeIgniter\CodeIgniter->handleRequest(null, Object(Config\Cache), false)
 8 FCPATH\index.php(79): CodeIgniter\CodeIgniter->run()
 9 SYSTEMPATH\Commands\Server\rewrite.php(47): require_once('C:\\laragon\\www\\BFP_WEBSITE\\public\\index.php')
CRITICAL - 2024-02-09 19:53:20 --> Error: Class "CarouselModel" not found
in APPPATH\Views\WEBSITE\home.php on line 62.
 1 SYSTEMPATH\View\View.php(228): include()
 2 SYSTEMPATH\View\View.php(231): CodeIgniter\View\View->CodeIgniter\View\{closure}()
 3 SYSTEMPATH\Common.php(1178): CodeIgniter\View\View->render('WEBSITE/home', [], true)
 4 APPPATH\Controllers\CarouselController.php(46): view('WEBSITE/home')
 5 SYSTEMPATH\CodeIgniter.php(941): App\Controllers\CarouselController->addImages()
 6 SYSTEMPATH\CodeIgniter.php(502): CodeIgniter\CodeIgniter->runController(Object(App\Controllers\CarouselController))
 7 SYSTEMPATH\CodeIgniter.php(361): CodeIgniter\CodeIgniter->handleRequest(null, Object(Config\Cache), false)
 8 FCPATH\index.php(79): CodeIgniter\CodeIgniter->run()
 9 SYSTEMPATH\Commands\Server\rewrite.php(47): require_once('C:\\laragon\\www\\BFP_WEBSITE\\public\\index.php')
CRITICAL - 2024-02-09 19:53:58 --> ErrorException: Undefined variable $imageSources
in APPPATH\Views\WEBSITE\home.php on line 73.
 1 APPPATH\Views\WEBSITE\home.php(73): CodeIgniter\Debug\Exceptions->errorHandler(2, 'Undefined variable $imageSources', 'C:\\laragon\\www\\BFP_WEBSITE\\app\\Views\\WEBSITE\\home.php', 73)
 2 SYSTEMPATH\View\View.php(228): include('C:\\laragon\\www\\BFP_WEBSITE\\app\\Views\\WEBSITE\\home.php')
 3 SYSTEMPATH\View\View.php(231): CodeIgniter\View\View->CodeIgniter\View\{closure}()
 4 SYSTEMPATH\Common.php(1178): CodeIgniter\View\View->render('WEBSITE/home', [], true)
 5 APPPATH\Controllers\CarouselController.php(46): view('WEBSITE/home')
 6 SYSTEMPATH\CodeIgniter.php(941): App\Controllers\CarouselController->addImages()
 7 SYSTEMPATH\CodeIgniter.php(502): CodeIgniter\CodeIgniter->runController(Object(App\Controllers\CarouselController))
 8 SYSTEMPATH\CodeIgniter.php(361): CodeIgniter\CodeIgniter->handleRequest(null, Object(Config\Cache), false)
 9 FCPATH\index.php(79): CodeIgniter\CodeIgniter->run()
10 SYSTEMPATH\Commands\Server\rewrite.php(47): require_once('C:\\laragon\\www\\BFP_WEBSITE\\public\\index.php')
