CRITICAL - 2024-02-07 19:27:28 --> ErrorException: Undefined variable $currentPage
in APPPATH\Views\ACOMPONENTS\NEWS\newsmaincontent.php on line 57.
 1 APPPATH\Views\ACOMPONENTS\NEWS\newsmaincontent.php(57): CodeIgniter\Debug\Exceptions->errorHandler(2, 'Undefined variable $currentPage', 'C:\\laragon\\www\\BFP_WEBSITE\\app\\Views\\ACOMPONENTS\\NEWS\\newsmaincontent.php', 57)
 2 SYSTEMPATH\View\View.php(228): include('C:\\laragon\\www\\BFP_WEBSITE\\app\\Views\\ACOMPONENTS\\NEWS\\newsmaincontent.php')
 3 SYSTEMPATH\View\View.php(231): CodeIgniter\View\View->CodeIgniter\View\{closure}()
 4 SYSTEMPATH\Common.php(1178): CodeIgniter\View\View->render('ACOMPONENTS/NEWS/newsmaincontent', [], true)
 5 APPPATH\Controllers\NewsController.php(53): view('ACOMPONENTS/NEWS/newsmaincontent', [...])
 6 SYSTEMPATH\CodeIgniter.php(941): App\Controllers\NewsController->newscreate()
 7 SYSTEMPATH\CodeIgniter.php(502): CodeIgniter\CodeIgniter->runController(Object(App\Controllers\NewsController))
 8 SYSTEMPATH\CodeIgniter.php(361): CodeIgniter\CodeIgniter->handleRequest(null, Object(Config\Cache), false)
 9 FCPATH\index.php(79): CodeIgniter\CodeIgniter->run()
10 SYSTEMPATH\Commands\Server\rewrite.php(47): require_once('C:\\laragon\\www\\BFP_WEBSITE\\public\\index.php')
CRITICAL - 2024-02-07 19:29:42 --> ErrorException: Undefined variable $totalPages
in APPPATH\Views\ACOMPONENTS\NEWS\newsmaincontent.php on line 70.
 1 APPPATH\Views\ACOMPONENTS\NEWS\newsmaincontent.php(70): CodeIgniter\Debug\Exceptions->errorHandler(2, 'Undefined variable $totalPages', 'C:\\laragon\\www\\BFP_WEBSITE\\app\\Views\\ACOMPONENTS\\NEWS\\newsmaincontent.php', 70)
 2 SYSTEMPATH\View\View.php(228): include('C:\\laragon\\www\\BFP_WEBSITE\\app\\Views\\ACOMPONENTS\\NEWS\\newsmaincontent.php')
 3 SYSTEMPATH\View\View.php(231): CodeIgniter\View\View->CodeIgniter\View\{closure}()
 4 SYSTEMPATH\Common.php(1178): CodeIgniter\View\View->render('ACOMPONENTS/NEWS/newsmaincontent', [], true)
 5 APPPATH\Controllers\NewsController.php(53): view('ACOMPONENTS/NEWS/newsmaincontent', [...])
 6 SYSTEMPATH\CodeIgniter.php(941): App\Controllers\NewsController->newscreate()
 7 SYSTEMPATH\CodeIgniter.php(502): CodeIgniter\CodeIgniter->runController(Object(App\Controllers\NewsController))
 8 SYSTEMPATH\CodeIgniter.php(361): CodeIgniter\CodeIgniter->handleRequest(null, Object(Config\Cache), false)
 9 FCPATH\index.php(79): CodeIgniter\CodeIgniter->run()
10 SYSTEMPATH\Commands\Server\rewrite.php(47): require_once('C:\\laragon\\www\\BFP_WEBSITE\\public\\index.php')
CRITICAL - 2024-02-07 19:31:39 --> DivisionByZeroError: Division by zero
in APPPATH\Views\ACOMPONENTS\NEWS\newsmaincontent.php on line 58.
 1 SYSTEMPATH\View\View.php(228): include()
 2 SYSTEMPATH\View\View.php(231): CodeIgniter\View\View->CodeIgniter\View\{closure}()
 3 SYSTEMPATH\Common.php(1178): CodeIgniter\View\View->render('ACOMPONENTS/NEWS/newsmaincontent', [], true)
 4 APPPATH\Controllers\NewsController.php(53): view('ACOMPONENTS/NEWS/newsmaincontent', [...])
 5 SYSTEMPATH\CodeIgniter.php(941): App\Controllers\NewsController->newscreate()
 6 SYSTEMPATH\CodeIgniter.php(502): CodeIgniter\CodeIgniter->runController(Object(App\Controllers\NewsController))
 7 SYSTEMPATH\CodeIgniter.php(361): CodeIgniter\CodeIgniter->handleRequest(null, Object(Config\Cache), false)
 8 FCPATH\index.php(79): CodeIgniter\CodeIgniter->run()
 9 SYSTEMPATH\Commands\Server\rewrite.php(47): require_once('C:\\laragon\\www\\BFP_WEBSITE\\public\\index.php')
CRITICAL - 2024-02-07 19:31:39 --> [Caused by] ErrorException: Undefined variable $itemsPerPage
in APPPATH\Views\ACOMPONENTS\NEWS\newsmaincontent.php on line 58.
 1 APPPATH\Views\ACOMPONENTS\NEWS\newsmaincontent.php(58): CodeIgniter\Debug\Exceptions->errorHandler(2, 'Undefined variable $itemsPerPage', 'C:\\laragon\\www\\BFP_WEBSITE\\app\\Views\\ACOMPONENTS\\NEWS\\newsmaincontent.php', 58)
 2 SYSTEMPATH\View\View.php(228): include('C:\\laragon\\www\\BFP_WEBSITE\\app\\Views\\ACOMPONENTS\\NEWS\\newsmaincontent.php')
 3 SYSTEMPATH\View\View.php(231): CodeIgniter\View\View->CodeIgniter\View\{closure}()
 4 SYSTEMPATH\Common.php(1178): CodeIgniter\View\View->render('ACOMPONENTS/NEWS/newsmaincontent', [], true)
 5 APPPATH\Controllers\NewsController.php(53): view('ACOMPONENTS/NEWS/newsmaincontent', [...])
 6 SYSTEMPATH\CodeIgniter.php(941): App\Controllers\NewsController->newscreate()
 7 SYSTEMPATH\CodeIgniter.php(502): CodeIgniter\CodeIgniter->runController(Object(App\Controllers\NewsController))
 8 SYSTEMPATH\CodeIgniter.php(361): CodeIgniter\CodeIgniter->handleRequest(null, Object(Config\Cache), false)
 9 FCPATH\index.php(79): CodeIgniter\CodeIgniter->run()
10 SYSTEMPATH\Commands\Server\rewrite.php(47): require_once('C:\\laragon\\www\\BFP_WEBSITE\\public\\index.php')
CRITICAL - 2024-02-07 19:35:10 --> ParseError: syntax error, unexpected token "/", expecting end of file
in APPPATH\Views\ACOMPONENTS\NEWS\newsmaincontent.php on line 58.
 1 SYSTEMPATH\View\View.php(231): CodeIgniter\View\View->CodeIgniter\View\{closure}()
 2 SYSTEMPATH\Common.php(1178): CodeIgniter\View\View->render('ACOMPONENTS/NEWS/newsmaincontent', [], true)
 3 APPPATH\Controllers\NewsController.php(53): view('ACOMPONENTS/NEWS/newsmaincontent', [...])
 4 SYSTEMPATH\CodeIgniter.php(941): App\Controllers\NewsController->newscreate()
 5 SYSTEMPATH\CodeIgniter.php(502): CodeIgniter\CodeIgniter->runController(Object(App\Controllers\NewsController))
 6 SYSTEMPATH\CodeIgniter.php(361): CodeIgniter\CodeIgniter->handleRequest(null, Object(Config\Cache), false)
 7 FCPATH\index.php(79): CodeIgniter\CodeIgniter->run()
 8 SYSTEMPATH\Commands\Server\rewrite.php(47): require_once('C:\\laragon\\www\\BFP_WEBSITE\\public\\index.php')
CRITICAL - 2024-02-07 19:35:17 --> ParseError: syntax error, unexpected token "<", expecting end of file
in APPPATH\Views\ACOMPONENTS\NEWS\newsmaincontent.php on line 59.
 1 SYSTEMPATH\View\View.php(231): CodeIgniter\View\View->CodeIgniter\View\{closure}()
 2 SYSTEMPATH\Common.php(1178): CodeIgniter\View\View->render('ACOMPONENTS/NEWS/newsmaincontent', [], true)
 3 APPPATH\Controllers\NewsController.php(53): view('ACOMPONENTS/NEWS/newsmaincontent', [...])
 4 SYSTEMPATH\CodeIgniter.php(941): App\Controllers\NewsController->newscreate()
 5 SYSTEMPATH\CodeIgniter.php(502): CodeIgniter\CodeIgniter->runController(Object(App\Controllers\NewsController))
 6 SYSTEMPATH\CodeIgniter.php(361): CodeIgniter\CodeIgniter->handleRequest(null, Object(Config\Cache), false)
 7 FCPATH\index.php(79): CodeIgniter\CodeIgniter->run()
 8 SYSTEMPATH\Commands\Server\rewrite.php(47): require_once('C:\\laragon\\www\\BFP_WEBSITE\\public\\index.php')
CRITICAL - 2024-02-07 19:44:47 --> ErrorException: Undefined variable $currentPage
in APPPATH\Views\ACOMPONENTS\NEWS\newsmaincontent.php on line 70.
 1 APPPATH\Views\ACOMPONENTS\NEWS\newsmaincontent.php(70): CodeIgniter\Debug\Exceptions->errorHandler(2, 'Undefined variable $currentPage', 'C:\\laragon\\www\\BFP_WEBSITE\\app\\Views\\ACOMPONENTS\\NEWS\\newsmaincontent.php', 70)
 2 SYSTEMPATH\View\View.php(228): include('C:\\laragon\\www\\BFP_WEBSITE\\app\\Views\\ACOMPONENTS\\NEWS\\newsmaincontent.php')
 3 SYSTEMPATH\View\View.php(231): CodeIgniter\View\View->CodeIgniter\View\{closure}()
 4 SYSTEMPATH\Common.php(1178): CodeIgniter\View\View->render('ACOMPONENTS/NEWS/newsmaincontent', [], true)
 5 APPPATH\Controllers\NewsController.php(53): view('ACOMPONENTS/NEWS/newsmaincontent', [...])
 6 SYSTEMPATH\CodeIgniter.php(941): App\Controllers\NewsController->newscreate()
 7 SYSTEMPATH\CodeIgniter.php(502): CodeIgniter\CodeIgniter->runController(Object(App\Controllers\NewsController))
 8 SYSTEMPATH\CodeIgniter.php(361): CodeIgniter\CodeIgniter->handleRequest(null, Object(Config\Cache), false)
 9 FCPATH\index.php(79): CodeIgniter\CodeIgniter->run()
10 SYSTEMPATH\Commands\Server\rewrite.php(47): require_once('C:\\laragon\\www\\BFP_WEBSITE\\public\\index.php')
CRITICAL - 2024-02-07 19:46:24 --> ErrorException: Undefined variable $totalPages
in APPPATH\Views\ACOMPONENTS\NEWS\newsmaincontent.php on line 85.
 1 APPPATH\Views\ACOMPONENTS\NEWS\newsmaincontent.php(85): CodeIgniter\Debug\Exceptions->errorHandler(2, 'Undefined variable $totalPages', 'C:\\laragon\\www\\BFP_WEBSITE\\app\\Views\\ACOMPONENTS\\NEWS\\newsmaincontent.php', 85)
 2 SYSTEMPATH\View\View.php(228): include('C:\\laragon\\www\\BFP_WEBSITE\\app\\Views\\ACOMPONENTS\\NEWS\\newsmaincontent.php')
 3 SYSTEMPATH\View\View.php(231): CodeIgniter\View\View->CodeIgniter\View\{closure}()
 4 SYSTEMPATH\Common.php(1178): CodeIgniter\View\View->render('ACOMPONENTS/NEWS/newsmaincontent', [], true)
 5 APPPATH\Controllers\NewsController.php(53): view('ACOMPONENTS/NEWS/newsmaincontent', [...])
 6 SYSTEMPATH\CodeIgniter.php(941): App\Controllers\NewsController->newscreate()
 7 SYSTEMPATH\CodeIgniter.php(502): CodeIgniter\CodeIgniter->runController(Object(App\Controllers\NewsController))
 8 SYSTEMPATH\CodeIgniter.php(361): CodeIgniter\CodeIgniter->handleRequest(null, Object(Config\Cache), false)
 9 FCPATH\index.php(79): CodeIgniter\CodeIgniter->run()
10 SYSTEMPATH\Commands\Server\rewrite.php(47): require_once('C:\\laragon\\www\\BFP_WEBSITE\\public\\index.php')
ERROR - 2024-02-07 20:16:16 --> mysqli_sql_exception: Unknown column 'news.deleted_at' in 'where clause' in C:\laragon\www\BFP_WEBSITE\system\Database\MySQLi\Connection.php:306
Stack trace:
#0 C:\laragon\www\BFP_WEBSITE\system\Database\MySQLi\Connection.php(306): mysqli->query('SELECT *\nFROM `...', 0)
#1 C:\laragon\www\BFP_WEBSITE\system\Database\BaseConnection.php(693): CodeIgniter\Database\MySQLi\Connection->execute('SELECT *\nFROM `...')
#2 C:\laragon\www\BFP_WEBSITE\system\Database\BaseConnection.php(607): CodeIgniter\Database\BaseConnection->simpleQuery('SELECT *\nFROM `...')
#3 C:\laragon\www\BFP_WEBSITE\system\Database\BaseBuilder.php(1613): CodeIgniter\Database\BaseConnection->query('SELECT *\nFROM `...', Array, false)
#4 C:\laragon\www\BFP_WEBSITE\system\Model.php(242): CodeIgniter\Database\BaseBuilder->get()
#5 C:\laragon\www\BFP_WEBSITE\system\BaseModel.php(638): CodeIgniter\Model->doFindAll(0, 0)
#6 C:\laragon\www\BFP_WEBSITE\app\Controllers\NewsController.php(47): CodeIgniter\BaseModel->findAll()
#7 C:\laragon\www\BFP_WEBSITE\system\CodeIgniter.php(941): App\Controllers\NewsController->newscreate()
#8 C:\laragon\www\BFP_WEBSITE\system\CodeIgniter.php(502): CodeIgniter\CodeIgniter->runController(Object(App\Controllers\NewsController))
#9 C:\laragon\www\BFP_WEBSITE\system\CodeIgniter.php(361): CodeIgniter\CodeIgniter->handleRequest(NULL, Object(Config\Cache), false)
#10 C:\laragon\www\BFP_WEBSITE\public\index.php(79): CodeIgniter\CodeIgniter->run()
#11 C:\laragon\www\BFP_WEBSITE\system\Commands\Server\rewrite.php(47): require_once('C:\\laragon\\www\\...')
#12 {main}
CRITICAL - 2024-02-07 20:16:16 --> CodeIgniter\Database\Exceptions\DatabaseException: Unknown column 'news.deleted_at' in 'where clause'
in SYSTEMPATH\Database\BaseConnection.php on line 647.
 1 SYSTEMPATH\Database\BaseBuilder.php(1613): CodeIgniter\Database\BaseConnection->query('SELECT *
FROM `news`
WHERE `news`.`deleted_at` IS NULL', [], false)
 2 SYSTEMPATH\Model.php(242): CodeIgniter\Database\BaseBuilder->get()
 3 SYSTEMPATH\BaseModel.php(638): CodeIgniter\Model->doFindAll(0, 0)
 4 APPPATH\Controllers\NewsController.php(47): CodeIgniter\BaseModel->findAll()
 5 SYSTEMPATH\CodeIgniter.php(941): App\Controllers\NewsController->newscreate()
 6 SYSTEMPATH\CodeIgniter.php(502): CodeIgniter\CodeIgniter->runController(Object(App\Controllers\NewsController))
 7 SYSTEMPATH\CodeIgniter.php(361): CodeIgniter\CodeIgniter->handleRequest(null, Object(Config\Cache), false)
 8 FCPATH\index.php(79): CodeIgniter\CodeIgniter->run()
 9 SYSTEMPATH\Commands\Server\rewrite.php(47): require_once('C:\\laragon\\www\\BFP_WEBSITE\\public\\index.php')
CRITICAL - 2024-02-07 20:16:16 --> [Caused by] CodeIgniter\Database\Exceptions\DatabaseException: Unknown column 'news.deleted_at' in 'where clause'
in SYSTEMPATH\Database\MySQLi\Connection.php on line 311.
 1 SYSTEMPATH\Database\BaseConnection.php(693): CodeIgniter\Database\MySQLi\Connection->execute('SELECT *
FROM `news`
WHERE `news`.`deleted_at` IS NULL')
 2 SYSTEMPATH\Database\BaseConnection.php(607): CodeIgniter\Database\BaseConnection->simpleQuery('SELECT *
FROM `news`
WHERE `news`.`deleted_at` IS NULL')
 3 SYSTEMPATH\Database\BaseBuilder.php(1613): CodeIgniter\Database\BaseConnection->query('SELECT *
FROM `news`
WHERE `news`.`deleted_at` IS NULL', [], false)
 4 SYSTEMPATH\Model.php(242): CodeIgniter\Database\BaseBuilder->get()
 5 SYSTEMPATH\BaseModel.php(638): CodeIgniter\Model->doFindAll(0, 0)
 6 APPPATH\Controllers\NewsController.php(47): CodeIgniter\BaseModel->findAll()
 7 SYSTEMPATH\CodeIgniter.php(941): App\Controllers\NewsController->newscreate()
 8 SYSTEMPATH\CodeIgniter.php(502): CodeIgniter\CodeIgniter->runController(Object(App\Controllers\NewsController))
 9 SYSTEMPATH\CodeIgniter.php(361): CodeIgniter\CodeIgniter->handleRequest(null, Object(Config\Cache), false)
10 FCPATH\index.php(79): CodeIgniter\CodeIgniter->run()
11 SYSTEMPATH\Commands\Server\rewrite.php(47): require_once('C:\\laragon\\www\\BFP_WEBSITE\\public\\index.php')
CRITICAL - 2024-02-07 20:16:16 --> [Caused by] mysqli_sql_exception: Unknown column 'news.deleted_at' in 'where clause'
in SYSTEMPATH\Database\MySQLi\Connection.php on line 306.
 1 SYSTEMPATH\Database\MySQLi\Connection.php(306): mysqli->query('SELECT *
FROM `news`
WHERE `news`.`deleted_at` IS NULL', 0)
 2 SYSTEMPATH\Database\BaseConnection.php(693): CodeIgniter\Database\MySQLi\Connection->execute('SELECT *
FROM `news`
WHERE `news`.`deleted_at` IS NULL')
 3 SYSTEMPATH\Database\BaseConnection.php(607): CodeIgniter\Database\BaseConnection->simpleQuery('SELECT *
FROM `news`
WHERE `news`.`deleted_at` IS NULL')
 4 SYSTEMPATH\Database\BaseBuilder.php(1613): CodeIgniter\Database\BaseConnection->query('SELECT *
FROM `news`
WHERE `news`.`deleted_at` IS NULL', [], false)
 5 SYSTEMPATH\Model.php(242): CodeIgniter\Database\BaseBuilder->get()
 6 SYSTEMPATH\BaseModel.php(638): CodeIgniter\Model->doFindAll(0, 0)
 7 APPPATH\Controllers\NewsController.php(47): CodeIgniter\BaseModel->findAll()
 8 SYSTEMPATH\CodeIgniter.php(941): App\Controllers\NewsController->newscreate()
 9 SYSTEMPATH\CodeIgniter.php(502): CodeIgniter\CodeIgniter->runController(Object(App\Controllers\NewsController))
10 SYSTEMPATH\CodeIgniter.php(361): CodeIgniter\CodeIgniter->handleRequest(null, Object(Config\Cache), false)
11 FCPATH\index.php(79): CodeIgniter\CodeIgniter->run()
12 SYSTEMPATH\Commands\Server\rewrite.php(47): require_once('C:\\laragon\\www\\BFP_WEBSITE\\public\\index.php')
CRITICAL - 2024-02-07 20:17:59 --> ErrorException: Undefined variable $pager
in APPPATH\Views\ACOMPONENTS\NEWS\newsmaincontent.php on line 63.
 1 APPPATH\Views\ACOMPONENTS\NEWS\newsmaincontent.php(63): CodeIgniter\Debug\Exceptions->errorHandler(2, 'Undefined variable $pager', 'C:\\laragon\\www\\BFP_WEBSITE\\app\\Views\\ACOMPONENTS\\NEWS\\newsmaincontent.php', 63)
 2 SYSTEMPATH\View\View.php(228): include('C:\\laragon\\www\\BFP_WEBSITE\\app\\Views\\ACOMPONENTS\\NEWS\\newsmaincontent.php')
 3 SYSTEMPATH\View\View.php(231): CodeIgniter\View\View->CodeIgniter\View\{closure}()
 4 SYSTEMPATH\Common.php(1178): CodeIgniter\View\View->render('ACOMPONENTS/NEWS/newsmaincontent', [], true)
 5 APPPATH\Controllers\NewsController.php(53): view('ACOMPONENTS/NEWS/newsmaincontent', [...])
 6 SYSTEMPATH\CodeIgniter.php(941): App\Controllers\NewsController->newscreate()
 7 SYSTEMPATH\CodeIgniter.php(502): CodeIgniter\CodeIgniter->runController(Object(App\Controllers\NewsController))
 8 SYSTEMPATH\CodeIgniter.php(361): CodeIgniter\CodeIgniter->handleRequest(null, Object(Config\Cache), false)
 9 FCPATH\index.php(79): CodeIgniter\CodeIgniter->run()
10 SYSTEMPATH\Commands\Server\rewrite.php(47): require_once('C:\\laragon\\www\\BFP_WEBSITE\\public\\index.php')
CRITICAL - 2024-02-07 20:18:16 --> ErrorException: Undefined variable $pager
in APPPATH\Views\ACOMPONENTS\NEWS\newsmaincontent.php on line 63.
 1 APPPATH\Views\ACOMPONENTS\NEWS\newsmaincontent.php(63): CodeIgniter\Debug\Exceptions->errorHandler(2, 'Undefined variable $pager', 'C:\\laragon\\www\\BFP_WEBSITE\\app\\Views\\ACOMPONENTS\\NEWS\\newsmaincontent.php', 63)
 2 SYSTEMPATH\View\View.php(228): include('C:\\laragon\\www\\BFP_WEBSITE\\app\\Views\\ACOMPONENTS\\NEWS\\newsmaincontent.php')
 3 SYSTEMPATH\View\View.php(231): CodeIgniter\View\View->CodeIgniter\View\{closure}()
 4 SYSTEMPATH\Common.php(1178): CodeIgniter\View\View->render('ACOMPONENTS/NEWS/newsmaincontent', [], true)
 5 APPPATH\Controllers\NewsController.php(53): view('ACOMPONENTS/NEWS/newsmaincontent', [...])
 6 SYSTEMPATH\CodeIgniter.php(941): App\Controllers\NewsController->newscreate()
 7 SYSTEMPATH\CodeIgniter.php(502): CodeIgniter\CodeIgniter->runController(Object(App\Controllers\NewsController))
 8 SYSTEMPATH\CodeIgniter.php(361): CodeIgniter\CodeIgniter->handleRequest(null, Object(Config\Cache), false)
 9 FCPATH\index.php(79): CodeIgniter\CodeIgniter->run()
10 SYSTEMPATH\Commands\Server\rewrite.php(47): require_once('C:\\laragon\\www\\BFP_WEBSITE\\public\\index.php')
CRITICAL - 2024-02-07 20:18:32 --> ErrorException: Undefined variable $pager
in APPPATH\Views\ACOMPONENTS\NEWS\newsmaincontent.php on line 63.
 1 APPPATH\Views\ACOMPONENTS\NEWS\newsmaincontent.php(63): CodeIgniter\Debug\Exceptions->errorHandler(2, 'Undefined variable $pager', 'C:\\laragon\\www\\BFP_WEBSITE\\app\\Views\\ACOMPONENTS\\NEWS\\newsmaincontent.php', 63)
 2 SYSTEMPATH\View\View.php(228): include('C:\\laragon\\www\\BFP_WEBSITE\\app\\Views\\ACOMPONENTS\\NEWS\\newsmaincontent.php')
 3 SYSTEMPATH\View\View.php(231): CodeIgniter\View\View->CodeIgniter\View\{closure}()
 4 SYSTEMPATH\Common.php(1178): CodeIgniter\View\View->render('ACOMPONENTS/NEWS/newsmaincontent', [], true)
 5 APPPATH\Controllers\NewsController.php(53): view('ACOMPONENTS/NEWS/newsmaincontent', [...])
 6 SYSTEMPATH\CodeIgniter.php(941): App\Controllers\NewsController->newscreate()
 7 SYSTEMPATH\CodeIgniter.php(502): CodeIgniter\CodeIgniter->runController(Object(App\Controllers\NewsController))
 8 SYSTEMPATH\CodeIgniter.php(361): CodeIgniter\CodeIgniter->handleRequest(null, Object(Config\Cache), false)
 9 FCPATH\index.php(79): CodeIgniter\CodeIgniter->run()
10 SYSTEMPATH\Commands\Server\rewrite.php(47): require_once('C:\\laragon\\www\\BFP_WEBSITE\\public\\index.php')
CRITICAL - 2024-02-07 20:18:35 --> ErrorException: Undefined variable $pager
in APPPATH\Views\ACOMPONENTS\NEWS\newsmaincontent.php on line 63.
 1 APPPATH\Views\ACOMPONENTS\NEWS\newsmaincontent.php(63): CodeIgniter\Debug\Exceptions->errorHandler(2, 'Undefined variable $pager', 'C:\\laragon\\www\\BFP_WEBSITE\\app\\Views\\ACOMPONENTS\\NEWS\\newsmaincontent.php', 63)
 2 SYSTEMPATH\View\View.php(228): include('C:\\laragon\\www\\BFP_WEBSITE\\app\\Views\\ACOMPONENTS\\NEWS\\newsmaincontent.php')
 3 SYSTEMPATH\View\View.php(231): CodeIgniter\View\View->CodeIgniter\View\{closure}()
 4 SYSTEMPATH\Common.php(1178): CodeIgniter\View\View->render('ACOMPONENTS/NEWS/newsmaincontent', [], true)
 5 APPPATH\Controllers\NewsController.php(53): view('ACOMPONENTS/NEWS/newsmaincontent', [...])
 6 SYSTEMPATH\CodeIgniter.php(941): App\Controllers\NewsController->newscreate()
 7 SYSTEMPATH\CodeIgniter.php(502): CodeIgniter\CodeIgniter->runController(Object(App\Controllers\NewsController))
 8 SYSTEMPATH\CodeIgniter.php(361): CodeIgniter\CodeIgniter->handleRequest(null, Object(Config\Cache), false)
 9 FCPATH\index.php(79): CodeIgniter\CodeIgniter->run()
10 SYSTEMPATH\Commands\Server\rewrite.php(47): require_once('C:\\laragon\\www\\BFP_WEBSITE\\public\\index.php')
CRITICAL - 2024-02-07 20:18:59 --> ErrorException: Undefined variable $pager
in APPPATH\Views\ACOMPONENTS\NEWS\newsmaincontent.php on line 63.
 1 APPPATH\Views\ACOMPONENTS\NEWS\newsmaincontent.php(63): CodeIgniter\Debug\Exceptions->errorHandler(2, 'Undefined variable $pager', 'C:\\laragon\\www\\BFP_WEBSITE\\app\\Views\\ACOMPONENTS\\NEWS\\newsmaincontent.php', 63)
 2 SYSTEMPATH\View\View.php(228): include('C:\\laragon\\www\\BFP_WEBSITE\\app\\Views\\ACOMPONENTS\\NEWS\\newsmaincontent.php')
 3 SYSTEMPATH\View\View.php(231): CodeIgniter\View\View->CodeIgniter\View\{closure}()
 4 SYSTEMPATH\Common.php(1178): CodeIgniter\View\View->render('ACOMPONENTS/NEWS/newsmaincontent', [], true)
 5 APPPATH\Controllers\NewsController.php(53): view('ACOMPONENTS/NEWS/newsmaincontent', [...])
 6 SYSTEMPATH\CodeIgniter.php(941): App\Controllers\NewsController->newscreate()
 7 SYSTEMPATH\CodeIgniter.php(502): CodeIgniter\CodeIgniter->runController(Object(App\Controllers\NewsController))
 8 SYSTEMPATH\CodeIgniter.php(361): CodeIgniter\CodeIgniter->handleRequest(null, Object(Config\Cache), false)
 9 FCPATH\index.php(79): CodeIgniter\CodeIgniter->run()
10 SYSTEMPATH\Commands\Server\rewrite.php(47): require_once('C:\\laragon\\www\\BFP_WEBSITE\\public\\index.php')
CRITICAL - 2024-02-07 20:19:09 --> ErrorException: Undefined variable $pager
in APPPATH\Views\ACOMPONENTS\NEWS\newsmaincontent.php on line 63.
 1 APPPATH\Views\ACOMPONENTS\NEWS\newsmaincontent.php(63): CodeIgniter\Debug\Exceptions->errorHandler(2, 'Undefined variable $pager', 'C:\\laragon\\www\\BFP_WEBSITE\\app\\Views\\ACOMPONENTS\\NEWS\\newsmaincontent.php', 63)
 2 SYSTEMPATH\View\View.php(228): include('C:\\laragon\\www\\BFP_WEBSITE\\app\\Views\\ACOMPONENTS\\NEWS\\newsmaincontent.php')
 3 SYSTEMPATH\View\View.php(231): CodeIgniter\View\View->CodeIgniter\View\{closure}()
 4 SYSTEMPATH\Common.php(1178): CodeIgniter\View\View->render('ACOMPONENTS/NEWS/newsmaincontent', [], true)
 5 APPPATH\Controllers\NewsController.php(53): view('ACOMPONENTS/NEWS/newsmaincontent', [...])
 6 SYSTEMPATH\CodeIgniter.php(941): App\Controllers\NewsController->newscreate()
 7 SYSTEMPATH\CodeIgniter.php(502): CodeIgniter\CodeIgniter->runController(Object(App\Controllers\NewsController))
 8 SYSTEMPATH\CodeIgniter.php(361): CodeIgniter\CodeIgniter->handleRequest(null, Object(Config\Cache), false)
 9 FCPATH\index.php(79): CodeIgniter\CodeIgniter->run()
10 SYSTEMPATH\Commands\Server\rewrite.php(47): require_once('C:\\laragon\\www\\BFP_WEBSITE\\public\\index.php')
CRITICAL - 2024-02-07 20:19:16 --> ErrorException: Undefined variable $pager
in APPPATH\Views\ACOMPONENTS\NEWS\newsmaincontent.php on line 62.
 1 APPPATH\Views\ACOMPONENTS\NEWS\newsmaincontent.php(62): CodeIgniter\Debug\Exceptions->errorHandler(2, 'Undefined variable $pager', 'C:\\laragon\\www\\BFP_WEBSITE\\app\\Views\\ACOMPONENTS\\NEWS\\newsmaincontent.php', 62)
 2 SYSTEMPATH\View\View.php(228): include('C:\\laragon\\www\\BFP_WEBSITE\\app\\Views\\ACOMPONENTS\\NEWS\\newsmaincontent.php')
 3 SYSTEMPATH\View\View.php(231): CodeIgniter\View\View->CodeIgniter\View\{closure}()
 4 SYSTEMPATH\Common.php(1178): CodeIgniter\View\View->render('ACOMPONENTS/NEWS/newsmaincontent', [], true)
 5 APPPATH\Controllers\NewsController.php(53): view('ACOMPONENTS/NEWS/newsmaincontent', [...])
 6 SYSTEMPATH\CodeIgniter.php(941): App\Controllers\NewsController->newscreate()
 7 SYSTEMPATH\CodeIgniter.php(502): CodeIgniter\CodeIgniter->runController(Object(App\Controllers\NewsController))
 8 SYSTEMPATH\CodeIgniter.php(361): CodeIgniter\CodeIgniter->handleRequest(null, Object(Config\Cache), false)
 9 FCPATH\index.php(79): CodeIgniter\CodeIgniter->run()
10 SYSTEMPATH\Commands\Server\rewrite.php(47): require_once('C:\\laragon\\www\\BFP_WEBSITE\\public\\index.php')
