CRITICAL - 2024-01-18 13:33:10 --> ParseError: syntax error, unexpected token "<", expecting end of file
in APPPATH\Views\ACOMPONENTS\NEWS\newsmaincontent.php on line 42.
 1 SYSTEMPATH\View\View.php(231): CodeIgniter\View\View->CodeIgniter\View\{closure}()
 2 SYSTEMPATH\Common.php(1178): CodeIgniter\View\View->render('ACOMPONENTS/NEWS/newsmaincontent', [], true)
 3 APPPATH\Controllers\NewsController.php(55): view('ACOMPONENTS/NEWS/newsmaincontent', [...])
 4 SYSTEMPATH\CodeIgniter.php(941): App\Controllers\NewsController->newscreate()
 5 SYSTEMPATH\CodeIgniter.php(502): CodeIgniter\CodeIgniter->runController(Object(App\Controllers\NewsController))
 6 SYSTEMPATH\CodeIgniter.php(361): CodeIgniter\CodeIgniter->handleRequest(null, Object(Config\Cache), false)
 7 FCPATH\index.php(79): CodeIgniter\CodeIgniter->run()
 8 SYSTEMPATH\Commands\Server\rewrite.php(47): require_once('C:\\laragon\\www\\BFP_WEBSITE\\public\\index.php')
CRITICAL - 2024-01-18 13:35:05 --> ParseError: syntax error, unexpected token "<", expecting end of file
in APPPATH\Views\ACOMPONENTS\NEWS\newsmaincontent.php on line 42.
 1 SYSTEMPATH\View\View.php(231): CodeIgniter\View\View->CodeIgniter\View\{closure}()
 2 SYSTEMPATH\Common.php(1178): CodeIgniter\View\View->render('ACOMPONENTS/NEWS/newsmaincontent', [], true)
 3 APPPATH\Controllers\NewsController.php(55): view('ACOMPONENTS/NEWS/newsmaincontent', [...])
 4 SYSTEMPATH\CodeIgniter.php(941): App\Controllers\NewsController->newscreate()
 5 SYSTEMPATH\CodeIgniter.php(502): CodeIgniter\CodeIgniter->runController(Object(App\Controllers\NewsController))
 6 SYSTEMPATH\CodeIgniter.php(361): CodeIgniter\CodeIgniter->handleRequest(null, Object(Config\Cache), false)
 7 FCPATH\index.php(79): CodeIgniter\CodeIgniter->run()
 8 SYSTEMPATH\Commands\Server\rewrite.php(47): require_once('C:\\laragon\\www\\BFP_WEBSITE\\public\\index.php')
