CRITICAL - 2024-02-13 00:33:34 --> ErrorException: Undefined array key "images"
in APPPATH\Views\ACOMPONENTS\NEWS\newsmaincontent.php on line 34.
 1 APPPATH\Views\ACOMPONENTS\NEWS\newsmaincontent.php(34): CodeIgniter\Debug\Exceptions->errorHandler(2, 'Undefined array key "images"', 'C:\\laragon\\www\\BFP_WEBSITE\\app\\Views\\ACOMPONENTS\\NEWS\\newsmaincontent.php', 34)
 2 SYSTEMPATH\View\View.php(228): include('C:\\laragon\\www\\BFP_WEBSITE\\app\\Views\\ACOMPONENTS\\NEWS\\newsmaincontent.php')
 3 SYSTEMPATH\View\View.php(231): CodeIgniter\View\View->CodeIgniter\View\{closure}()
 4 SYSTEMPATH\Common.php(1178): CodeIgniter\View\View->render('ACOMPONENTS/NEWS/newsmaincontent', [], true)
 5 APPPATH\Controllers\NewsController.php(52): view('ACOMPONENTS/NEWS/newsmaincontent', [...])
 6 SYSTEMPATH\CodeIgniter.php(941): App\Controllers\NewsController->newscreate()
 7 SYSTEMPATH\CodeIgniter.php(502): CodeIgniter\CodeIgniter->runController(Object(App\Controllers\NewsController))
 8 SYSTEMPATH\CodeIgniter.php(361): CodeIgniter\CodeIgniter->handleRequest(null, Object(Config\Cache), false)
 9 FCPATH\index.php(79): CodeIgniter\CodeIgniter->run()
10 SYSTEMPATH\Commands\Server\rewrite.php(47): require_once('C:\\laragon\\www\\BFP_WEBSITE\\public\\index.php')
ERROR - 2024-02-13 01:15:25 --> mysqli_sql_exception: Duplicate entry 'look-periodic-inspection' for key 'news.slug' in C:\laragon\www\BFP_WEBSITE\system\Database\MySQLi\Connection.php:306
Stack trace:
#0 C:\laragon\www\BFP_WEBSITE\system\Database\MySQLi\Connection.php(306): mysqli->query('INSERT INTO `ne...', 0)
#1 C:\laragon\www\BFP_WEBSITE\system\Database\BaseConnection.php(693): CodeIgniter\Database\MySQLi\Connection->execute('INSERT INTO `ne...')
#2 C:\laragon\www\BFP_WEBSITE\system\Database\BaseConnection.php(607): CodeIgniter\Database\BaseConnection->simpleQuery('INSERT INTO `ne...')
#3 C:\laragon\www\BFP_WEBSITE\system\Database\BaseBuilder.php(2302): CodeIgniter\Database\BaseConnection->query('INSERT INTO `ne...', Array, false)
#4 C:\laragon\www\BFP_WEBSITE\system\Model.php(326): CodeIgniter\Database\BaseBuilder->insert()
#5 C:\laragon\www\BFP_WEBSITE\system\BaseModel.php(802): CodeIgniter\Model->doInsert(Array)
#6 C:\laragon\www\BFP_WEBSITE\system\Model.php(744): CodeIgniter\BaseModel->insert(Array, true)
#7 C:\laragon\www\BFP_WEBSITE\app\Controllers\NewsController.php(100): CodeIgniter\Model->insert(Array)
#8 C:\laragon\www\BFP_WEBSITE\system\CodeIgniter.php(941): App\Controllers\NewsController->store()
#9 C:\laragon\www\BFP_WEBSITE\system\CodeIgniter.php(502): CodeIgniter\CodeIgniter->runController(Object(App\Controllers\NewsController))
#10 C:\laragon\www\BFP_WEBSITE\system\CodeIgniter.php(361): CodeIgniter\CodeIgniter->handleRequest(NULL, Object(Config\Cache), false)
#11 C:\laragon\www\BFP_WEBSITE\public\index.php(79): CodeIgniter\CodeIgniter->run()
#12 C:\laragon\www\BFP_WEBSITE\system\Commands\Server\rewrite.php(47): require_once('C:\\laragon\\www\\...')
#13 {main}
CRITICAL - 2024-02-13 01:15:25 --> CodeIgniter\Database\Exceptions\DatabaseException: Duplicate entry 'look-periodic-inspection' for key 'news.slug'
in SYSTEMPATH\Database\BaseConnection.php on line 647.
 1 SYSTEMPATH\Database\BaseBuilder.php(2302): CodeIgniter\Database\BaseConnection->query('INSERT INTO `news` (`title`, `slug`, `content`, `image`) VALUES (:title:, :slug:, :content:, :image:)', [...], false)
 2 SYSTEMPATH\Model.php(326): CodeIgniter\Database\BaseBuilder->insert()
 3 SYSTEMPATH\BaseModel.php(802): CodeIgniter\Model->doInsert([...])
 4 SYSTEMPATH\Model.php(744): CodeIgniter\BaseModel->insert([...], true)
 5 APPPATH\Controllers\NewsController.php(100): CodeIgniter\Model->insert([...])
 6 SYSTEMPATH\CodeIgniter.php(941): App\Controllers\NewsController->store()
 7 SYSTEMPATH\CodeIgniter.php(502): CodeIgniter\CodeIgniter->runController(Object(App\Controllers\NewsController))
 8 SYSTEMPATH\CodeIgniter.php(361): CodeIgniter\CodeIgniter->handleRequest(null, Object(Config\Cache), false)
 9 FCPATH\index.php(79): CodeIgniter\CodeIgniter->run()
10 SYSTEMPATH\Commands\Server\rewrite.php(47): require_once('C:\\laragon\\www\\BFP_WEBSITE\\public\\index.php')
CRITICAL - 2024-02-13 01:15:25 --> [Caused by] CodeIgniter\Database\Exceptions\DatabaseException: Duplicate entry 'look-periodic-inspection' for key 'news.slug'
in SYSTEMPATH\Database\MySQLi\Connection.php on line 311.
 1 SYSTEMPATH\Database\BaseConnection.php(693): CodeIgniter\Database\MySQLi\Connection->execute('INSERT INTO `news` (`title`, `slug`, `content`, `image`) VALUES (\'LOOK | PERIODIC INSPECTION\', \'look-periodic-inspection\', \'BFP Calapan City Fire Station, under the leadership of FSINSP ANGEL LYNN B SALVADOR, Acting City Fire Marshal, personnel of this station conducted Periodic Inspection at Ibaba Elementary School and Calapan Central School.\', \'1707786925_b478819f7fd0393e9003.jpg\')')
 2 SYSTEMPATH\Database\BaseConnection.php(607): CodeIgniter\Database\BaseConnection->simpleQuery('INSERT INTO `news` (`title`, `slug`, `content`, `image`) VALUES (\'LOOK | PERIODIC INSPECTION\', \'look-periodic-inspection\', \'BFP Calapan City Fire Station, under the leadership of FSINSP ANGEL LYNN B SALVADOR, Acting City Fire Marshal, personnel of this station conducted Periodic Inspection at Ibaba Elementary School and Calapan Central School.\', \'1707786925_b478819f7fd0393e9003.jpg\')')
 3 SYSTEMPATH\Database\BaseBuilder.php(2302): CodeIgniter\Database\BaseConnection->query('INSERT INTO `news` (`title`, `slug`, `content`, `image`) VALUES (:title:, :slug:, :content:, :image:)', [...], false)
 4 SYSTEMPATH\Model.php(326): CodeIgniter\Database\BaseBuilder->insert()
 5 SYSTEMPATH\BaseModel.php(802): CodeIgniter\Model->doInsert([...])
 6 SYSTEMPATH\Model.php(744): CodeIgniter\BaseModel->insert([...], true)
 7 APPPATH\Controllers\NewsController.php(100): CodeIgniter\Model->insert([...])
 8 SYSTEMPATH\CodeIgniter.php(941): App\Controllers\NewsController->store()
 9 SYSTEMPATH\CodeIgniter.php(502): CodeIgniter\CodeIgniter->runController(Object(App\Controllers\NewsController))
10 SYSTEMPATH\CodeIgniter.php(361): CodeIgniter\CodeIgniter->handleRequest(null, Object(Config\Cache), false)
11 FCPATH\index.php(79): CodeIgniter\CodeIgniter->run()
12 SYSTEMPATH\Commands\Server\rewrite.php(47): require_once('C:\\laragon\\www\\BFP_WEBSITE\\public\\index.php')
CRITICAL - 2024-02-13 01:15:25 --> [Caused by] mysqli_sql_exception: Duplicate entry 'look-periodic-inspection' for key 'news.slug'
in SYSTEMPATH\Database\MySQLi\Connection.php on line 306.
 1 SYSTEMPATH\Database\MySQLi\Connection.php(306): mysqli->query('INSERT INTO `news` (`title`, `slug`, `content`, `image`) VALUES (\'LOOK | PERIODIC INSPECTION\', \'look-periodic-inspection\', \'BFP Calapan City Fire Station, under the leadership of FSINSP ANGEL LYNN B SALVADOR, Acting City Fire Marshal, personnel of this station conducted Periodic Inspection at Ibaba Elementary School and Calapan Central School.\', \'1707786925_b478819f7fd0393e9003.jpg\')', 0)
 2 SYSTEMPATH\Database\BaseConnection.php(693): CodeIgniter\Database\MySQLi\Connection->execute('INSERT INTO `news` (`title`, `slug`, `content`, `image`) VALUES (\'LOOK | PERIODIC INSPECTION\', \'look-periodic-inspection\', \'BFP Calapan City Fire Station, under the leadership of FSINSP ANGEL LYNN B SALVADOR, Acting City Fire Marshal, personnel of this station conducted Periodic Inspection at Ibaba Elementary School and Calapan Central School.\', \'1707786925_b478819f7fd0393e9003.jpg\')')
 3 SYSTEMPATH\Database\BaseConnection.php(607): CodeIgniter\Database\BaseConnection->simpleQuery('INSERT INTO `news` (`title`, `slug`, `content`, `image`) VALUES (\'LOOK | PERIODIC INSPECTION\', \'look-periodic-inspection\', \'BFP Calapan City Fire Station, under the leadership of FSINSP ANGEL LYNN B SALVADOR, Acting City Fire Marshal, personnel of this station conducted Periodic Inspection at Ibaba Elementary School and Calapan Central School.\', \'1707786925_b478819f7fd0393e9003.jpg\')')
 4 SYSTEMPATH\Database\BaseBuilder.php(2302): CodeIgniter\Database\BaseConnection->query('INSERT INTO `news` (`title`, `slug`, `content`, `image`) VALUES (:title:, :slug:, :content:, :image:)', [...], false)
 5 SYSTEMPATH\Model.php(326): CodeIgniter\Database\BaseBuilder->insert()
 6 SYSTEMPATH\BaseModel.php(802): CodeIgniter\Model->doInsert([...])
 7 SYSTEMPATH\Model.php(744): CodeIgniter\BaseModel->insert([...], true)
 8 APPPATH\Controllers\NewsController.php(100): CodeIgniter\Model->insert([...])
 9 SYSTEMPATH\CodeIgniter.php(941): App\Controllers\NewsController->store()
10 SYSTEMPATH\CodeIgniter.php(502): CodeIgniter\CodeIgniter->runController(Object(App\Controllers\NewsController))
11 SYSTEMPATH\CodeIgniter.php(361): CodeIgniter\CodeIgniter->handleRequest(null, Object(Config\Cache), false)
12 FCPATH\index.php(79): CodeIgniter\CodeIgniter->run()
13 SYSTEMPATH\Commands\Server\rewrite.php(47): require_once('C:\\laragon\\www\\BFP_WEBSITE\\public\\index.php')
CRITICAL - 2024-02-13 01:46:51 --> Error: Call to undefined method CodeIgniter\Pager\Pager::hasPrevious()
in APPPATH\Views\NEWS\NewsView.php on line 99.
 1 SYSTEMPATH\View\View.php(228): include()
 2 SYSTEMPATH\View\View.php(231): CodeIgniter\View\View->CodeIgniter\View\{closure}()
 3 SYSTEMPATH\Common.php(1178): CodeIgniter\View\View->render('NEWS/NewsView', [], true)
 4 APPPATH\Controllers\NewsController.php(27): view('NEWS/NewsView', [...])
 5 SYSTEMPATH\CodeIgniter.php(941): App\Controllers\NewsController->news()
 6 SYSTEMPATH\CodeIgniter.php(502): CodeIgniter\CodeIgniter->runController(Object(App\Controllers\NewsController))
 7 SYSTEMPATH\CodeIgniter.php(361): CodeIgniter\CodeIgniter->handleRequest(null, Object(Config\Cache), false)
 8 FCPATH\index.php(79): CodeIgniter\CodeIgniter->run()
 9 SYSTEMPATH\Commands\Server\rewrite.php(47): require_once('C:\\laragon\\www\\BFP_WEBSITE\\public\\index.php')
CRITICAL - 2024-02-13 01:47:45 --> Error: Call to undefined method CodeIgniter\Pager\Pager::hasPrevious()
in APPPATH\Views\NEWS\NewsView.php on line 99.
 1 SYSTEMPATH\View\View.php(228): include()
 2 SYSTEMPATH\View\View.php(231): CodeIgniter\View\View->CodeIgniter\View\{closure}()
 3 SYSTEMPATH\Common.php(1178): CodeIgniter\View\View->render('NEWS/NewsView', [], true)
 4 APPPATH\Controllers\NewsController.php(27): view('NEWS/NewsView', [...])
 5 SYSTEMPATH\CodeIgniter.php(941): App\Controllers\NewsController->news()
 6 SYSTEMPATH\CodeIgniter.php(502): CodeIgniter\CodeIgniter->runController(Object(App\Controllers\NewsController))
 7 SYSTEMPATH\CodeIgniter.php(361): CodeIgniter\CodeIgniter->handleRequest(null, Object(Config\Cache), false)
 8 FCPATH\index.php(79): CodeIgniter\CodeIgniter->run()
 9 SYSTEMPATH\Commands\Server\rewrite.php(47): require_once('C:\\laragon\\www\\BFP_WEBSITE\\public\\index.php')
CRITICAL - 2024-02-13 01:48:24 --> Error: Call to undefined method CodeIgniter\Pager\Pager::hasPrevious()
in APPPATH\Views\NEWS\NewsView.php on line 99.
 1 SYSTEMPATH\View\View.php(228): include()
 2 SYSTEMPATH\View\View.php(231): CodeIgniter\View\View->CodeIgniter\View\{closure}()
 3 SYSTEMPATH\Common.php(1178): CodeIgniter\View\View->render('NEWS/NewsView', [], true)
 4 APPPATH\Controllers\NewsController.php(27): view('NEWS/NewsView', [...])
 5 SYSTEMPATH\CodeIgniter.php(941): App\Controllers\NewsController->news()
 6 SYSTEMPATH\CodeIgniter.php(502): CodeIgniter\CodeIgniter->runController(Object(App\Controllers\NewsController))
 7 SYSTEMPATH\CodeIgniter.php(361): CodeIgniter\CodeIgniter->handleRequest(null, Object(Config\Cache), false)
 8 FCPATH\index.php(79): CodeIgniter\CodeIgniter->run()
 9 SYSTEMPATH\Commands\Server\rewrite.php(47): require_once('C:\\laragon\\www\\BFP_WEBSITE\\public\\index.php')
CRITICAL - 2024-02-13 02:41:51 --> ErrorException: Undefined variable $item
in APPPATH\Views\NEWS\NewsView.php on line 133.
 1 APPPATH\Views\NEWS\NewsView.php(133): CodeIgniter\Debug\Exceptions->errorHandler(2, 'Undefined variable $item', 'C:\\laragon\\www\\BFP_WEBSITE\\app\\Views\\NEWS\\NewsView.php', 133)
 2 SYSTEMPATH\View\View.php(228): include('C:\\laragon\\www\\BFP_WEBSITE\\app\\Views\\NEWS\\NewsView.php')
 3 SYSTEMPATH\View\View.php(231): CodeIgniter\View\View->CodeIgniter\View\{closure}()
 4 SYSTEMPATH\Common.php(1178): CodeIgniter\View\View->render('NEWS/NewsView', [], true)
 5 APPPATH\Controllers\NewsController.php(27): view('NEWS/NewsView', [...])
 6 SYSTEMPATH\CodeIgniter.php(941): App\Controllers\NewsController->news()
 7 SYSTEMPATH\CodeIgniter.php(502): CodeIgniter\CodeIgniter->runController(Object(App\Controllers\NewsController))
 8 SYSTEMPATH\CodeIgniter.php(361): CodeIgniter\CodeIgniter->handleRequest(null, Object(Config\Cache), false)
 9 FCPATH\index.php(79): CodeIgniter\CodeIgniter->run()
10 SYSTEMPATH\Commands\Server\rewrite.php(47): require_once('C:\\laragon\\www\\BFP_WEBSITE\\public\\index.php')
CRITICAL - 2024-02-13 02:42:42 --> ErrorException: Undefined variable $item
in APPPATH\Views\NEWS\NewsView.php on line 133.
 1 APPPATH\Views\NEWS\NewsView.php(133): CodeIgniter\Debug\Exceptions->errorHandler(2, 'Undefined variable $item', 'C:\\laragon\\www\\BFP_WEBSITE\\app\\Views\\NEWS\\NewsView.php', 133)
 2 SYSTEMPATH\View\View.php(228): include('C:\\laragon\\www\\BFP_WEBSITE\\app\\Views\\NEWS\\NewsView.php')
 3 SYSTEMPATH\View\View.php(231): CodeIgniter\View\View->CodeIgniter\View\{closure}()
 4 SYSTEMPATH\Common.php(1178): CodeIgniter\View\View->render('NEWS/NewsView', [], true)
 5 APPPATH\Controllers\NewsController.php(27): view('NEWS/NewsView', [...])
 6 SYSTEMPATH\CodeIgniter.php(941): App\Controllers\NewsController->news()
 7 SYSTEMPATH\CodeIgniter.php(502): CodeIgniter\CodeIgniter->runController(Object(App\Controllers\NewsController))
 8 SYSTEMPATH\CodeIgniter.php(361): CodeIgniter\CodeIgniter->handleRequest(null, Object(Config\Cache), false)
 9 FCPATH\index.php(79): CodeIgniter\CodeIgniter->run()
10 SYSTEMPATH\Commands\Server\rewrite.php(47): require_once('C:\\laragon\\www\\BFP_WEBSITE\\public\\index.php')
CRITICAL - 2024-02-13 02:43:34 --> Error: Undefined constant "i"
in APPPATH\Views\NEWS\NewsView.php on line 133.
 1 SYSTEMPATH\View\View.php(228): include()
 2 SYSTEMPATH\View\View.php(231): CodeIgniter\View\View->CodeIgniter\View\{closure}()
 3 SYSTEMPATH\Common.php(1178): CodeIgniter\View\View->render('NEWS/NewsView', [], true)
 4 APPPATH\Controllers\NewsController.php(27): view('NEWS/NewsView', [...])
 5 SYSTEMPATH\CodeIgniter.php(941): App\Controllers\NewsController->news()
 6 SYSTEMPATH\CodeIgniter.php(502): CodeIgniter\CodeIgniter->runController(Object(App\Controllers\NewsController))
 7 SYSTEMPATH\CodeIgniter.php(361): CodeIgniter\CodeIgniter->handleRequest(null, Object(Config\Cache), false)
 8 FCPATH\index.php(79): CodeIgniter\CodeIgniter->run()
 9 SYSTEMPATH\Commands\Server\rewrite.php(47): require_once('C:\\laragon\\www\\BFP_WEBSITE\\public\\index.php')
CRITICAL - 2024-02-13 02:49:58 --> ErrorException: Undefined variable $i
in APPPATH\Views\NEWS\NewsView.php on line 147.
 1 APPPATH\Views\NEWS\NewsView.php(147): CodeIgniter\Debug\Exceptions->errorHandler(2, 'Undefined variable $i', 'C:\\laragon\\www\\BFP_WEBSITE\\app\\Views\\NEWS\\NewsView.php', 147)
 2 SYSTEMPATH\View\View.php(228): include('C:\\laragon\\www\\BFP_WEBSITE\\app\\Views\\NEWS\\NewsView.php')
 3 SYSTEMPATH\View\View.php(231): CodeIgniter\View\View->CodeIgniter\View\{closure}()
 4 SYSTEMPATH\Common.php(1178): CodeIgniter\View\View->render('NEWS/NewsView', [], true)
 5 APPPATH\Controllers\NewsController.php(27): view('NEWS/NewsView', [...])
 6 SYSTEMPATH\CodeIgniter.php(941): App\Controllers\NewsController->news()
 7 SYSTEMPATH\CodeIgniter.php(502): CodeIgniter\CodeIgniter->runController(Object(App\Controllers\NewsController))
 8 SYSTEMPATH\CodeIgniter.php(361): CodeIgniter\CodeIgniter->handleRequest(null, Object(Config\Cache), false)
 9 FCPATH\index.php(79): CodeIgniter\CodeIgniter->run()
10 SYSTEMPATH\Commands\Server\rewrite.php(47): require_once('C:\\laragon\\www\\BFP_WEBSITE\\public\\index.php')
CRITICAL - 2024-02-13 02:52:06 --> ErrorException: Undefined variable $i
in APPPATH\Views\NEWS\NewsView.php on line 147.
 1 APPPATH\Views\NEWS\NewsView.php(147): CodeIgniter\Debug\Exceptions->errorHandler(2, 'Undefined variable $i', 'C:\\laragon\\www\\BFP_WEBSITE\\app\\Views\\NEWS\\NewsView.php', 147)
 2 SYSTEMPATH\View\View.php(228): include('C:\\laragon\\www\\BFP_WEBSITE\\app\\Views\\NEWS\\NewsView.php')
 3 SYSTEMPATH\View\View.php(231): CodeIgniter\View\View->CodeIgniter\View\{closure}()
 4 SYSTEMPATH\Common.php(1178): CodeIgniter\View\View->render('NEWS/NewsView', [], true)
 5 APPPATH\Controllers\NewsController.php(27): view('NEWS/NewsView', [...])
 6 SYSTEMPATH\CodeIgniter.php(941): App\Controllers\NewsController->news()
 7 SYSTEMPATH\CodeIgniter.php(502): CodeIgniter\CodeIgniter->runController(Object(App\Controllers\NewsController))
 8 SYSTEMPATH\CodeIgniter.php(361): CodeIgniter\CodeIgniter->handleRequest(null, Object(Config\Cache), false)
 9 FCPATH\index.php(79): CodeIgniter\CodeIgniter->run()
10 SYSTEMPATH\Commands\Server\rewrite.php(47): require_once('C:\\laragon\\www\\BFP_WEBSITE\\public\\index.php')
CRITICAL - 2024-02-13 02:52:39 --> ErrorException: Undefined variable $startIndex
in APPPATH\Views\NEWS\NewsView.php on line 147.
 1 APPPATH\Views\NEWS\NewsView.php(147): CodeIgniter\Debug\Exceptions->errorHandler(2, 'Undefined variable $startIndex', 'C:\\laragon\\www\\BFP_WEBSITE\\app\\Views\\NEWS\\NewsView.php', 147)
 2 SYSTEMPATH\View\View.php(228): include('C:\\laragon\\www\\BFP_WEBSITE\\app\\Views\\NEWS\\NewsView.php')
 3 SYSTEMPATH\View\View.php(231): CodeIgniter\View\View->CodeIgniter\View\{closure}()
 4 SYSTEMPATH\Common.php(1178): CodeIgniter\View\View->render('NEWS/NewsView', [], true)
 5 APPPATH\Controllers\NewsController.php(27): view('NEWS/NewsView', [...])
 6 SYSTEMPATH\CodeIgniter.php(941): App\Controllers\NewsController->news()
 7 SYSTEMPATH\CodeIgniter.php(502): CodeIgniter\CodeIgniter->runController(Object(App\Controllers\NewsController))
 8 SYSTEMPATH\CodeIgniter.php(361): CodeIgniter\CodeIgniter->handleRequest(null, Object(Config\Cache), false)
 9 FCPATH\index.php(79): CodeIgniter\CodeIgniter->run()
10 SYSTEMPATH\Commands\Server\rewrite.php(47): require_once('C:\\laragon\\www\\BFP_WEBSITE\\public\\index.php')
CRITICAL - 2024-02-13 02:53:19 --> ErrorException: Undefined variable $i
in APPPATH\Views\NEWS\NewsView.php on line 147.
 1 APPPATH\Views\NEWS\NewsView.php(147): CodeIgniter\Debug\Exceptions->errorHandler(2, 'Undefined variable $i', 'C:\\laragon\\www\\BFP_WEBSITE\\app\\Views\\NEWS\\NewsView.php', 147)
 2 SYSTEMPATH\View\View.php(228): include('C:\\laragon\\www\\BFP_WEBSITE\\app\\Views\\NEWS\\NewsView.php')
 3 SYSTEMPATH\View\View.php(231): CodeIgniter\View\View->CodeIgniter\View\{closure}()
 4 SYSTEMPATH\Common.php(1178): CodeIgniter\View\View->render('NEWS/NewsView', [], true)
 5 APPPATH\Controllers\NewsController.php(27): view('NEWS/NewsView', [...])
 6 SYSTEMPATH\CodeIgniter.php(941): App\Controllers\NewsController->news()
 7 SYSTEMPATH\CodeIgniter.php(502): CodeIgniter\CodeIgniter->runController(Object(App\Controllers\NewsController))
 8 SYSTEMPATH\CodeIgniter.php(361): CodeIgniter\CodeIgniter->handleRequest(null, Object(Config\Cache), false)
 9 FCPATH\index.php(79): CodeIgniter\CodeIgniter->run()
10 SYSTEMPATH\Commands\Server\rewrite.php(47): require_once('C:\\laragon\\www\\BFP_WEBSITE\\public\\index.php')
