CRITICAL - 2024-01-14 00:13:08 --> ErrorException: Undefined variable $selected_news_id
in APPPATH\Views\ACOMPONENTS\NEWS\newsmaincontent.php on line 80.
 1 APPPATH\Views\ACOMPONENTS\NEWS\newsmaincontent.php(80): CodeIgniter\Debug\Exceptions->errorHandler(2, 'Undefined variable $selected_news_id', 'C:\\laragon\\www\\BFP_WEBSITE\\app\\Views\\ACOMPONENTS\\NEWS\\newsmaincontent.php', 80)
 2 SYSTEMPATH\View\View.php(228): include('C:\\laragon\\www\\BFP_WEBSITE\\app\\Views\\ACOMPONENTS\\NEWS\\newsmaincontent.php')
 3 SYSTEMPATH\View\View.php(231): CodeIgniter\View\View->CodeIgniter\View\{closure}()
 4 SYSTEMPATH\Common.php(1178): CodeIgniter\View\View->render('ACOMPONENTS/NEWS/newsmaincontent', [], true)
 5 APPPATH\Controllers\NewsController.php(49): view('ACOMPONENTS/NEWS/newsmaincontent', [...])
 6 SYSTEMPATH\CodeIgniter.php(941): App\Controllers\NewsController->newscreate()
 7 SYSTEMPATH\CodeIgniter.php(502): CodeIgniter\CodeIgniter->runController(Object(App\Controllers\NewsController))
 8 SYSTEMPATH\CodeIgniter.php(361): CodeIgniter\CodeIgniter->handleRequest(null, Object(Config\Cache), false)
 9 FCPATH\index.php(79): CodeIgniter\CodeIgniter->run()
10 SYSTEMPATH\Commands\Server\rewrite.php(47): require_once('C:\\laragon\\www\\BFP_WEBSITE\\public\\index.php')
CRITICAL - 2024-01-14 00:17:02 --> ErrorException: Undefined array key "title"
in APPPATH\Views\ACOMPONENTS\NEWS\newsmaincontent.php on line 82.
 1 APPPATH\Views\ACOMPONENTS\NEWS\newsmaincontent.php(82): CodeIgniter\Debug\Exceptions->errorHandler(2, 'Undefined array key "title"', 'C:\\laragon\\www\\BFP_WEBSITE\\app\\Views\\ACOMPONENTS\\NEWS\\newsmaincontent.php', 82)
 2 SYSTEMPATH\View\View.php(228): include('C:\\laragon\\www\\BFP_WEBSITE\\app\\Views\\ACOMPONENTS\\NEWS\\newsmaincontent.php')
 3 SYSTEMPATH\View\View.php(231): CodeIgniter\View\View->CodeIgniter\View\{closure}()
 4 SYSTEMPATH\Common.php(1178): CodeIgniter\View\View->render('ACOMPONENTS/NEWS/newsmaincontent', [], true)
 5 APPPATH\Controllers\NewsController.php(52): view('ACOMPONENTS/NEWS/newsmaincontent', [...])
 6 SYSTEMPATH\CodeIgniter.php(941): App\Controllers\NewsController->newscreate()
 7 SYSTEMPATH\CodeIgniter.php(502): CodeIgniter\CodeIgniter->runController(Object(App\Controllers\NewsController))
 8 SYSTEMPATH\CodeIgniter.php(361): CodeIgniter\CodeIgniter->handleRequest(null, Object(Config\Cache), false)
 9 FCPATH\index.php(79): CodeIgniter\CodeIgniter->run()
10 SYSTEMPATH\Commands\Server\rewrite.php(47): require_once('C:\\laragon\\www\\BFP_WEBSITE\\public\\index.php')
