ERROR - 2024-01-13 08:42:34 --> mysqli_sql_exception: Unknown column 'body' in 'field list' in C:\laragon\www\BFP_WEBSITE\system\Database\MySQLi\Connection.php:306
Stack trace:
#0 C:\laragon\www\BFP_WEBSITE\system\Database\MySQLi\Connection.php(306): mysqli->query('INSERT INTO `ne...', 0)
#1 C:\laragon\www\BFP_WEBSITE\system\Database\BaseConnection.php(693): CodeIgniter\Database\MySQLi\Connection->execute('INSERT INTO `ne...')
#2 C:\laragon\www\BFP_WEBSITE\system\Database\BaseConnection.php(607): CodeIgniter\Database\BaseConnection->simpleQuery('INSERT INTO `ne...')
#3 C:\laragon\www\BFP_WEBSITE\system\Database\BaseBuilder.php(2302): CodeIgniter\Database\BaseConnection->query('INSERT INTO `ne...', Array, false)
#4 C:\laragon\www\BFP_WEBSITE\system\Model.php(326): CodeIgniter\Database\BaseBuilder->insert()
#5 C:\laragon\www\BFP_WEBSITE\system\BaseModel.php(802): CodeIgniter\Model->doInsert(Array)
#6 C:\laragon\www\BFP_WEBSITE\system\Model.php(744): CodeIgniter\BaseModel->insert(Array, true)
#7 C:\laragon\www\BFP_WEBSITE\app\Controllers\NewsController.php(51): CodeIgniter\Model->insert(Array)
#8 C:\laragon\www\BFP_WEBSITE\system\CodeIgniter.php(941): App\Controllers\NewsController->store()
#9 C:\laragon\www\BFP_WEBSITE\system\CodeIgniter.php(502): CodeIgniter\CodeIgniter->runController(Object(App\Controllers\NewsController))
#10 C:\laragon\www\BFP_WEBSITE\system\CodeIgniter.php(361): CodeIgniter\CodeIgniter->handleRequest(NULL, Object(Config\Cache), false)
#11 C:\laragon\www\BFP_WEBSITE\public\index.php(79): CodeIgniter\CodeIgniter->run()
#12 C:\laragon\www\BFP_WEBSITE\system\Commands\Server\rewrite.php(47): require_once('C:\\laragon\\www\\...')
#13 {main}
CRITICAL - 2024-01-13 08:42:34 --> CodeIgniter\Database\Exceptions\DatabaseException: Unknown column 'body' in 'field list'
in SYSTEMPATH\Database\BaseConnection.php on line 647.
 1 SYSTEMPATH\Database\BaseBuilder.php(2302): CodeIgniter\Database\BaseConnection->query('INSERT INTO `news` (`title`, `slug`, `body`) VALUES (:title:, :slug:, :body:)', [...], false)
 2 SYSTEMPATH\Model.php(326): CodeIgniter\Database\BaseBuilder->insert()
 3 SYSTEMPATH\BaseModel.php(802): CodeIgniter\Model->doInsert([...])
 4 SYSTEMPATH\Model.php(744): CodeIgniter\BaseModel->insert([...], true)
 5 APPPATH\Controllers\NewsController.php(51): CodeIgniter\Model->insert([...])
 6 SYSTEMPATH\CodeIgniter.php(941): App\Controllers\NewsController->store()
 7 SYSTEMPATH\CodeIgniter.php(502): CodeIgniter\CodeIgniter->runController(Object(App\Controllers\NewsController))
 8 SYSTEMPATH\CodeIgniter.php(361): CodeIgniter\CodeIgniter->handleRequest(null, Object(Config\Cache), false)
 9 FCPATH\index.php(79): CodeIgniter\CodeIgniter->run()
10 SYSTEMPATH\Commands\Server\rewrite.php(47): require_once('C:\\laragon\\www\\BFP_WEBSITE\\public\\index.php')
CRITICAL - 2024-01-13 08:42:34 --> [Caused by] CodeIgniter\Database\Exceptions\DatabaseException: Unknown column 'body' in 'field list'
in SYSTEMPATH\Database\MySQLi\Connection.php on line 311.
 1 SYSTEMPATH\Database\BaseConnection.php(693): CodeIgniter\Database\MySQLi\Connection->execute('INSERT INTO `news` (`title`, `slug`, `body`) VALUES (\'  BFP TO SHOWCASE SKILLS, CAPABILITIES AND MUSICALITY AT THE 7TH NATIONAL FIRE OLYMPICS\', \'bfp-to-showcase-skills-capabilities-and-musicality-at-the-7th-national-fire-olympics\', \'As part of the observance of the Fire Prevention Month, the Bureau of Fire Protection is all set for the 7th National Fire Olympics that features the agency’s skills and capabilities. In addition, the BFP Bands Musiklaban, also known as BBM, now on its second year features original compositions of regional musicians and songwriters\')')
 2 SYSTEMPATH\Database\BaseConnection.php(607): CodeIgniter\Database\BaseConnection->simpleQuery('INSERT INTO `news` (`title`, `slug`, `body`) VALUES (\'  BFP TO SHOWCASE SKILLS, CAPABILITIES AND MUSICALITY AT THE 7TH NATIONAL FIRE OLYMPICS\', \'bfp-to-showcase-skills-capabilities-and-musicality-at-the-7th-national-fire-olympics\', \'As part of the observance of the Fire Prevention Month, the Bureau of Fire Protection is all set for the 7th National Fire Olympics that features the agency’s skills and capabilities. In addition, the BFP Bands Musiklaban, also known as BBM, now on its second year features original compositions of regional musicians and songwriters\')')
 3 SYSTEMPATH\Database\BaseBuilder.php(2302): CodeIgniter\Database\BaseConnection->query('INSERT INTO `news` (`title`, `slug`, `body`) VALUES (:title:, :slug:, :body:)', [...], false)
 4 SYSTEMPATH\Model.php(326): CodeIgniter\Database\BaseBuilder->insert()
 5 SYSTEMPATH\BaseModel.php(802): CodeIgniter\Model->doInsert([...])
 6 SYSTEMPATH\Model.php(744): CodeIgniter\BaseModel->insert([...], true)
 7 APPPATH\Controllers\NewsController.php(51): CodeIgniter\Model->insert([...])
 8 SYSTEMPATH\CodeIgniter.php(941): App\Controllers\NewsController->store()
 9 SYSTEMPATH\CodeIgniter.php(502): CodeIgniter\CodeIgniter->runController(Object(App\Controllers\NewsController))
10 SYSTEMPATH\CodeIgniter.php(361): CodeIgniter\CodeIgniter->handleRequest(null, Object(Config\Cache), false)
11 FCPATH\index.php(79): CodeIgniter\CodeIgniter->run()
12 SYSTEMPATH\Commands\Server\rewrite.php(47): require_once('C:\\laragon\\www\\BFP_WEBSITE\\public\\index.php')
CRITICAL - 2024-01-13 08:42:34 --> [Caused by] mysqli_sql_exception: Unknown column 'body' in 'field list'
in SYSTEMPATH\Database\MySQLi\Connection.php on line 306.
 1 SYSTEMPATH\Database\MySQLi\Connection.php(306): mysqli->query('INSERT INTO `news` (`title`, `slug`, `body`) VALUES (\'  BFP TO SHOWCASE SKILLS, CAPABILITIES AND MUSICALITY AT THE 7TH NATIONAL FIRE OLYMPICS\', \'bfp-to-showcase-skills-capabilities-and-musicality-at-the-7th-national-fire-olympics\', \'As part of the observance of the Fire Prevention Month, the Bureau of Fire Protection is all set for the 7th National Fire Olympics that features the agency’s skills and capabilities. In addition, the BFP Bands Musiklaban, also known as BBM, now on its second year features original compositions of regional musicians and songwriters\')', 0)
 2 SYSTEMPATH\Database\BaseConnection.php(693): CodeIgniter\Database\MySQLi\Connection->execute('INSERT INTO `news` (`title`, `slug`, `body`) VALUES (\'  BFP TO SHOWCASE SKILLS, CAPABILITIES AND MUSICALITY AT THE 7TH NATIONAL FIRE OLYMPICS\', \'bfp-to-showcase-skills-capabilities-and-musicality-at-the-7th-national-fire-olympics\', \'As part of the observance of the Fire Prevention Month, the Bureau of Fire Protection is all set for the 7th National Fire Olympics that features the agency’s skills and capabilities. In addition, the BFP Bands Musiklaban, also known as BBM, now on its second year features original compositions of regional musicians and songwriters\')')
 3 SYSTEMPATH\Database\BaseConnection.php(607): CodeIgniter\Database\BaseConnection->simpleQuery('INSERT INTO `news` (`title`, `slug`, `body`) VALUES (\'  BFP TO SHOWCASE SKILLS, CAPABILITIES AND MUSICALITY AT THE 7TH NATIONAL FIRE OLYMPICS\', \'bfp-to-showcase-skills-capabilities-and-musicality-at-the-7th-national-fire-olympics\', \'As part of the observance of the Fire Prevention Month, the Bureau of Fire Protection is all set for the 7th National Fire Olympics that features the agency’s skills and capabilities. In addition, the BFP Bands Musiklaban, also known as BBM, now on its second year features original compositions of regional musicians and songwriters\')')
 4 SYSTEMPATH\Database\BaseBuilder.php(2302): CodeIgniter\Database\BaseConnection->query('INSERT INTO `news` (`title`, `slug`, `body`) VALUES (:title:, :slug:, :body:)', [...], false)
 5 SYSTEMPATH\Model.php(326): CodeIgniter\Database\BaseBuilder->insert()
 6 SYSTEMPATH\BaseModel.php(802): CodeIgniter\Model->doInsert([...])
 7 SYSTEMPATH\Model.php(744): CodeIgniter\BaseModel->insert([...], true)
 8 APPPATH\Controllers\NewsController.php(51): CodeIgniter\Model->insert([...])
 9 SYSTEMPATH\CodeIgniter.php(941): App\Controllers\NewsController->store()
10 SYSTEMPATH\CodeIgniter.php(502): CodeIgniter\CodeIgniter->runController(Object(App\Controllers\NewsController))
11 SYSTEMPATH\CodeIgniter.php(361): CodeIgniter\CodeIgniter->handleRequest(null, Object(Config\Cache), false)
12 FCPATH\index.php(79): CodeIgniter\CodeIgniter->run()
13 SYSTEMPATH\Commands\Server\rewrite.php(47): require_once('C:\\laragon\\www\\BFP_WEBSITE\\public\\index.php')
CRITICAL - 2024-01-13 09:54:01 --> ErrorException: Undefined array key "body"
in APPPATH\Views\NEWS\NewsView.php on line 49.
 1 APPPATH\Views\NEWS\NewsView.php(49): CodeIgniter\Debug\Exceptions->errorHandler(2, 'Undefined array key "body"', 'C:\\laragon\\www\\BFP_WEBSITE\\app\\Views\\NEWS\\NewsView.php', 49)
 2 SYSTEMPATH\View\View.php(228): include('C:\\laragon\\www\\BFP_WEBSITE\\app\\Views\\NEWS\\NewsView.php')
 3 SYSTEMPATH\View\View.php(231): CodeIgniter\View\View->CodeIgniter\View\{closure}()
 4 SYSTEMPATH\Common.php(1178): CodeIgniter\View\View->render('NEWS/NewsView', [], true)
 5 APPPATH\Controllers\NewsController.php(18): view('NEWS/NewsView', [...])
 6 SYSTEMPATH\CodeIgniter.php(941): App\Controllers\NewsController->news()
 7 SYSTEMPATH\CodeIgniter.php(502): CodeIgniter\CodeIgniter->runController(Object(App\Controllers\NewsController))
 8 SYSTEMPATH\CodeIgniter.php(361): CodeIgniter\CodeIgniter->handleRequest(null, Object(Config\Cache), false)
 9 FCPATH\index.php(79): CodeIgniter\CodeIgniter->run()
10 SYSTEMPATH\Commands\Server\rewrite.php(47): require_once('C:\\laragon\\www\\BFP_WEBSITE\\public\\index.php')
CRITICAL - 2024-01-13 09:54:51 --> ErrorException: Undefined array key "body"
in APPPATH\Views\NEWS\NewsContent.php on line 74.
 1 APPPATH\Views\NEWS\NewsContent.php(74): CodeIgniter\Debug\Exceptions->errorHandler(2, 'Undefined array key "body"', 'C:\\laragon\\www\\BFP_WEBSITE\\app\\Views\\NEWS\\NewsContent.php', 74)
 2 SYSTEMPATH\View\View.php(228): include('C:\\laragon\\www\\BFP_WEBSITE\\app\\Views\\NEWS\\NewsContent.php')
 3 SYSTEMPATH\View\View.php(231): CodeIgniter\View\View->CodeIgniter\View\{closure}()
 4 SYSTEMPATH\Common.php(1178): CodeIgniter\View\View->render('NEWS/NewsContent', [], true)
 5 APPPATH\Controllers\NewsController.php(33): view('NEWS/NewsContent', [...])
 6 SYSTEMPATH\CodeIgniter.php(941): App\Controllers\NewsController->show('As part of the observance of the Fire Prevention Month, the Bureau of Fire Protection is all set for the 7th National Fire Olympics that features the agency’s skills and capabilities. In addition')
 7 SYSTEMPATH\CodeIgniter.php(502): CodeIgniter\CodeIgniter->runController(Object(App\Controllers\NewsController))
 8 SYSTEMPATH\CodeIgniter.php(361): CodeIgniter\CodeIgniter->handleRequest(null, Object(Config\Cache), false)
 9 FCPATH\index.php(79): CodeIgniter\CodeIgniter->run()
10 SYSTEMPATH\Commands\Server\rewrite.php(47): require_once('C:\\laragon\\www\\BFP_WEBSITE\\public\\index.php')
ERROR - 2024-01-13 10:01:24 --> mysqli_sql_exception: Unknown column 'created_at' in 'field list' in C:\laragon\www\BFP_WEBSITE\system\Database\MySQLi\Connection.php:306
Stack trace:
#0 C:\laragon\www\BFP_WEBSITE\system\Database\MySQLi\Connection.php(306): mysqli->query('INSERT INTO `ne...', 0)
#1 C:\laragon\www\BFP_WEBSITE\system\Database\BaseConnection.php(693): CodeIgniter\Database\MySQLi\Connection->execute('INSERT INTO `ne...')
#2 C:\laragon\www\BFP_WEBSITE\system\Database\BaseConnection.php(607): CodeIgniter\Database\BaseConnection->simpleQuery('INSERT INTO `ne...')
#3 C:\laragon\www\BFP_WEBSITE\system\Database\BaseBuilder.php(2302): CodeIgniter\Database\BaseConnection->query('INSERT INTO `ne...', Array, false)
#4 C:\laragon\www\BFP_WEBSITE\system\Model.php(326): CodeIgniter\Database\BaseBuilder->insert()
#5 C:\laragon\www\BFP_WEBSITE\system\BaseModel.php(802): CodeIgniter\Model->doInsert(Array)
#6 C:\laragon\www\BFP_WEBSITE\system\Model.php(744): CodeIgniter\BaseModel->insert(Array, true)
#7 C:\laragon\www\BFP_WEBSITE\app\Controllers\NewsController.php(51): CodeIgniter\Model->insert(Array)
#8 C:\laragon\www\BFP_WEBSITE\system\CodeIgniter.php(941): App\Controllers\NewsController->store()
#9 C:\laragon\www\BFP_WEBSITE\system\CodeIgniter.php(502): CodeIgniter\CodeIgniter->runController(Object(App\Controllers\NewsController))
#10 C:\laragon\www\BFP_WEBSITE\system\CodeIgniter.php(361): CodeIgniter\CodeIgniter->handleRequest(NULL, Object(Config\Cache), false)
#11 C:\laragon\www\BFP_WEBSITE\public\index.php(79): CodeIgniter\CodeIgniter->run()
#12 C:\laragon\www\BFP_WEBSITE\system\Commands\Server\rewrite.php(47): require_once('C:\\laragon\\www\\...')
#13 {main}
CRITICAL - 2024-01-13 10:01:24 --> CodeIgniter\Database\Exceptions\DatabaseException: Unknown column 'created_at' in 'field list'
in SYSTEMPATH\Database\BaseConnection.php on line 647.
 1 SYSTEMPATH\Database\BaseBuilder.php(2302): CodeIgniter\Database\BaseConnection->query('INSERT INTO `news` (`title`, `slug`, `content`, `created_at`, `updated_at`) VALUES (:title:, :slug:, :content:, :created_at:, :updated_at:)', [...], false)
 2 SYSTEMPATH\Model.php(326): CodeIgniter\Database\BaseBuilder->insert()
 3 SYSTEMPATH\BaseModel.php(802): CodeIgniter\Model->doInsert([...])
 4 SYSTEMPATH\Model.php(744): CodeIgniter\BaseModel->insert([...], true)
 5 APPPATH\Controllers\NewsController.php(51): CodeIgniter\Model->insert([...])
 6 SYSTEMPATH\CodeIgniter.php(941): App\Controllers\NewsController->store()
 7 SYSTEMPATH\CodeIgniter.php(502): CodeIgniter\CodeIgniter->runController(Object(App\Controllers\NewsController))
 8 SYSTEMPATH\CodeIgniter.php(361): CodeIgniter\CodeIgniter->handleRequest(null, Object(Config\Cache), false)
 9 FCPATH\index.php(79): CodeIgniter\CodeIgniter->run()
10 SYSTEMPATH\Commands\Server\rewrite.php(47): require_once('C:\\laragon\\www\\BFP_WEBSITE\\public\\index.php')
CRITICAL - 2024-01-13 10:01:24 --> [Caused by] CodeIgniter\Database\Exceptions\DatabaseException: Unknown column 'created_at' in 'field list'
in SYSTEMPATH\Database\MySQLi\Connection.php on line 311.
 1 SYSTEMPATH\Database\BaseConnection.php(693): CodeIgniter\Database\MySQLi\Connection->execute('INSERT INTO `news` (`title`, `slug`, `content`, `created_at`, `updated_at`) VALUES (\'Try ko lang\', \'try-ko-lang\', \'try try try\', \'2024-01-13 10:01:24\', \'2024-01-13 10:01:24\')')
 2 SYSTEMPATH\Database\BaseConnection.php(607): CodeIgniter\Database\BaseConnection->simpleQuery('INSERT INTO `news` (`title`, `slug`, `content`, `created_at`, `updated_at`) VALUES (\'Try ko lang\', \'try-ko-lang\', \'try try try\', \'2024-01-13 10:01:24\', \'2024-01-13 10:01:24\')')
 3 SYSTEMPATH\Database\BaseBuilder.php(2302): CodeIgniter\Database\BaseConnection->query('INSERT INTO `news` (`title`, `slug`, `content`, `created_at`, `updated_at`) VALUES (:title:, :slug:, :content:, :created_at:, :updated_at:)', [...], false)
 4 SYSTEMPATH\Model.php(326): CodeIgniter\Database\BaseBuilder->insert()
 5 SYSTEMPATH\BaseModel.php(802): CodeIgniter\Model->doInsert([...])
 6 SYSTEMPATH\Model.php(744): CodeIgniter\BaseModel->insert([...], true)
 7 APPPATH\Controllers\NewsController.php(51): CodeIgniter\Model->insert([...])
 8 SYSTEMPATH\CodeIgniter.php(941): App\Controllers\NewsController->store()
 9 SYSTEMPATH\CodeIgniter.php(502): CodeIgniter\CodeIgniter->runController(Object(App\Controllers\NewsController))
10 SYSTEMPATH\CodeIgniter.php(361): CodeIgniter\CodeIgniter->handleRequest(null, Object(Config\Cache), false)
11 FCPATH\index.php(79): CodeIgniter\CodeIgniter->run()
12 SYSTEMPATH\Commands\Server\rewrite.php(47): require_once('C:\\laragon\\www\\BFP_WEBSITE\\public\\index.php')
CRITICAL - 2024-01-13 10:01:24 --> [Caused by] mysqli_sql_exception: Unknown column 'created_at' in 'field list'
in SYSTEMPATH\Database\MySQLi\Connection.php on line 306.
 1 SYSTEMPATH\Database\MySQLi\Connection.php(306): mysqli->query('INSERT INTO `news` (`title`, `slug`, `content`, `created_at`, `updated_at`) VALUES (\'Try ko lang\', \'try-ko-lang\', \'try try try\', \'2024-01-13 10:01:24\', \'2024-01-13 10:01:24\')', 0)
 2 SYSTEMPATH\Database\BaseConnection.php(693): CodeIgniter\Database\MySQLi\Connection->execute('INSERT INTO `news` (`title`, `slug`, `content`, `created_at`, `updated_at`) VALUES (\'Try ko lang\', \'try-ko-lang\', \'try try try\', \'2024-01-13 10:01:24\', \'2024-01-13 10:01:24\')')
 3 SYSTEMPATH\Database\BaseConnection.php(607): CodeIgniter\Database\BaseConnection->simpleQuery('INSERT INTO `news` (`title`, `slug`, `content`, `created_at`, `updated_at`) VALUES (\'Try ko lang\', \'try-ko-lang\', \'try try try\', \'2024-01-13 10:01:24\', \'2024-01-13 10:01:24\')')
 4 SYSTEMPATH\Database\BaseBuilder.php(2302): CodeIgniter\Database\BaseConnection->query('INSERT INTO `news` (`title`, `slug`, `content`, `created_at`, `updated_at`) VALUES (:title:, :slug:, :content:, :created_at:, :updated_at:)', [...], false)
 5 SYSTEMPATH\Model.php(326): CodeIgniter\Database\BaseBuilder->insert()
 6 SYSTEMPATH\BaseModel.php(802): CodeIgniter\Model->doInsert([...])
 7 SYSTEMPATH\Model.php(744): CodeIgniter\BaseModel->insert([...], true)
 8 APPPATH\Controllers\NewsController.php(51): CodeIgniter\Model->insert([...])
 9 SYSTEMPATH\CodeIgniter.php(941): App\Controllers\NewsController->store()
10 SYSTEMPATH\CodeIgniter.php(502): CodeIgniter\CodeIgniter->runController(Object(App\Controllers\NewsController))
11 SYSTEMPATH\CodeIgniter.php(361): CodeIgniter\CodeIgniter->handleRequest(null, Object(Config\Cache), false)
12 FCPATH\index.php(79): CodeIgniter\CodeIgniter->run()
13 SYSTEMPATH\Commands\Server\rewrite.php(47): require_once('C:\\laragon\\www\\BFP_WEBSITE\\public\\index.php')
CRITICAL - 2024-01-13 10:50:12 --> CodeIgniter\View\Exceptions\ViewException: Invalid file: "ACOMPONENTS/NEWS/newsmaincontent.php"
in SYSTEMPATH\Exceptions\FrameworkException.php on line 39.
 1 SYSTEMPATH\View\View.php(216): CodeIgniter\Exceptions\FrameworkException::forInvalidFile('ACOMPONENTS/NEWS/newsmaincontent.php')
 2 SYSTEMPATH\Common.php(1178): CodeIgniter\View\View->render('ACOMPONENTS/NEWS/newsmaincontent', [], true)
 3 APPPATH\Views\ADMINMANAGE\manage.php(23): view('ACOMPONENTS/NEWS/newsmaincontent')
 4 SYSTEMPATH\View\View.php(228): include('C:\\laragon\\www\\BFP_WEBSITE\\app\\Views\\ADMINMANAGE\\manage.php')
 5 SYSTEMPATH\View\View.php(231): CodeIgniter\View\View->CodeIgniter\View\{closure}()
 6 SYSTEMPATH\Common.php(1178): CodeIgniter\View\View->render('ADMINMANAGE/manage', [], true)
 7 APPPATH\Controllers\ANavigationController.php(12): view('ADMINMANAGE/manage')
 8 SYSTEMPATH\CodeIgniter.php(941): App\Controllers\ANavigationController->adminManage()
 9 SYSTEMPATH\CodeIgniter.php(502): CodeIgniter\CodeIgniter->runController(Object(App\Controllers\ANavigationController))
10 SYSTEMPATH\CodeIgniter.php(361): CodeIgniter\CodeIgniter->handleRequest(null, Object(Config\Cache), false)
11 FCPATH\index.php(79): CodeIgniter\CodeIgniter->run()
12 SYSTEMPATH\Commands\Server\rewrite.php(47): require_once('C:\\laragon\\www\\BFP_WEBSITE\\public\\index.php')
CRITICAL - 2024-01-13 10:57:36 --> ErrorException: Cannot redeclare getCurrentTime() (previously declared in C:\laragon\www\BFP_WEBSITE\app\Views\ACOMPONENTS\adminheader.php:187)
in APPPATH\Views\ACOMPONENTS\adminheader.php on line 186.
 1 [internal function]: CodeIgniter\Debug\Exceptions->shutdownHandler()
CRITICAL - 2024-01-13 10:57:48 --> ErrorException: Cannot redeclare getCurrentTime() (previously declared in C:\laragon\www\BFP_WEBSITE\app\Views\ACOMPONENTS\adminheader.php:187)
in APPPATH\Views\ACOMPONENTS\adminheader.php on line 186.
 1 [internal function]: CodeIgniter\Debug\Exceptions->shutdownHandler()
CRITICAL - 2024-01-13 10:58:08 --> ErrorException: Cannot redeclare getCurrentTime() (previously declared in C:\laragon\www\BFP_WEBSITE\app\Views\ACOMPONENTS\adminheader.php:187)
in APPPATH\Views\ACOMPONENTS\adminheader.php on line 186.
 1 [internal function]: CodeIgniter\Debug\Exceptions->shutdownHandler()
CRITICAL - 2024-01-13 10:58:18 --> ErrorException: Cannot redeclare getCurrentTime() (previously declared in C:\laragon\www\BFP_WEBSITE\app\Views\ACOMPONENTS\adminheader.php:187)
in APPPATH\Views\ACOMPONENTS\adminheader.php on line 186.
 1 [internal function]: CodeIgniter\Debug\Exceptions->shutdownHandler()
CRITICAL - 2024-01-13 10:58:47 --> ErrorException: Cannot redeclare getCurrentTime() (previously declared in C:\laragon\www\BFP_WEBSITE\app\Views\ACOMPONENTS\adminheader.php:187)
in APPPATH\Views\ACOMPONENTS\adminheader.php on line 186.
 1 [internal function]: CodeIgniter\Debug\Exceptions->shutdownHandler()
CRITICAL - 2024-01-13 10:59:00 --> ErrorException: Cannot redeclare getCurrentTime() (previously declared in C:\laragon\www\BFP_WEBSITE\app\Views\ACOMPONENTS\adminheader.php:187)
in APPPATH\Views\ACOMPONENTS\adminheader.php on line 186.
 1 [internal function]: CodeIgniter\Debug\Exceptions->shutdownHandler()
CRITICAL - 2024-01-13 10:59:21 --> ErrorException: Cannot redeclare getCurrentTime() (previously declared in C:\laragon\www\BFP_WEBSITE\app\Views\ACOMPONENTS\adminheader.php:187)
in APPPATH\Views\ACOMPONENTS\adminheader.php on line 186.
 1 [internal function]: CodeIgniter\Debug\Exceptions->shutdownHandler()
CRITICAL - 2024-01-13 10:59:25 --> ErrorException: Cannot redeclare getCurrentTime() (previously declared in C:\laragon\www\BFP_WEBSITE\app\Views\ACOMPONENTS\adminheader.php:187)
in APPPATH\Views\ACOMPONENTS\adminheader.php on line 186.
 1 [internal function]: CodeIgniter\Debug\Exceptions->shutdownHandler()
CRITICAL - 2024-01-13 10:59:31 --> ErrorException: Cannot redeclare getCurrentTime() (previously declared in C:\laragon\www\BFP_WEBSITE\app\Views\ACOMPONENTS\adminheader.php:187)
in APPPATH\Views\ACOMPONENTS\adminheader.php on line 186.
 1 [internal function]: CodeIgniter\Debug\Exceptions->shutdownHandler()
CRITICAL - 2024-01-13 11:01:10 --> CodeIgniter\View\Exceptions\ViewException: Invalid file: "ACOMPONENTS/NEWS/adminheader.php"
in SYSTEMPATH\Exceptions\FrameworkException.php on line 39.
 1 SYSTEMPATH\View\View.php(216): CodeIgniter\Exceptions\FrameworkException::forInvalidFile('ACOMPONENTS/NEWS/adminheader.php')
 2 SYSTEMPATH\Common.php(1178): CodeIgniter\View\View->render('ACOMPONENTS/NEWS/adminheader', [], true)
 3 APPPATH\Views\ADMINMANAGE\manage.php(4): view('ACOMPONENTS/NEWS/adminheader')
 4 SYSTEMPATH\View\View.php(228): include('C:\\laragon\\www\\BFP_WEBSITE\\app\\Views\\ADMINMANAGE\\manage.php')
 5 SYSTEMPATH\View\View.php(231): CodeIgniter\View\View->CodeIgniter\View\{closure}()
 6 SYSTEMPATH\Common.php(1178): CodeIgniter\View\View->render('ADMINMANAGE/manage', [], true)
 7 APPPATH\Controllers\ANavigationController.php(12): view('ADMINMANAGE/manage')
 8 SYSTEMPATH\CodeIgniter.php(941): App\Controllers\ANavigationController->adminManage()
 9 SYSTEMPATH\CodeIgniter.php(502): CodeIgniter\CodeIgniter->runController(Object(App\Controllers\ANavigationController))
10 SYSTEMPATH\CodeIgniter.php(361): CodeIgniter\CodeIgniter->handleRequest(null, Object(Config\Cache), false)
11 FCPATH\index.php(79): CodeIgniter\CodeIgniter->run()
12 SYSTEMPATH\Commands\Server\rewrite.php(47): require_once('C:\\laragon\\www\\BFP_WEBSITE\\public\\index.php')
CRITICAL - 2024-01-13 11:01:18 --> ErrorException: Cannot redeclare getCurrentTime() (previously declared in C:\laragon\www\BFP_WEBSITE\app\Views\ACOMPONENTS\adminheader.php:187)
in APPPATH\Views\ACOMPONENTS\adminheader.php on line 186.
 1 [internal function]: CodeIgniter\Debug\Exceptions->shutdownHandler()
CRITICAL - 2024-01-13 11:01:37 --> ErrorException: Cannot redeclare getCurrentTime() (previously declared in C:\laragon\www\BFP_WEBSITE\app\Views\ACOMPONENTS\adminheader.php:187)
in APPPATH\Views\ACOMPONENTS\adminheader.php on line 186.
 1 [internal function]: CodeIgniter\Debug\Exceptions->shutdownHandler()
CRITICAL - 2024-01-13 11:01:47 --> ErrorException: Cannot redeclare getCurrentTime() (previously declared in C:\laragon\www\BFP_WEBSITE\app\Views\ACOMPONENTS\adminheader.php:187)
in APPPATH\Views\ACOMPONENTS\adminheader.php on line 186.
 1 [internal function]: CodeIgniter\Debug\Exceptions->shutdownHandler()
CRITICAL - 2024-01-13 11:01:58 --> ErrorException: Cannot redeclare getCurrentTime() (previously declared in C:\laragon\www\BFP_WEBSITE\app\Views\ACOMPONENTS\adminheader.php:187)
in APPPATH\Views\ACOMPONENTS\adminheader.php on line 186.
 1 [internal function]: CodeIgniter\Debug\Exceptions->shutdownHandler()
CRITICAL - 2024-01-13 11:02:06 --> ErrorException: Cannot redeclare getCurrentTime() (previously declared in C:\laragon\www\BFP_WEBSITE\app\Views\ACOMPONENTS\adminheader.php:187)
in APPPATH\Views\ACOMPONENTS\adminheader.php on line 186.
 1 [internal function]: CodeIgniter\Debug\Exceptions->shutdownHandler()
CRITICAL - 2024-01-13 11:02:10 --> ErrorException: Cannot redeclare getCurrentTime() (previously declared in C:\laragon\www\BFP_WEBSITE\app\Views\ACOMPONENTS\adminheader.php:187)
in APPPATH\Views\ACOMPONENTS\adminheader.php on line 186.
 1 [internal function]: CodeIgniter\Debug\Exceptions->shutdownHandler()
CRITICAL - 2024-01-13 11:02:44 --> ErrorException: Cannot redeclare getCurrentTime() (previously declared in C:\laragon\www\BFP_WEBSITE\app\Views\ACOMPONENTS\adminheader.php:186)
in APPPATH\Views\ACOMPONENTS\adminheader.php on line 185.
 1 [internal function]: CodeIgniter\Debug\Exceptions->shutdownHandler()
CRITICAL - 2024-01-13 11:02:45 --> ErrorException: Cannot redeclare getCurrentTime() (previously declared in C:\laragon\www\BFP_WEBSITE\app\Views\ACOMPONENTS\adminheader.php:186)
in APPPATH\Views\ACOMPONENTS\adminheader.php on line 185.
 1 [internal function]: CodeIgniter\Debug\Exceptions->shutdownHandler()
CRITICAL - 2024-01-13 11:02:45 --> ErrorException: Cannot redeclare getCurrentTime() (previously declared in C:\laragon\www\BFP_WEBSITE\app\Views\ACOMPONENTS\adminheader.php:186)
in APPPATH\Views\ACOMPONENTS\adminheader.php on line 185.
 1 [internal function]: CodeIgniter\Debug\Exceptions->shutdownHandler()
CRITICAL - 2024-01-13 11:02:46 --> ErrorException: Cannot redeclare getCurrentTime() (previously declared in C:\laragon\www\BFP_WEBSITE\app\Views\ACOMPONENTS\adminheader.php:186)
in APPPATH\Views\ACOMPONENTS\adminheader.php on line 185.
 1 [internal function]: CodeIgniter\Debug\Exceptions->shutdownHandler()
CRITICAL - 2024-01-13 11:03:46 --> ErrorException: Cannot redeclare getCurrentTime() (previously declared in C:\laragon\www\BFP_WEBSITE\app\Views\ACOMPONENTS\adminheader.php:186)
in APPPATH\Views\ACOMPONENTS\adminheader.php on line 185.
 1 [internal function]: CodeIgniter\Debug\Exceptions->shutdownHandler()
CRITICAL - 2024-01-13 11:03:49 --> ErrorException: Cannot redeclare getCurrentTime() (previously declared in C:\laragon\www\BFP_WEBSITE\app\Views\ACOMPONENTS\adminheader.php:186)
in APPPATH\Views\ACOMPONENTS\adminheader.php on line 185.
 1 [internal function]: CodeIgniter\Debug\Exceptions->shutdownHandler()
CRITICAL - 2024-01-13 11:05:32 --> ErrorException: Cannot redeclare getCurrentTime() (previously declared in C:\laragon\www\BFP_WEBSITE\app\Views\ACOMPONENTS\adminheader.php:187)
in APPPATH\Views\ACOMPONENTS\adminheader.php on line 186.
 1 [internal function]: CodeIgniter\Debug\Exceptions->shutdownHandler()
CRITICAL - 2024-01-13 11:05:32 --> ErrorException: Cannot redeclare getCurrentTime() (previously declared in C:\laragon\www\BFP_WEBSITE\app\Views\ACOMPONENTS\adminheader.php:187)
in APPPATH\Views\ACOMPONENTS\adminheader.php on line 186.
 1 [internal function]: CodeIgniter\Debug\Exceptions->shutdownHandler()
CRITICAL - 2024-01-13 11:05:33 --> ErrorException: Cannot redeclare getCurrentTime() (previously declared in C:\laragon\www\BFP_WEBSITE\app\Views\ACOMPONENTS\adminheader.php:187)
in APPPATH\Views\ACOMPONENTS\adminheader.php on line 186.
 1 [internal function]: CodeIgniter\Debug\Exceptions->shutdownHandler()
CRITICAL - 2024-01-13 11:05:33 --> ErrorException: Cannot redeclare getCurrentTime() (previously declared in C:\laragon\www\BFP_WEBSITE\app\Views\ACOMPONENTS\adminheader.php:187)
in APPPATH\Views\ACOMPONENTS\adminheader.php on line 186.
 1 [internal function]: CodeIgniter\Debug\Exceptions->shutdownHandler()
CRITICAL - 2024-01-13 11:06:38 --> ErrorException: Cannot redeclare getCurrentTime() (previously declared in C:\laragon\www\BFP_WEBSITE\app\Views\ACOMPONENTS\adminheader.php:187)
in APPPATH\Views\ACOMPONENTS\adminheader.php on line 186.
 1 [internal function]: CodeIgniter\Debug\Exceptions->shutdownHandler()
CRITICAL - 2024-01-13 11:06:38 --> ErrorException: Cannot redeclare getCurrentTime() (previously declared in C:\laragon\www\BFP_WEBSITE\app\Views\ACOMPONENTS\adminheader.php:187)
in APPPATH\Views\ACOMPONENTS\adminheader.php on line 186.
 1 [internal function]: CodeIgniter\Debug\Exceptions->shutdownHandler()
CRITICAL - 2024-01-13 11:06:38 --> ErrorException: Cannot redeclare getCurrentTime() (previously declared in C:\laragon\www\BFP_WEBSITE\app\Views\ACOMPONENTS\adminheader.php:187)
in APPPATH\Views\ACOMPONENTS\adminheader.php on line 186.
 1 [internal function]: CodeIgniter\Debug\Exceptions->shutdownHandler()
CRITICAL - 2024-01-13 11:06:39 --> ErrorException: Cannot redeclare getCurrentTime() (previously declared in C:\laragon\www\BFP_WEBSITE\app\Views\ACOMPONENTS\adminheader.php:187)
in APPPATH\Views\ACOMPONENTS\adminheader.php on line 186.
 1 [internal function]: CodeIgniter\Debug\Exceptions->shutdownHandler()
CRITICAL - 2024-01-13 11:06:43 --> CodeIgniter\View\Exceptions\ViewException: Invalid file: "ADMIN/adminlogin.php"
in SYSTEMPATH\Exceptions\FrameworkException.php on line 39.
 1 SYSTEMPATH\View\View.php(216): CodeIgniter\Exceptions\FrameworkException::forInvalidFile('ADMIN/adminlogin.php')
 2 SYSTEMPATH\Common.php(1178): CodeIgniter\View\View->render('ADMIN/adminlogin', [], true)
 3 APPPATH\Controllers\AHomeController.php(34): view('ADMIN/adminlogin')
 4 SYSTEMPATH\CodeIgniter.php(941): App\Controllers\AhomeController->adminLogout()
 5 SYSTEMPATH\CodeIgniter.php(502): CodeIgniter\CodeIgniter->runController(Object(App\Controllers\AhomeController))
 6 SYSTEMPATH\CodeIgniter.php(361): CodeIgniter\CodeIgniter->handleRequest(null, Object(Config\Cache), false)
 7 FCPATH\index.php(79): CodeIgniter\CodeIgniter->run()
 8 SYSTEMPATH\Commands\Server\rewrite.php(47): require_once('C:\\laragon\\www\\BFP_WEBSITE\\public\\index.php')
CRITICAL - 2024-01-13 11:09:57 --> ErrorException: Cannot redeclare getCurrentTime() (previously declared in C:\laragon\www\BFP_WEBSITE\app\Views\ACOMPONENTS\adminheader.php:187)
in APPPATH\Views\ACOMPONENTS\adminheader.php on line 186.
 1 [internal function]: CodeIgniter\Debug\Exceptions->shutdownHandler()
CRITICAL - 2024-01-13 11:10:56 --> ErrorException: Cannot redeclare getCurrentTime() (previously declared in C:\laragon\www\BFP_WEBSITE\app\Views\ACOMPONENTS\adminheader.php:187)
in APPPATH\Views\ACOMPONENTS\adminheader.php on line 186.
 1 [internal function]: CodeIgniter\Debug\Exceptions->shutdownHandler()
CRITICAL - 2024-01-13 11:11:30 --> ErrorException: Cannot redeclare getCurrentTime() (previously declared in C:\laragon\www\BFP_WEBSITE\app\Views\ACOMPONENTS\adminheader.php:187)
in APPPATH\Views\ACOMPONENTS\adminheader.php on line 186.
 1 [internal function]: CodeIgniter\Debug\Exceptions->shutdownHandler()
CRITICAL - 2024-01-13 11:12:59 --> ErrorException: Cannot redeclare getCurrentTime() (previously declared in C:\laragon\www\BFP_WEBSITE\app\Views\ACOMPONENTS\adminheader.php:187)
in APPPATH\Views\ACOMPONENTS\adminheader.php on line 186.
 1 [internal function]: CodeIgniter\Debug\Exceptions->shutdownHandler()
CRITICAL - 2024-01-13 11:13:54 --> ErrorException: Cannot redeclare getCurrentTime() (previously declared in C:\laragon\www\BFP_WEBSITE\app\Views\ACOMPONENTS\adminheader.php:187)
in APPPATH\Views\ACOMPONENTS\adminheader.php on line 186.
 1 [internal function]: CodeIgniter\Debug\Exceptions->shutdownHandler()
CRITICAL - 2024-01-13 11:14:34 --> ErrorException: Cannot redeclare getCurrentTime() (previously declared in C:\laragon\www\BFP_WEBSITE\app\Views\ACOMPONENTS\adminheader.php:187)
in APPPATH\Views\ACOMPONENTS\adminheader.php on line 186.
 1 [internal function]: CodeIgniter\Debug\Exceptions->shutdownHandler()
CRITICAL - 2024-01-13 11:29:30 --> ErrorException: Cannot redeclare getCurrentTime() (previously declared in C:\laragon\www\BFP_WEBSITE\app\Views\ACOMPONENTS\adminheader.php:187)
in APPPATH\Views\ACOMPONENTS\adminheader.php on line 186.
 1 [internal function]: CodeIgniter\Debug\Exceptions->shutdownHandler()
CRITICAL - 2024-01-13 11:30:05 --> ErrorException: Cannot redeclare getCurrentTime() (previously declared in C:\laragon\www\BFP_WEBSITE\app\Views\ACOMPONENTS\adminheader.php:187)
in APPPATH\Views\ACOMPONENTS\adminheader.php on line 186.
 1 [internal function]: CodeIgniter\Debug\Exceptions->shutdownHandler()
CRITICAL - 2024-01-13 11:30:44 --> ErrorException: Cannot redeclare getCurrentTime() (previously declared in C:\laragon\www\BFP_WEBSITE\app\Views\ACOMPONENTS\adminheader.php:187)
in APPPATH\Views\ACOMPONENTS\adminheader.php on line 186.
 1 [internal function]: CodeIgniter\Debug\Exceptions->shutdownHandler()
CRITICAL - 2024-01-13 11:31:16 --> ErrorException: Cannot redeclare getCurrentTime() (previously declared in C:\laragon\www\BFP_WEBSITE\app\Views\ACOMPONENTS\adminheader.php:187)
in APPPATH\Views\ACOMPONENTS\adminheader.php on line 186.
 1 [internal function]: CodeIgniter\Debug\Exceptions->shutdownHandler()
CRITICAL - 2024-01-13 11:32:05 --> ErrorException: Cannot redeclare getCurrentTime() (previously declared in C:\laragon\www\BFP_WEBSITE\app\Views\ACOMPONENTS\adminheader.php:187)
in APPPATH\Views\ACOMPONENTS\adminheader.php on line 186.
 1 [internal function]: CodeIgniter\Debug\Exceptions->shutdownHandler()
CRITICAL - 2024-01-13 11:32:34 --> ErrorException: Cannot redeclare getCurrentTime() (previously declared in C:\laragon\www\BFP_WEBSITE\app\Views\ACOMPONENTS\adminheader.php:187)
in APPPATH\Views\ACOMPONENTS\adminheader.php on line 186.
 1 [internal function]: CodeIgniter\Debug\Exceptions->shutdownHandler()
CRITICAL - 2024-01-13 11:35:13 --> ErrorException: Cannot redeclare getCurrentTime() (previously declared in C:\laragon\www\BFP_WEBSITE\app\Views\ACOMPONENTS\adminheader.php:187)
in APPPATH\Views\ACOMPONENTS\adminheader.php on line 186.
 1 [internal function]: CodeIgniter\Debug\Exceptions->shutdownHandler()
CRITICAL - 2024-01-13 11:35:38 --> ErrorException: Cannot redeclare getCurrentTime() (previously declared in C:\laragon\www\BFP_WEBSITE\app\Views\ACOMPONENTS\adminheader.php:187)
in APPPATH\Views\ACOMPONENTS\adminheader.php on line 186.
 1 [internal function]: CodeIgniter\Debug\Exceptions->shutdownHandler()
CRITICAL - 2024-01-13 11:42:59 --> ErrorException: Cannot redeclare getCurrentTime() (previously declared in C:\laragon\www\BFP_WEBSITE\app\Views\ACOMPONENTS\adminheader.php:187)
in APPPATH\Views\ACOMPONENTS\adminheader.php on line 186.
 1 [internal function]: CodeIgniter\Debug\Exceptions->shutdownHandler()
ERROR - 2024-01-13 11:43:54 --> mysqli_sql_exception: Duplicate entry '4th-try' for key 'news.slug' in C:\laragon\www\BFP_WEBSITE\system\Database\MySQLi\Connection.php:306
Stack trace:
#0 C:\laragon\www\BFP_WEBSITE\system\Database\MySQLi\Connection.php(306): mysqli->query('INSERT INTO `ne...', 0)
#1 C:\laragon\www\BFP_WEBSITE\system\Database\BaseConnection.php(693): CodeIgniter\Database\MySQLi\Connection->execute('INSERT INTO `ne...')
#2 C:\laragon\www\BFP_WEBSITE\system\Database\BaseConnection.php(607): CodeIgniter\Database\BaseConnection->simpleQuery('INSERT INTO `ne...')
#3 C:\laragon\www\BFP_WEBSITE\system\Database\BaseBuilder.php(2302): CodeIgniter\Database\BaseConnection->query('INSERT INTO `ne...', Array, false)
#4 C:\laragon\www\BFP_WEBSITE\system\Model.php(326): CodeIgniter\Database\BaseBuilder->insert()
#5 C:\laragon\www\BFP_WEBSITE\system\BaseModel.php(802): CodeIgniter\Model->doInsert(Array)
#6 C:\laragon\www\BFP_WEBSITE\system\Model.php(744): CodeIgniter\BaseModel->insert(Array, true)
#7 C:\laragon\www\BFP_WEBSITE\app\Controllers\NewsController.php(93): CodeIgniter\Model->insert(Array)
#8 C:\laragon\www\BFP_WEBSITE\system\CodeIgniter.php(941): App\Controllers\NewsController->store()
#9 C:\laragon\www\BFP_WEBSITE\system\CodeIgniter.php(502): CodeIgniter\CodeIgniter->runController(Object(App\Controllers\NewsController))
#10 C:\laragon\www\BFP_WEBSITE\system\CodeIgniter.php(361): CodeIgniter\CodeIgniter->handleRequest(NULL, Object(Config\Cache), false)
#11 C:\laragon\www\BFP_WEBSITE\public\index.php(79): CodeIgniter\CodeIgniter->run()
#12 C:\laragon\www\BFP_WEBSITE\system\Commands\Server\rewrite.php(47): require_once('C:\\laragon\\www\\...')
#13 {main}
CRITICAL - 2024-01-13 11:43:54 --> CodeIgniter\Database\Exceptions\DatabaseException: Duplicate entry '4th-try' for key 'news.slug'
in SYSTEMPATH\Database\BaseConnection.php on line 647.
 1 SYSTEMPATH\Database\BaseBuilder.php(2302): CodeIgniter\Database\BaseConnection->query('INSERT INTO `news` (`title`, `slug`, `content`, `image`) VALUES (:title:, :slug:, :content:, :image:)', [...], false)
 2 SYSTEMPATH\Model.php(326): CodeIgniter\Database\BaseBuilder->insert()
 3 SYSTEMPATH\BaseModel.php(802): CodeIgniter\Model->doInsert([...])
 4 SYSTEMPATH\Model.php(744): CodeIgniter\BaseModel->insert([...], true)
 5 APPPATH\Controllers\NewsController.php(93): CodeIgniter\Model->insert([...])
 6 SYSTEMPATH\CodeIgniter.php(941): App\Controllers\NewsController->store()
 7 SYSTEMPATH\CodeIgniter.php(502): CodeIgniter\CodeIgniter->runController(Object(App\Controllers\NewsController))
 8 SYSTEMPATH\CodeIgniter.php(361): CodeIgniter\CodeIgniter->handleRequest(null, Object(Config\Cache), false)
 9 FCPATH\index.php(79): CodeIgniter\CodeIgniter->run()
10 SYSTEMPATH\Commands\Server\rewrite.php(47): require_once('C:\\laragon\\www\\BFP_WEBSITE\\public\\index.php')
CRITICAL - 2024-01-13 11:43:54 --> [Caused by] CodeIgniter\Database\Exceptions\DatabaseException: Duplicate entry '4th-try' for key 'news.slug'
in SYSTEMPATH\Database\MySQLi\Connection.php on line 311.
 1 SYSTEMPATH\Database\BaseConnection.php(693): CodeIgniter\Database\MySQLi\Connection->execute('INSERT INTO `news` (`title`, `slug`, `content`, `image`) VALUES (\'4th try\', \'4th-try\', \'image is not sama sama\', \'1705146234_c29cfb562897a9a00f82.jpg\')')
 2 SYSTEMPATH\Database\BaseConnection.php(607): CodeIgniter\Database\BaseConnection->simpleQuery('INSERT INTO `news` (`title`, `slug`, `content`, `image`) VALUES (\'4th try\', \'4th-try\', \'image is not sama sama\', \'1705146234_c29cfb562897a9a00f82.jpg\')')
 3 SYSTEMPATH\Database\BaseBuilder.php(2302): CodeIgniter\Database\BaseConnection->query('INSERT INTO `news` (`title`, `slug`, `content`, `image`) VALUES (:title:, :slug:, :content:, :image:)', [...], false)
 4 SYSTEMPATH\Model.php(326): CodeIgniter\Database\BaseBuilder->insert()
 5 SYSTEMPATH\BaseModel.php(802): CodeIgniter\Model->doInsert([...])
 6 SYSTEMPATH\Model.php(744): CodeIgniter\BaseModel->insert([...], true)
 7 APPPATH\Controllers\NewsController.php(93): CodeIgniter\Model->insert([...])
 8 SYSTEMPATH\CodeIgniter.php(941): App\Controllers\NewsController->store()
 9 SYSTEMPATH\CodeIgniter.php(502): CodeIgniter\CodeIgniter->runController(Object(App\Controllers\NewsController))
10 SYSTEMPATH\CodeIgniter.php(361): CodeIgniter\CodeIgniter->handleRequest(null, Object(Config\Cache), false)
11 FCPATH\index.php(79): CodeIgniter\CodeIgniter->run()
12 SYSTEMPATH\Commands\Server\rewrite.php(47): require_once('C:\\laragon\\www\\BFP_WEBSITE\\public\\index.php')
CRITICAL - 2024-01-13 11:43:54 --> [Caused by] mysqli_sql_exception: Duplicate entry '4th-try' for key 'news.slug'
in SYSTEMPATH\Database\MySQLi\Connection.php on line 306.
 1 SYSTEMPATH\Database\MySQLi\Connection.php(306): mysqli->query('INSERT INTO `news` (`title`, `slug`, `content`, `image`) VALUES (\'4th try\', \'4th-try\', \'image is not sama sama\', \'1705146234_c29cfb562897a9a00f82.jpg\')', 0)
 2 SYSTEMPATH\Database\BaseConnection.php(693): CodeIgniter\Database\MySQLi\Connection->execute('INSERT INTO `news` (`title`, `slug`, `content`, `image`) VALUES (\'4th try\', \'4th-try\', \'image is not sama sama\', \'1705146234_c29cfb562897a9a00f82.jpg\')')
 3 SYSTEMPATH\Database\BaseConnection.php(607): CodeIgniter\Database\BaseConnection->simpleQuery('INSERT INTO `news` (`title`, `slug`, `content`, `image`) VALUES (\'4th try\', \'4th-try\', \'image is not sama sama\', \'1705146234_c29cfb562897a9a00f82.jpg\')')
 4 SYSTEMPATH\Database\BaseBuilder.php(2302): CodeIgniter\Database\BaseConnection->query('INSERT INTO `news` (`title`, `slug`, `content`, `image`) VALUES (:title:, :slug:, :content:, :image:)', [...], false)
 5 SYSTEMPATH\Model.php(326): CodeIgniter\Database\BaseBuilder->insert()
 6 SYSTEMPATH\BaseModel.php(802): CodeIgniter\Model->doInsert([...])
 7 SYSTEMPATH\Model.php(744): CodeIgniter\BaseModel->insert([...], true)
 8 APPPATH\Controllers\NewsController.php(93): CodeIgniter\Model->insert([...])
 9 SYSTEMPATH\CodeIgniter.php(941): App\Controllers\NewsController->store()
10 SYSTEMPATH\CodeIgniter.php(502): CodeIgniter\CodeIgniter->runController(Object(App\Controllers\NewsController))
11 SYSTEMPATH\CodeIgniter.php(361): CodeIgniter\CodeIgniter->handleRequest(null, Object(Config\Cache), false)
12 FCPATH\index.php(79): CodeIgniter\CodeIgniter->run()
13 SYSTEMPATH\Commands\Server\rewrite.php(47): require_once('C:\\laragon\\www\\BFP_WEBSITE\\public\\index.php')
CRITICAL - 2024-01-13 11:44:13 --> ErrorException: Cannot redeclare getCurrentTime() (previously declared in C:\laragon\www\BFP_WEBSITE\app\Views\ACOMPONENTS\adminheader.php:187)
in APPPATH\Views\ACOMPONENTS\adminheader.php on line 186.
 1 [internal function]: CodeIgniter\Debug\Exceptions->shutdownHandler()
ERROR - 2024-01-13 11:44:34 --> mysqli_sql_exception: Duplicate entry '4th-try' for key 'news.slug' in C:\laragon\www\BFP_WEBSITE\system\Database\MySQLi\Connection.php:306
Stack trace:
#0 C:\laragon\www\BFP_WEBSITE\system\Database\MySQLi\Connection.php(306): mysqli->query('INSERT INTO `ne...', 0)
#1 C:\laragon\www\BFP_WEBSITE\system\Database\BaseConnection.php(693): CodeIgniter\Database\MySQLi\Connection->execute('INSERT INTO `ne...')
#2 C:\laragon\www\BFP_WEBSITE\system\Database\BaseConnection.php(607): CodeIgniter\Database\BaseConnection->simpleQuery('INSERT INTO `ne...')
#3 C:\laragon\www\BFP_WEBSITE\system\Database\BaseBuilder.php(2302): CodeIgniter\Database\BaseConnection->query('INSERT INTO `ne...', Array, false)
#4 C:\laragon\www\BFP_WEBSITE\system\Model.php(326): CodeIgniter\Database\BaseBuilder->insert()
#5 C:\laragon\www\BFP_WEBSITE\system\BaseModel.php(802): CodeIgniter\Model->doInsert(Array)
#6 C:\laragon\www\BFP_WEBSITE\system\Model.php(744): CodeIgniter\BaseModel->insert(Array, true)
#7 C:\laragon\www\BFP_WEBSITE\app\Controllers\NewsController.php(93): CodeIgniter\Model->insert(Array)
#8 C:\laragon\www\BFP_WEBSITE\system\CodeIgniter.php(941): App\Controllers\NewsController->store()
#9 C:\laragon\www\BFP_WEBSITE\system\CodeIgniter.php(502): CodeIgniter\CodeIgniter->runController(Object(App\Controllers\NewsController))
#10 C:\laragon\www\BFP_WEBSITE\system\CodeIgniter.php(361): CodeIgniter\CodeIgniter->handleRequest(NULL, Object(Config\Cache), false)
#11 C:\laragon\www\BFP_WEBSITE\public\index.php(79): CodeIgniter\CodeIgniter->run()
#12 C:\laragon\www\BFP_WEBSITE\system\Commands\Server\rewrite.php(47): require_once('C:\\laragon\\www\\...')
#13 {main}
CRITICAL - 2024-01-13 11:44:34 --> CodeIgniter\Database\Exceptions\DatabaseException: Duplicate entry '4th-try' for key 'news.slug'
in SYSTEMPATH\Database\BaseConnection.php on line 647.
 1 SYSTEMPATH\Database\BaseBuilder.php(2302): CodeIgniter\Database\BaseConnection->query('INSERT INTO `news` (`title`, `slug`, `content`, `image`) VALUES (:title:, :slug:, :content:, :image:)', [...], false)
 2 SYSTEMPATH\Model.php(326): CodeIgniter\Database\BaseBuilder->insert()
 3 SYSTEMPATH\BaseModel.php(802): CodeIgniter\Model->doInsert([...])
 4 SYSTEMPATH\Model.php(744): CodeIgniter\BaseModel->insert([...], true)
 5 APPPATH\Controllers\NewsController.php(93): CodeIgniter\Model->insert([...])
 6 SYSTEMPATH\CodeIgniter.php(941): App\Controllers\NewsController->store()
 7 SYSTEMPATH\CodeIgniter.php(502): CodeIgniter\CodeIgniter->runController(Object(App\Controllers\NewsController))
 8 SYSTEMPATH\CodeIgniter.php(361): CodeIgniter\CodeIgniter->handleRequest(null, Object(Config\Cache), false)
 9 FCPATH\index.php(79): CodeIgniter\CodeIgniter->run()
10 SYSTEMPATH\Commands\Server\rewrite.php(47): require_once('C:\\laragon\\www\\BFP_WEBSITE\\public\\index.php')
CRITICAL - 2024-01-13 11:44:34 --> [Caused by] CodeIgniter\Database\Exceptions\DatabaseException: Duplicate entry '4th-try' for key 'news.slug'
in SYSTEMPATH\Database\MySQLi\Connection.php on line 311.
 1 SYSTEMPATH\Database\BaseConnection.php(693): CodeIgniter\Database\MySQLi\Connection->execute('INSERT INTO `news` (`title`, `slug`, `content`, `image`) VALUES (\'4th try\', \'4th-try\', \'image is not sama sama\', \'1705146274_60ca492742006307e553.jpg\')')
 2 SYSTEMPATH\Database\BaseConnection.php(607): CodeIgniter\Database\BaseConnection->simpleQuery('INSERT INTO `news` (`title`, `slug`, `content`, `image`) VALUES (\'4th try\', \'4th-try\', \'image is not sama sama\', \'1705146274_60ca492742006307e553.jpg\')')
 3 SYSTEMPATH\Database\BaseBuilder.php(2302): CodeIgniter\Database\BaseConnection->query('INSERT INTO `news` (`title`, `slug`, `content`, `image`) VALUES (:title:, :slug:, :content:, :image:)', [...], false)
 4 SYSTEMPATH\Model.php(326): CodeIgniter\Database\BaseBuilder->insert()
 5 SYSTEMPATH\BaseModel.php(802): CodeIgniter\Model->doInsert([...])
 6 SYSTEMPATH\Model.php(744): CodeIgniter\BaseModel->insert([...], true)
 7 APPPATH\Controllers\NewsController.php(93): CodeIgniter\Model->insert([...])
 8 SYSTEMPATH\CodeIgniter.php(941): App\Controllers\NewsController->store()
 9 SYSTEMPATH\CodeIgniter.php(502): CodeIgniter\CodeIgniter->runController(Object(App\Controllers\NewsController))
10 SYSTEMPATH\CodeIgniter.php(361): CodeIgniter\CodeIgniter->handleRequest(null, Object(Config\Cache), false)
11 FCPATH\index.php(79): CodeIgniter\CodeIgniter->run()
12 SYSTEMPATH\Commands\Server\rewrite.php(47): require_once('C:\\laragon\\www\\BFP_WEBSITE\\public\\index.php')
CRITICAL - 2024-01-13 11:44:34 --> [Caused by] mysqli_sql_exception: Duplicate entry '4th-try' for key 'news.slug'
in SYSTEMPATH\Database\MySQLi\Connection.php on line 306.
 1 SYSTEMPATH\Database\MySQLi\Connection.php(306): mysqli->query('INSERT INTO `news` (`title`, `slug`, `content`, `image`) VALUES (\'4th try\', \'4th-try\', \'image is not sama sama\', \'1705146274_60ca492742006307e553.jpg\')', 0)
 2 SYSTEMPATH\Database\BaseConnection.php(693): CodeIgniter\Database\MySQLi\Connection->execute('INSERT INTO `news` (`title`, `slug`, `content`, `image`) VALUES (\'4th try\', \'4th-try\', \'image is not sama sama\', \'1705146274_60ca492742006307e553.jpg\')')
 3 SYSTEMPATH\Database\BaseConnection.php(607): CodeIgniter\Database\BaseConnection->simpleQuery('INSERT INTO `news` (`title`, `slug`, `content`, `image`) VALUES (\'4th try\', \'4th-try\', \'image is not sama sama\', \'1705146274_60ca492742006307e553.jpg\')')
 4 SYSTEMPATH\Database\BaseBuilder.php(2302): CodeIgniter\Database\BaseConnection->query('INSERT INTO `news` (`title`, `slug`, `content`, `image`) VALUES (:title:, :slug:, :content:, :image:)', [...], false)
 5 SYSTEMPATH\Model.php(326): CodeIgniter\Database\BaseBuilder->insert()
 6 SYSTEMPATH\BaseModel.php(802): CodeIgniter\Model->doInsert([...])
 7 SYSTEMPATH\Model.php(744): CodeIgniter\BaseModel->insert([...], true)
 8 APPPATH\Controllers\NewsController.php(93): CodeIgniter\Model->insert([...])
 9 SYSTEMPATH\CodeIgniter.php(941): App\Controllers\NewsController->store()
10 SYSTEMPATH\CodeIgniter.php(502): CodeIgniter\CodeIgniter->runController(Object(App\Controllers\NewsController))
11 SYSTEMPATH\CodeIgniter.php(361): CodeIgniter\CodeIgniter->handleRequest(null, Object(Config\Cache), false)
12 FCPATH\index.php(79): CodeIgniter\CodeIgniter->run()
13 SYSTEMPATH\Commands\Server\rewrite.php(47): require_once('C:\\laragon\\www\\BFP_WEBSITE\\public\\index.php')
CRITICAL - 2024-01-13 11:56:51 --> ErrorException: Cannot redeclare getCurrentTime() (previously declared in C:\laragon\www\BFP_WEBSITE\app\Views\ACOMPONENTS\adminheader.php:187)
in APPPATH\Views\ACOMPONENTS\adminheader.php on line 186.
 1 [internal function]: CodeIgniter\Debug\Exceptions->shutdownHandler()
CRITICAL - 2024-01-13 12:03:51 --> ErrorException: Cannot redeclare getCurrentTime() (previously declared in C:\laragon\www\BFP_WEBSITE\app\Views\ACOMPONENTS\adminheader.php:187)
in APPPATH\Views\ACOMPONENTS\adminheader.php on line 186.
 1 [internal function]: CodeIgniter\Debug\Exceptions->shutdownHandler()
CRITICAL - 2024-01-13 12:04:29 --> ErrorException: Cannot redeclare getCurrentTime() (previously declared in C:\laragon\www\BFP_WEBSITE\app\Views\ACOMPONENTS\adminheader.php:187)
in APPPATH\Views\ACOMPONENTS\adminheader.php on line 186.
 1 [internal function]: CodeIgniter\Debug\Exceptions->shutdownHandler()
CRITICAL - 2024-01-13 12:08:24 --> CodeIgniter\View\Exceptions\ViewException: Invalid file: "ADMINMANAGE/manage.php"
in SYSTEMPATH\Exceptions\FrameworkException.php on line 39.
 1 SYSTEMPATH\View\View.php(216): CodeIgniter\Exceptions\FrameworkException::forInvalidFile('ADMINMANAGE/manage.php')
 2 SYSTEMPATH\Common.php(1178): CodeIgniter\View\View->render('ADMINMANAGE/manage', [], true)
 3 APPPATH\Controllers\ANavigationController.php(12): view('ADMINMANAGE/manage')
 4 SYSTEMPATH\CodeIgniter.php(941): App\Controllers\ANavigationController->adminManage()
 5 SYSTEMPATH\CodeIgniter.php(502): CodeIgniter\CodeIgniter->runController(Object(App\Controllers\ANavigationController))
 6 SYSTEMPATH\CodeIgniter.php(361): CodeIgniter\CodeIgniter->handleRequest(null, Object(Config\Cache), false)
 7 FCPATH\index.php(79): CodeIgniter\CodeIgniter->run()
 8 SYSTEMPATH\Commands\Server\rewrite.php(47): require_once('C:\\laragon\\www\\BFP_WEBSITE\\public\\index.php')
CRITICAL - 2024-01-13 12:09:54 --> CodeIgniter\View\Exceptions\ViewException: Invalid file: "ADMINMANAGE/manage.php"
in SYSTEMPATH\Exceptions\FrameworkException.php on line 39.
 1 SYSTEMPATH\View\View.php(216): CodeIgniter\Exceptions\FrameworkException::forInvalidFile('ADMINMANAGE/manage.php')
 2 SYSTEMPATH\Common.php(1178): CodeIgniter\View\View->render('ADMINMANAGE/manage', [], true)
 3 APPPATH\Controllers\ANavigationController.php(12): view('ADMINMANAGE/manage')
 4 SYSTEMPATH\CodeIgniter.php(941): App\Controllers\ANavigationController->adminManage()
 5 SYSTEMPATH\CodeIgniter.php(502): CodeIgniter\CodeIgniter->runController(Object(App\Controllers\ANavigationController))
 6 SYSTEMPATH\CodeIgniter.php(361): CodeIgniter\CodeIgniter->handleRequest(null, Object(Config\Cache), false)
 7 FCPATH\index.php(79): CodeIgniter\CodeIgniter->run()
 8 SYSTEMPATH\Commands\Server\rewrite.php(47): require_once('C:\\laragon\\www\\BFP_WEBSITE\\public\\index.php')
CRITICAL - 2024-01-13 12:10:45 --> ErrorException: Cannot redeclare getCurrentTime() (previously declared in C:\laragon\www\BFP_WEBSITE\app\Views\ACOMPONENTS\adminheader.php:187)
in APPPATH\Views\ACOMPONENTS\adminheader.php on line 186.
 1 [internal function]: CodeIgniter\Debug\Exceptions->shutdownHandler()
CRITICAL - 2024-01-13 12:11:07 --> ErrorException: Cannot redeclare getCurrentTime() (previously declared in C:\laragon\www\BFP_WEBSITE\app\Views\ACOMPONENTS\adminheader.php:187)
in APPPATH\Views\ACOMPONENTS\adminheader.php on line 186.
 1 [internal function]: CodeIgniter\Debug\Exceptions->shutdownHandler()
CRITICAL - 2024-01-13 12:16:56 --> ErrorException: Cannot redeclare getCurrentTime() (previously declared in C:\laragon\www\BFP_WEBSITE\app\Views\ACOMPONENTS\adminheader.php:186)
in APPPATH\Views\ACOMPONENTS\adminheader.php on line 185.
 1 [internal function]: CodeIgniter\Debug\Exceptions->shutdownHandler()
CRITICAL - 2024-01-13 12:17:10 --> ErrorException: Cannot redeclare getCurrentTime() (previously declared in C:\laragon\www\BFP_WEBSITE\app\Views\ACOMPONENTS\adminheader.php:186)
in APPPATH\Views\ACOMPONENTS\adminheader.php on line 185.
 1 [internal function]: CodeIgniter\Debug\Exceptions->shutdownHandler()
CRITICAL - 2024-01-13 12:18:02 --> ErrorException: Cannot redeclare getCurrentTime() (previously declared in C:\laragon\www\BFP_WEBSITE\app\Views\ACOMPONENTS\adminheader.php:186)
in APPPATH\Views\ACOMPONENTS\adminheader.php on line 185.
 1 [internal function]: CodeIgniter\Debug\Exceptions->shutdownHandler()
