CRITICAL - 2024-02-08 05:22:01 --> TypeError: Cannot access offset of type string on string
in APPPATH\Views\WEBSITE\home.php on line 70.
 1 SYSTEMPATH\View\View.php(228): include()
 2 SYSTEMPATH\View\View.php(231): CodeIgniter\View\View->CodeIgniter\View\{closure}()
 3 SYSTEMPATH\Common.php(1178): CodeIgniter\View\View->render('WEBSITE\\home', [], true)
 4 APPPATH\Controllers\HomeController.php(17): view('WEBSITE\\home')
 5 SYSTEMPATH\CodeIgniter.php(941): App\Controllers\HomeController->home()
 6 SYSTEMPATH\CodeIgniter.php(502): CodeIgniter\CodeIgniter->runController(Object(App\Controllers\HomeController))
 7 SYSTEMPATH\CodeIgniter.php(361): CodeIgniter\CodeIgniter->handleRequest(null, Object(Config\Cache), false)
 8 FCPATH\index.php(79): CodeIgniter\CodeIgniter->run()
 9 SYSTEMPATH\Commands\Server\rewrite.php(47): require_once('C:\\laragon\\www\\BFP_WEBSITE\\public\\index.php')
CRITICAL - 2024-02-08 05:25:58 --> TypeError: Cannot access offset of type string on string
in APPPATH\Views\WEBSITE\home.php on line 70.
 1 SYSTEMPATH\View\View.php(228): include()
 2 SYSTEMPATH\View\View.php(231): CodeIgniter\View\View->CodeIgniter\View\{closure}()
 3 SYSTEMPATH\Common.php(1178): CodeIgniter\View\View->render('WEBSITE\\home', [], true)
 4 APPPATH\Controllers\HomeController.php(17): view('WEBSITE\\home')
 5 SYSTEMPATH\CodeIgniter.php(941): App\Controllers\HomeController->home()
 6 SYSTEMPATH\CodeIgniter.php(502): CodeIgniter\CodeIgniter->runController(Object(App\Controllers\HomeController))
 7 SYSTEMPATH\CodeIgniter.php(361): CodeIgniter\CodeIgniter->handleRequest(null, Object(Config\Cache), false)
 8 FCPATH\index.php(79): CodeIgniter\CodeIgniter->run()
 9 SYSTEMPATH\Commands\Server\rewrite.php(47): require_once('C:\\laragon\\www\\BFP_WEBSITE\\public\\index.php')
ERROR - 2024-02-08 05:33:55 --> mysqli_sql_exception: Cannot add or update a child row: a foreign key constraint fails (`bfp`.`locations`, CONSTRAINT `locations_ibfk_1` FOREIGN KEY (`user_id`) REFERENCES `account` (`user_id`)) in C:\laragon\www\BFP_WEBSITE\system\Database\MySQLi\Connection.php:306
Stack trace:
#0 C:\laragon\www\BFP_WEBSITE\system\Database\MySQLi\Connection.php(306): mysqli->query('INSERT INTO `lo...', 0)
#1 C:\laragon\www\BFP_WEBSITE\system\Database\BaseConnection.php(693): CodeIgniter\Database\MySQLi\Connection->execute('INSERT INTO `lo...')
#2 C:\laragon\www\BFP_WEBSITE\system\Database\BaseConnection.php(607): CodeIgniter\Database\BaseConnection->simpleQuery('INSERT INTO `lo...')
#3 C:\laragon\www\BFP_WEBSITE\system\Database\BaseBuilder.php(2302): CodeIgniter\Database\BaseConnection->query('INSERT INTO `lo...', Array, false)
#4 C:\laragon\www\BFP_WEBSITE\system\Model.php(326): CodeIgniter\Database\BaseBuilder->insert()
#5 C:\laragon\www\BFP_WEBSITE\system\BaseModel.php(802): CodeIgniter\Model->doInsert(Array)
#6 C:\laragon\www\BFP_WEBSITE\system\Model.php(744): CodeIgniter\BaseModel->insert(Array, true)
#7 C:\laragon\www\BFP_WEBSITE\app\Controllers\LocationController.php(38): CodeIgniter\Model->insert(Array)
#8 C:\laragon\www\BFP_WEBSITE\system\CodeIgniter.php(941): App\Controllers\LocationController->updateLocation()
#9 C:\laragon\www\BFP_WEBSITE\system\CodeIgniter.php(502): CodeIgniter\CodeIgniter->runController(Object(App\Controllers\LocationController))
#10 C:\laragon\www\BFP_WEBSITE\system\CodeIgniter.php(361): CodeIgniter\CodeIgniter->handleRequest(NULL, Object(Config\Cache), false)
#11 C:\laragon\www\BFP_WEBSITE\public\index.php(79): CodeIgniter\CodeIgniter->run()
#12 C:\laragon\www\BFP_WEBSITE\system\Commands\Server\rewrite.php(47): require_once('C:\\laragon\\www\\...')
#13 {main}
CRITICAL - 2024-02-08 05:33:55 --> CodeIgniter\Database\Exceptions\DatabaseException: Cannot add or update a child row: a foreign key constraint fails (`bfp`.`locations`, CONSTRAINT `locations_ibfk_1` FOREIGN KEY (`user_id`) REFERENCES `account` (`user_id`))
in SYSTEMPATH\Database\BaseConnection.php on line 647.
 1 SYSTEMPATH\Database\BaseBuilder.php(2302): CodeIgniter\Database\BaseConnection->query('INSERT INTO `locations` (`user_id`, `latitude`, `longitude`) VALUES (:user_id:, :latitude:, :longitude:)', [...], false)
 2 SYSTEMPATH\Model.php(326): CodeIgniter\Database\BaseBuilder->insert()
 3 SYSTEMPATH\BaseModel.php(802): CodeIgniter\Model->doInsert([...])
 4 SYSTEMPATH\Model.php(744): CodeIgniter\BaseModel->insert([...], true)
 5 APPPATH\Controllers\LocationController.php(38): CodeIgniter\Model->insert([...])
 6 SYSTEMPATH\CodeIgniter.php(941): App\Controllers\LocationController->updateLocation()
 7 SYSTEMPATH\CodeIgniter.php(502): CodeIgniter\CodeIgniter->runController(Object(App\Controllers\LocationController))
 8 SYSTEMPATH\CodeIgniter.php(361): CodeIgniter\CodeIgniter->handleRequest(null, Object(Config\Cache), false)
 9 FCPATH\index.php(79): CodeIgniter\CodeIgniter->run()
10 SYSTEMPATH\Commands\Server\rewrite.php(47): require_once('C:\\laragon\\www\\BFP_WEBSITE\\public\\index.php')
CRITICAL - 2024-02-08 05:33:55 --> [Caused by] CodeIgniter\Database\Exceptions\DatabaseException: Cannot add or update a child row: a foreign key constraint fails (`bfp`.`locations`, CONSTRAINT `locations_ibfk_1` FOREIGN KEY (`user_id`) REFERENCES `account` (`user_id`))
in SYSTEMPATH\Database\MySQLi\Connection.php on line 311.
 1 SYSTEMPATH\Database\BaseConnection.php(693): CodeIgniter\Database\MySQLi\Connection->execute('INSERT INTO `locations` (`user_id`, `latitude`, `longitude`) VALUES (\'user_id\', \'13.38825180526166\', \'121.16220854981147\')')
 2 SYSTEMPATH\Database\BaseConnection.php(607): CodeIgniter\Database\BaseConnection->simpleQuery('INSERT INTO `locations` (`user_id`, `latitude`, `longitude`) VALUES (\'user_id\', \'13.38825180526166\', \'121.16220854981147\')')
 3 SYSTEMPATH\Database\BaseBuilder.php(2302): CodeIgniter\Database\BaseConnection->query('INSERT INTO `locations` (`user_id`, `latitude`, `longitude`) VALUES (:user_id:, :latitude:, :longitude:)', [...], false)
 4 SYSTEMPATH\Model.php(326): CodeIgniter\Database\BaseBuilder->insert()
 5 SYSTEMPATH\BaseModel.php(802): CodeIgniter\Model->doInsert([...])
 6 SYSTEMPATH\Model.php(744): CodeIgniter\BaseModel->insert([...], true)
 7 APPPATH\Controllers\LocationController.php(38): CodeIgniter\Model->insert([...])
 8 SYSTEMPATH\CodeIgniter.php(941): App\Controllers\LocationController->updateLocation()
 9 SYSTEMPATH\CodeIgniter.php(502): CodeIgniter\CodeIgniter->runController(Object(App\Controllers\LocationController))
10 SYSTEMPATH\CodeIgniter.php(361): CodeIgniter\CodeIgniter->handleRequest(null, Object(Config\Cache), false)
11 FCPATH\index.php(79): CodeIgniter\CodeIgniter->run()
12 SYSTEMPATH\Commands\Server\rewrite.php(47): require_once('C:\\laragon\\www\\BFP_WEBSITE\\public\\index.php')
CRITICAL - 2024-02-08 05:33:55 --> [Caused by] mysqli_sql_exception: Cannot add or update a child row: a foreign key constraint fails (`bfp`.`locations`, CONSTRAINT `locations_ibfk_1` FOREIGN KEY (`user_id`) REFERENCES `account` (`user_id`))
in SYSTEMPATH\Database\MySQLi\Connection.php on line 306.
 1 SYSTEMPATH\Database\MySQLi\Connection.php(306): mysqli->query('INSERT INTO `locations` (`user_id`, `latitude`, `longitude`) VALUES (\'user_id\', \'13.38825180526166\', \'121.16220854981147\')', 0)
 2 SYSTEMPATH\Database\BaseConnection.php(693): CodeIgniter\Database\MySQLi\Connection->execute('INSERT INTO `locations` (`user_id`, `latitude`, `longitude`) VALUES (\'user_id\', \'13.38825180526166\', \'121.16220854981147\')')
 3 SYSTEMPATH\Database\BaseConnection.php(607): CodeIgniter\Database\BaseConnection->simpleQuery('INSERT INTO `locations` (`user_id`, `latitude`, `longitude`) VALUES (\'user_id\', \'13.38825180526166\', \'121.16220854981147\')')
 4 SYSTEMPATH\Database\BaseBuilder.php(2302): CodeIgniter\Database\BaseConnection->query('INSERT INTO `locations` (`user_id`, `latitude`, `longitude`) VALUES (:user_id:, :latitude:, :longitude:)', [...], false)
 5 SYSTEMPATH\Model.php(326): CodeIgniter\Database\BaseBuilder->insert()
 6 SYSTEMPATH\BaseModel.php(802): CodeIgniter\Model->doInsert([...])
 7 SYSTEMPATH\Model.php(744): CodeIgniter\BaseModel->insert([...], true)
 8 APPPATH\Controllers\LocationController.php(38): CodeIgniter\Model->insert([...])
 9 SYSTEMPATH\CodeIgniter.php(941): App\Controllers\LocationController->updateLocation()
10 SYSTEMPATH\CodeIgniter.php(502): CodeIgniter\CodeIgniter->runController(Object(App\Controllers\LocationController))
11 SYSTEMPATH\CodeIgniter.php(361): CodeIgniter\CodeIgniter->handleRequest(null, Object(Config\Cache), false)
12 FCPATH\index.php(79): CodeIgniter\CodeIgniter->run()
13 SYSTEMPATH\Commands\Server\rewrite.php(47): require_once('C:\\laragon\\www\\BFP_WEBSITE\\public\\index.php')
ERROR - 2024-02-08 05:40:44 --> mysqli_sql_exception: Unknown column 'created_at' in 'field list' in C:\laragon\www\BFP_WEBSITE\system\Database\MySQLi\Connection.php:306
Stack trace:
#0 C:\laragon\www\BFP_WEBSITE\system\Database\MySQLi\Connection.php(306): mysqli->query('INSERT INTO `ne...', 0)
#1 C:\laragon\www\BFP_WEBSITE\system\Database\BaseConnection.php(693): CodeIgniter\Database\MySQLi\Connection->execute('INSERT INTO `ne...')
#2 C:\laragon\www\BFP_WEBSITE\system\Database\BaseConnection.php(607): CodeIgniter\Database\BaseConnection->simpleQuery('INSERT INTO `ne...')
#3 C:\laragon\www\BFP_WEBSITE\system\Database\BaseBuilder.php(2302): CodeIgniter\Database\BaseConnection->query('INSERT INTO `ne...', Array, false)
#4 C:\laragon\www\BFP_WEBSITE\system\Model.php(326): CodeIgniter\Database\BaseBuilder->insert()
#5 C:\laragon\www\BFP_WEBSITE\system\BaseModel.php(802): CodeIgniter\Model->doInsert(Array)
#6 C:\laragon\www\BFP_WEBSITE\system\Model.php(744): CodeIgniter\BaseModel->insert(Array, true)
#7 C:\laragon\www\BFP_WEBSITE\app\Controllers\NewsController.php(100): CodeIgniter\Model->insert(Array)
#8 C:\laragon\www\BFP_WEBSITE\system\CodeIgniter.php(941): App\Controllers\NewsController->store()
#9 C:\laragon\www\BFP_WEBSITE\system\CodeIgniter.php(502): CodeIgniter\CodeIgniter->runController(Object(App\Controllers\NewsController))
#10 C:\laragon\www\BFP_WEBSITE\system\CodeIgniter.php(361): CodeIgniter\CodeIgniter->handleRequest(NULL, Object(Config\Cache), false)
#11 C:\laragon\www\BFP_WEBSITE\public\index.php(79): CodeIgniter\CodeIgniter->run()
#12 C:\laragon\www\BFP_WEBSITE\system\Commands\Server\rewrite.php(47): require_once('C:\\laragon\\www\\...')
#13 {main}
CRITICAL - 2024-02-08 05:40:44 --> CodeIgniter\Database\Exceptions\DatabaseException: Unknown column 'created_at' in 'field list'
in SYSTEMPATH\Database\BaseConnection.php on line 647.
 1 SYSTEMPATH\Database\BaseBuilder.php(2302): CodeIgniter\Database\BaseConnection->query('INSERT INTO `news` (`title`, `slug`, `content`, `image`, `created_at`, `updated_at`) VALUES (:title:, :slug:, :content:, :image:, :created_at:, :updated_at:)', [...], false)
 2 SYSTEMPATH\Model.php(326): CodeIgniter\Database\BaseBuilder->insert()
 3 SYSTEMPATH\BaseModel.php(802): CodeIgniter\Model->doInsert([...])
 4 SYSTEMPATH\Model.php(744): CodeIgniter\BaseModel->insert([...], true)
 5 APPPATH\Controllers\NewsController.php(100): CodeIgniter\Model->insert([...])
 6 SYSTEMPATH\CodeIgniter.php(941): App\Controllers\NewsController->store()
 7 SYSTEMPATH\CodeIgniter.php(502): CodeIgniter\CodeIgniter->runController(Object(App\Controllers\NewsController))
 8 SYSTEMPATH\CodeIgniter.php(361): CodeIgniter\CodeIgniter->handleRequest(null, Object(Config\Cache), false)
 9 FCPATH\index.php(79): CodeIgniter\CodeIgniter->run()
10 SYSTEMPATH\Commands\Server\rewrite.php(47): require_once('C:\\laragon\\www\\BFP_WEBSITE\\public\\index.php')
CRITICAL - 2024-02-08 05:40:44 --> [Caused by] CodeIgniter\Database\Exceptions\DatabaseException: Unknown column 'created_at' in 'field list'
in SYSTEMPATH\Database\MySQLi\Connection.php on line 311.
 1 SYSTEMPATH\Database\BaseConnection.php(693): CodeIgniter\Database\MySQLi\Connection->execute('INSERT INTO `news` (`title`, `slug`, `content`, `image`, `created_at`, `updated_at`) VALUES (\'LOOK | OPLAN BANDILYO & FIRE TRUCK VISIBILITY\', \'look-oplan-bandilyo-fire-truck-visibility\', \'BFP Calapan City Fire Station, under the leadership of FSINSP ANGEL LYNN B SALVADOR, Acting City Fire Marshal, FO1 John Ralph Mendoza, FO1 Prince Lester M De Guzman, FO1 Maria Angelica C Maristela and FO1 Joann E Lomio conducted Public address & Fire truck visibility at Brgy. Lumangbayan, Calapan City to ensure public safety awareness in the event of any untoward incidents.\\r\\nIn case of fire and emergency \\r\\nCall CCFS Hotline:\\r\\n 288-7777 / 09156031561 / 09814782880 \\r\\nVALIANT FIREFIGHTERS OF CALAPAN CITY\', \'1707370844_fd040f6a9cf1ff4168df.jpg\', \'2024-02-08 05:40:44\', \'2024-02-08 05:40:44\')')
 2 SYSTEMPATH\Database\BaseConnection.php(607): CodeIgniter\Database\BaseConnection->simpleQuery('INSERT INTO `news` (`title`, `slug`, `content`, `image`, `created_at`, `updated_at`) VALUES (\'LOOK | OPLAN BANDILYO & FIRE TRUCK VISIBILITY\', \'look-oplan-bandilyo-fire-truck-visibility\', \'BFP Calapan City Fire Station, under the leadership of FSINSP ANGEL LYNN B SALVADOR, Acting City Fire Marshal, FO1 John Ralph Mendoza, FO1 Prince Lester M De Guzman, FO1 Maria Angelica C Maristela and FO1 Joann E Lomio conducted Public address & Fire truck visibility at Brgy. Lumangbayan, Calapan City to ensure public safety awareness in the event of any untoward incidents.\\r\\nIn case of fire and emergency \\r\\nCall CCFS Hotline:\\r\\n 288-7777 / 09156031561 / 09814782880 \\r\\nVALIANT FIREFIGHTERS OF CALAPAN CITY\', \'1707370844_fd040f6a9cf1ff4168df.jpg\', \'2024-02-08 05:40:44\', \'2024-02-08 05:40:44\')')
 3 SYSTEMPATH\Database\BaseBuilder.php(2302): CodeIgniter\Database\BaseConnection->query('INSERT INTO `news` (`title`, `slug`, `content`, `image`, `created_at`, `updated_at`) VALUES (:title:, :slug:, :content:, :image:, :created_at:, :updated_at:)', [...], false)
 4 SYSTEMPATH\Model.php(326): CodeIgniter\Database\BaseBuilder->insert()
 5 SYSTEMPATH\BaseModel.php(802): CodeIgniter\Model->doInsert([...])
 6 SYSTEMPATH\Model.php(744): CodeIgniter\BaseModel->insert([...], true)
 7 APPPATH\Controllers\NewsController.php(100): CodeIgniter\Model->insert([...])
 8 SYSTEMPATH\CodeIgniter.php(941): App\Controllers\NewsController->store()
 9 SYSTEMPATH\CodeIgniter.php(502): CodeIgniter\CodeIgniter->runController(Object(App\Controllers\NewsController))
10 SYSTEMPATH\CodeIgniter.php(361): CodeIgniter\CodeIgniter->handleRequest(null, Object(Config\Cache), false)
11 FCPATH\index.php(79): CodeIgniter\CodeIgniter->run()
12 SYSTEMPATH\Commands\Server\rewrite.php(47): require_once('C:\\laragon\\www\\BFP_WEBSITE\\public\\index.php')
CRITICAL - 2024-02-08 05:40:44 --> [Caused by] mysqli_sql_exception: Unknown column 'created_at' in 'field list'
in SYSTEMPATH\Database\MySQLi\Connection.php on line 306.
 1 SYSTEMPATH\Database\MySQLi\Connection.php(306): mysqli->query('INSERT INTO `news` (`title`, `slug`, `content`, `image`, `created_at`, `updated_at`) VALUES (\'LOOK | OPLAN BANDILYO & FIRE TRUCK VISIBILITY\', \'look-oplan-bandilyo-fire-truck-visibility\', \'BFP Calapan City Fire Station, under the leadership of FSINSP ANGEL LYNN B SALVADOR, Acting City Fire Marshal, FO1 John Ralph Mendoza, FO1 Prince Lester M De Guzman, FO1 Maria Angelica C Maristela and FO1 Joann E Lomio conducted Public address & Fire truck visibility at Brgy. Lumangbayan, Calapan City to ensure public safety awareness in the event of any untoward incidents.\\r\\nIn case of fire and emergency \\r\\nCall CCFS Hotline:\\r\\n 288-7777 / 09156031561 / 09814782880 \\r\\nVALIANT FIREFIGHTERS OF CALAPAN CITY\', \'1707370844_fd040f6a9cf1ff4168df.jpg\', \'2024-02-08 05:40:44\', \'2024-02-08 05:40:44\')', 0)
 2 SYSTEMPATH\Database\BaseConnection.php(693): CodeIgniter\Database\MySQLi\Connection->execute('INSERT INTO `news` (`title`, `slug`, `content`, `image`, `created_at`, `updated_at`) VALUES (\'LOOK | OPLAN BANDILYO & FIRE TRUCK VISIBILITY\', \'look-oplan-bandilyo-fire-truck-visibility\', \'BFP Calapan City Fire Station, under the leadership of FSINSP ANGEL LYNN B SALVADOR, Acting City Fire Marshal, FO1 John Ralph Mendoza, FO1 Prince Lester M De Guzman, FO1 Maria Angelica C Maristela and FO1 Joann E Lomio conducted Public address & Fire truck visibility at Brgy. Lumangbayan, Calapan City to ensure public safety awareness in the event of any untoward incidents.\\r\\nIn case of fire and emergency \\r\\nCall CCFS Hotline:\\r\\n 288-7777 / 09156031561 / 09814782880 \\r\\nVALIANT FIREFIGHTERS OF CALAPAN CITY\', \'1707370844_fd040f6a9cf1ff4168df.jpg\', \'2024-02-08 05:40:44\', \'2024-02-08 05:40:44\')')
 3 SYSTEMPATH\Database\BaseConnection.php(607): CodeIgniter\Database\BaseConnection->simpleQuery('INSERT INTO `news` (`title`, `slug`, `content`, `image`, `created_at`, `updated_at`) VALUES (\'LOOK | OPLAN BANDILYO & FIRE TRUCK VISIBILITY\', \'look-oplan-bandilyo-fire-truck-visibility\', \'BFP Calapan City Fire Station, under the leadership of FSINSP ANGEL LYNN B SALVADOR, Acting City Fire Marshal, FO1 John Ralph Mendoza, FO1 Prince Lester M De Guzman, FO1 Maria Angelica C Maristela and FO1 Joann E Lomio conducted Public address & Fire truck visibility at Brgy. Lumangbayan, Calapan City to ensure public safety awareness in the event of any untoward incidents.\\r\\nIn case of fire and emergency \\r\\nCall CCFS Hotline:\\r\\n 288-7777 / 09156031561 / 09814782880 \\r\\nVALIANT FIREFIGHTERS OF CALAPAN CITY\', \'1707370844_fd040f6a9cf1ff4168df.jpg\', \'2024-02-08 05:40:44\', \'2024-02-08 05:40:44\')')
 4 SYSTEMPATH\Database\BaseBuilder.php(2302): CodeIgniter\Database\BaseConnection->query('INSERT INTO `news` (`title`, `slug`, `content`, `image`, `created_at`, `updated_at`) VALUES (:title:, :slug:, :content:, :image:, :created_at:, :updated_at:)', [...], false)
 5 SYSTEMPATH\Model.php(326): CodeIgniter\Database\BaseBuilder->insert()
 6 SYSTEMPATH\BaseModel.php(802): CodeIgniter\Model->doInsert([...])
 7 SYSTEMPATH\Model.php(744): CodeIgniter\BaseModel->insert([...], true)
 8 APPPATH\Controllers\NewsController.php(100): CodeIgniter\Model->insert([...])
 9 SYSTEMPATH\CodeIgniter.php(941): App\Controllers\NewsController->store()
10 SYSTEMPATH\CodeIgniter.php(502): CodeIgniter\CodeIgniter->runController(Object(App\Controllers\NewsController))
11 SYSTEMPATH\CodeIgniter.php(361): CodeIgniter\CodeIgniter->handleRequest(null, Object(Config\Cache), false)
12 FCPATH\index.php(79): CodeIgniter\CodeIgniter->run()
13 SYSTEMPATH\Commands\Server\rewrite.php(47): require_once('C:\\laragon\\www\\BFP_WEBSITE\\public\\index.php')
ERROR - 2024-02-08 05:42:15 --> mysqli_sql_exception: Unknown column 'created_at' in 'field list' in C:\laragon\www\BFP_WEBSITE\system\Database\MySQLi\Connection.php:306
Stack trace:
#0 C:\laragon\www\BFP_WEBSITE\system\Database\MySQLi\Connection.php(306): mysqli->query('INSERT INTO `ne...', 0)
#1 C:\laragon\www\BFP_WEBSITE\system\Database\BaseConnection.php(693): CodeIgniter\Database\MySQLi\Connection->execute('INSERT INTO `ne...')
#2 C:\laragon\www\BFP_WEBSITE\system\Database\BaseConnection.php(607): CodeIgniter\Database\BaseConnection->simpleQuery('INSERT INTO `ne...')
#3 C:\laragon\www\BFP_WEBSITE\system\Database\BaseBuilder.php(2302): CodeIgniter\Database\BaseConnection->query('INSERT INTO `ne...', Array, false)
#4 C:\laragon\www\BFP_WEBSITE\system\Model.php(326): CodeIgniter\Database\BaseBuilder->insert()
#5 C:\laragon\www\BFP_WEBSITE\system\BaseModel.php(802): CodeIgniter\Model->doInsert(Array)
#6 C:\laragon\www\BFP_WEBSITE\system\Model.php(744): CodeIgniter\BaseModel->insert(Array, true)
#7 C:\laragon\www\BFP_WEBSITE\app\Controllers\NewsController.php(100): CodeIgniter\Model->insert(Array)
#8 C:\laragon\www\BFP_WEBSITE\system\CodeIgniter.php(941): App\Controllers\NewsController->store()
#9 C:\laragon\www\BFP_WEBSITE\system\CodeIgniter.php(502): CodeIgniter\CodeIgniter->runController(Object(App\Controllers\NewsController))
#10 C:\laragon\www\BFP_WEBSITE\system\CodeIgniter.php(361): CodeIgniter\CodeIgniter->handleRequest(NULL, Object(Config\Cache), false)
#11 C:\laragon\www\BFP_WEBSITE\public\index.php(79): CodeIgniter\CodeIgniter->run()
#12 C:\laragon\www\BFP_WEBSITE\system\Commands\Server\rewrite.php(47): require_once('C:\\laragon\\www\\...')
#13 {main}
CRITICAL - 2024-02-08 05:42:15 --> CodeIgniter\Database\Exceptions\DatabaseException: Unknown column 'created_at' in 'field list'
in SYSTEMPATH\Database\BaseConnection.php on line 647.
 1 SYSTEMPATH\Database\BaseBuilder.php(2302): CodeIgniter\Database\BaseConnection->query('INSERT INTO `news` (`title`, `slug`, `content`, `image`, `created_at`, `updated_at`) VALUES (:title:, :slug:, :content:, :image:, :created_at:, :updated_at:)', [...], false)
 2 SYSTEMPATH\Model.php(326): CodeIgniter\Database\BaseBuilder->insert()
 3 SYSTEMPATH\BaseModel.php(802): CodeIgniter\Model->doInsert([...])
 4 SYSTEMPATH\Model.php(744): CodeIgniter\BaseModel->insert([...], true)
 5 APPPATH\Controllers\NewsController.php(100): CodeIgniter\Model->insert([...])
 6 SYSTEMPATH\CodeIgniter.php(941): App\Controllers\NewsController->store()
 7 SYSTEMPATH\CodeIgniter.php(502): CodeIgniter\CodeIgniter->runController(Object(App\Controllers\NewsController))
 8 SYSTEMPATH\CodeIgniter.php(361): CodeIgniter\CodeIgniter->handleRequest(null, Object(Config\Cache), false)
 9 FCPATH\index.php(79): CodeIgniter\CodeIgniter->run()
10 SYSTEMPATH\Commands\Server\rewrite.php(47): require_once('C:\\laragon\\www\\BFP_WEBSITE\\public\\index.php')
CRITICAL - 2024-02-08 05:42:15 --> [Caused by] CodeIgniter\Database\Exceptions\DatabaseException: Unknown column 'created_at' in 'field list'
in SYSTEMPATH\Database\MySQLi\Connection.php on line 311.
 1 SYSTEMPATH\Database\BaseConnection.php(693): CodeIgniter\Database\MySQLi\Connection->execute('INSERT INTO `news` (`title`, `slug`, `content`, `image`, `created_at`, `updated_at`) VALUES (\'LOOK | OPLAN BANDILYO & FIRE TRUCK VISIBILITY\', \'look-oplan-bandilyo-fire-truck-visibility\', \'BFP Calapan City Fire Station, under the leadership of FSINSP ANGEL LYNN B SALVADOR, Acting City Fire Marshal, FO1 John Ralph Mendoza, FO1 Prince Lester M De Guzman, FO1 Maria Angelica C Maristela and FO1 Joann E Lomio conducted Public address & Fire truck visibility at Brgy. Lumangbayan, Calapan City to ensure public safety awareness in the event of any untoward incidents.\\r\\nIn case of fire and emergency \\r\\nCall CCFS Hotline:\\r\\n 288-7777 / 09156031561 / 09814782880 \\r\\nVALIANT FIREFIGHTERS OF CALAPAN CITY\', \'1707370935_1dadc33269144f29f6ca.jpg\', \'2024-02-08 05:42:15\', \'2024-02-08 05:42:15\')')
 2 SYSTEMPATH\Database\BaseConnection.php(607): CodeIgniter\Database\BaseConnection->simpleQuery('INSERT INTO `news` (`title`, `slug`, `content`, `image`, `created_at`, `updated_at`) VALUES (\'LOOK | OPLAN BANDILYO & FIRE TRUCK VISIBILITY\', \'look-oplan-bandilyo-fire-truck-visibility\', \'BFP Calapan City Fire Station, under the leadership of FSINSP ANGEL LYNN B SALVADOR, Acting City Fire Marshal, FO1 John Ralph Mendoza, FO1 Prince Lester M De Guzman, FO1 Maria Angelica C Maristela and FO1 Joann E Lomio conducted Public address & Fire truck visibility at Brgy. Lumangbayan, Calapan City to ensure public safety awareness in the event of any untoward incidents.\\r\\nIn case of fire and emergency \\r\\nCall CCFS Hotline:\\r\\n 288-7777 / 09156031561 / 09814782880 \\r\\nVALIANT FIREFIGHTERS OF CALAPAN CITY\', \'1707370935_1dadc33269144f29f6ca.jpg\', \'2024-02-08 05:42:15\', \'2024-02-08 05:42:15\')')
 3 SYSTEMPATH\Database\BaseBuilder.php(2302): CodeIgniter\Database\BaseConnection->query('INSERT INTO `news` (`title`, `slug`, `content`, `image`, `created_at`, `updated_at`) VALUES (:title:, :slug:, :content:, :image:, :created_at:, :updated_at:)', [...], false)
 4 SYSTEMPATH\Model.php(326): CodeIgniter\Database\BaseBuilder->insert()
 5 SYSTEMPATH\BaseModel.php(802): CodeIgniter\Model->doInsert([...])
 6 SYSTEMPATH\Model.php(744): CodeIgniter\BaseModel->insert([...], true)
 7 APPPATH\Controllers\NewsController.php(100): CodeIgniter\Model->insert([...])
 8 SYSTEMPATH\CodeIgniter.php(941): App\Controllers\NewsController->store()
 9 SYSTEMPATH\CodeIgniter.php(502): CodeIgniter\CodeIgniter->runController(Object(App\Controllers\NewsController))
10 SYSTEMPATH\CodeIgniter.php(361): CodeIgniter\CodeIgniter->handleRequest(null, Object(Config\Cache), false)
11 FCPATH\index.php(79): CodeIgniter\CodeIgniter->run()
12 SYSTEMPATH\Commands\Server\rewrite.php(47): require_once('C:\\laragon\\www\\BFP_WEBSITE\\public\\index.php')
CRITICAL - 2024-02-08 05:42:15 --> [Caused by] mysqli_sql_exception: Unknown column 'created_at' in 'field list'
in SYSTEMPATH\Database\MySQLi\Connection.php on line 306.
 1 SYSTEMPATH\Database\MySQLi\Connection.php(306): mysqli->query('INSERT INTO `news` (`title`, `slug`, `content`, `image`, `created_at`, `updated_at`) VALUES (\'LOOK | OPLAN BANDILYO & FIRE TRUCK VISIBILITY\', \'look-oplan-bandilyo-fire-truck-visibility\', \'BFP Calapan City Fire Station, under the leadership of FSINSP ANGEL LYNN B SALVADOR, Acting City Fire Marshal, FO1 John Ralph Mendoza, FO1 Prince Lester M De Guzman, FO1 Maria Angelica C Maristela and FO1 Joann E Lomio conducted Public address & Fire truck visibility at Brgy. Lumangbayan, Calapan City to ensure public safety awareness in the event of any untoward incidents.\\r\\nIn case of fire and emergency \\r\\nCall CCFS Hotline:\\r\\n 288-7777 / 09156031561 / 09814782880 \\r\\nVALIANT FIREFIGHTERS OF CALAPAN CITY\', \'1707370935_1dadc33269144f29f6ca.jpg\', \'2024-02-08 05:42:15\', \'2024-02-08 05:42:15\')', 0)
 2 SYSTEMPATH\Database\BaseConnection.php(693): CodeIgniter\Database\MySQLi\Connection->execute('INSERT INTO `news` (`title`, `slug`, `content`, `image`, `created_at`, `updated_at`) VALUES (\'LOOK | OPLAN BANDILYO & FIRE TRUCK VISIBILITY\', \'look-oplan-bandilyo-fire-truck-visibility\', \'BFP Calapan City Fire Station, under the leadership of FSINSP ANGEL LYNN B SALVADOR, Acting City Fire Marshal, FO1 John Ralph Mendoza, FO1 Prince Lester M De Guzman, FO1 Maria Angelica C Maristela and FO1 Joann E Lomio conducted Public address & Fire truck visibility at Brgy. Lumangbayan, Calapan City to ensure public safety awareness in the event of any untoward incidents.\\r\\nIn case of fire and emergency \\r\\nCall CCFS Hotline:\\r\\n 288-7777 / 09156031561 / 09814782880 \\r\\nVALIANT FIREFIGHTERS OF CALAPAN CITY\', \'1707370935_1dadc33269144f29f6ca.jpg\', \'2024-02-08 05:42:15\', \'2024-02-08 05:42:15\')')
 3 SYSTEMPATH\Database\BaseConnection.php(607): CodeIgniter\Database\BaseConnection->simpleQuery('INSERT INTO `news` (`title`, `slug`, `content`, `image`, `created_at`, `updated_at`) VALUES (\'LOOK | OPLAN BANDILYO & FIRE TRUCK VISIBILITY\', \'look-oplan-bandilyo-fire-truck-visibility\', \'BFP Calapan City Fire Station, under the leadership of FSINSP ANGEL LYNN B SALVADOR, Acting City Fire Marshal, FO1 John Ralph Mendoza, FO1 Prince Lester M De Guzman, FO1 Maria Angelica C Maristela and FO1 Joann E Lomio conducted Public address & Fire truck visibility at Brgy. Lumangbayan, Calapan City to ensure public safety awareness in the event of any untoward incidents.\\r\\nIn case of fire and emergency \\r\\nCall CCFS Hotline:\\r\\n 288-7777 / 09156031561 / 09814782880 \\r\\nVALIANT FIREFIGHTERS OF CALAPAN CITY\', \'1707370935_1dadc33269144f29f6ca.jpg\', \'2024-02-08 05:42:15\', \'2024-02-08 05:42:15\')')
 4 SYSTEMPATH\Database\BaseBuilder.php(2302): CodeIgniter\Database\BaseConnection->query('INSERT INTO `news` (`title`, `slug`, `content`, `image`, `created_at`, `updated_at`) VALUES (:title:, :slug:, :content:, :image:, :created_at:, :updated_at:)', [...], false)
 5 SYSTEMPATH\Model.php(326): CodeIgniter\Database\BaseBuilder->insert()
 6 SYSTEMPATH\BaseModel.php(802): CodeIgniter\Model->doInsert([...])
 7 SYSTEMPATH\Model.php(744): CodeIgniter\BaseModel->insert([...], true)
 8 APPPATH\Controllers\NewsController.php(100): CodeIgniter\Model->insert([...])
 9 SYSTEMPATH\CodeIgniter.php(941): App\Controllers\NewsController->store()
10 SYSTEMPATH\CodeIgniter.php(502): CodeIgniter\CodeIgniter->runController(Object(App\Controllers\NewsController))
11 SYSTEMPATH\CodeIgniter.php(361): CodeIgniter\CodeIgniter->handleRequest(null, Object(Config\Cache), false)
12 FCPATH\index.php(79): CodeIgniter\CodeIgniter->run()
13 SYSTEMPATH\Commands\Server\rewrite.php(47): require_once('C:\\laragon\\www\\BFP_WEBSITE\\public\\index.php')
CRITICAL - 2024-02-08 06:40:08 --> ErrorException: Undefined variable $imageSources
in APPPATH\Views\WEBSITE\home.php on line 63.
 1 APPPATH\Views\WEBSITE\home.php(63): CodeIgniter\Debug\Exceptions->errorHandler(2, 'Undefined variable $imageSources', 'C:\\laragon\\www\\BFP_WEBSITE\\app\\Views\\WEBSITE\\home.php', 63)
 2 SYSTEMPATH\View\View.php(228): include('C:\\laragon\\www\\BFP_WEBSITE\\app\\Views\\WEBSITE\\home.php')
 3 SYSTEMPATH\View\View.php(231): CodeIgniter\View\View->CodeIgniter\View\{closure}()
 4 SYSTEMPATH\Common.php(1178): CodeIgniter\View\View->render('WEBSITE\\home', [], true)
 5 APPPATH\Controllers\HomeController.php(17): view('WEBSITE\\home')
 6 SYSTEMPATH\CodeIgniter.php(941): App\Controllers\HomeController->home()
 7 SYSTEMPATH\CodeIgniter.php(502): CodeIgniter\CodeIgniter->runController(Object(App\Controllers\HomeController))
 8 SYSTEMPATH\CodeIgniter.php(361): CodeIgniter\CodeIgniter->handleRequest(null, Object(Config\Cache), false)
 9 FCPATH\index.php(79): CodeIgniter\CodeIgniter->run()
10 SYSTEMPATH\Commands\Server\rewrite.php(47): require_once('C:\\laragon\\www\\BFP_WEBSITE\\public\\index.php')
CRITICAL - 2024-02-08 07:19:28 --> ErrorException: Undefined variable $imageSources
in APPPATH\Views\WEBSITE\home.php on line 71.
 1 APPPATH\Views\WEBSITE\home.php(71): CodeIgniter\Debug\Exceptions->errorHandler(2, 'Undefined variable $imageSources', 'C:\\laragon\\www\\BFP_WEBSITE\\app\\Views\\WEBSITE\\home.php', 71)
 2 SYSTEMPATH\View\View.php(228): include('C:\\laragon\\www\\BFP_WEBSITE\\app\\Views\\WEBSITE\\home.php')
 3 SYSTEMPATH\View\View.php(231): CodeIgniter\View\View->CodeIgniter\View\{closure}()
 4 SYSTEMPATH\Common.php(1178): CodeIgniter\View\View->render('WEBSITE\\home', [], true)
 5 APPPATH\Controllers\HomeController.php(17): view('WEBSITE\\home')
 6 SYSTEMPATH\CodeIgniter.php(941): App\Controllers\HomeController->home()
 7 SYSTEMPATH\CodeIgniter.php(502): CodeIgniter\CodeIgniter->runController(Object(App\Controllers\HomeController))
 8 SYSTEMPATH\CodeIgniter.php(361): CodeIgniter\CodeIgniter->handleRequest(null, Object(Config\Cache), false)
 9 FCPATH\index.php(79): CodeIgniter\CodeIgniter->run()
10 SYSTEMPATH\Commands\Server\rewrite.php(47): require_once('C:\\laragon\\www\\BFP_WEBSITE\\public\\index.php')
CRITICAL - 2024-02-08 07:24:02 --> ErrorException: Undefined variable $imageSources
in APPPATH\Views\WEBSITE\home.php on line 71.
 1 APPPATH\Views\WEBSITE\home.php(71): CodeIgniter\Debug\Exceptions->errorHandler(2, 'Undefined variable $imageSources', 'C:\\laragon\\www\\BFP_WEBSITE\\app\\Views\\WEBSITE\\home.php', 71)
 2 SYSTEMPATH\View\View.php(228): include('C:\\laragon\\www\\BFP_WEBSITE\\app\\Views\\WEBSITE\\home.php')
 3 SYSTEMPATH\View\View.php(231): CodeIgniter\View\View->CodeIgniter\View\{closure}()
 4 SYSTEMPATH\Common.php(1178): CodeIgniter\View\View->render('WEBSITE\\home', [], true)
 5 APPPATH\Controllers\HomeController.php(17): view('WEBSITE\\home')
 6 SYSTEMPATH\CodeIgniter.php(941): App\Controllers\HomeController->home()
 7 SYSTEMPATH\CodeIgniter.php(502): CodeIgniter\CodeIgniter->runController(Object(App\Controllers\HomeController))
 8 SYSTEMPATH\CodeIgniter.php(361): CodeIgniter\CodeIgniter->handleRequest(null, Object(Config\Cache), false)
 9 FCPATH\index.php(79): CodeIgniter\CodeIgniter->run()
10 SYSTEMPATH\Commands\Server\rewrite.php(47): require_once('C:\\laragon\\www\\BFP_WEBSITE\\public\\index.php')
CRITICAL - 2024-02-08 07:26:37 --> ErrorException: Undefined variable $imageSources
in APPPATH\Views\WEBSITE\home.php on line 70.
 1 APPPATH\Views\WEBSITE\home.php(70): CodeIgniter\Debug\Exceptions->errorHandler(2, 'Undefined variable $imageSources', 'C:\\laragon\\www\\BFP_WEBSITE\\app\\Views\\WEBSITE\\home.php', 70)
 2 SYSTEMPATH\View\View.php(228): include('C:\\laragon\\www\\BFP_WEBSITE\\app\\Views\\WEBSITE\\home.php')
 3 SYSTEMPATH\View\View.php(231): CodeIgniter\View\View->CodeIgniter\View\{closure}()
 4 SYSTEMPATH\Common.php(1178): CodeIgniter\View\View->render('WEBSITE\\home', [], true)
 5 APPPATH\Controllers\HomeController.php(17): view('WEBSITE\\home')
 6 SYSTEMPATH\CodeIgniter.php(941): App\Controllers\HomeController->home()
 7 SYSTEMPATH\CodeIgniter.php(502): CodeIgniter\CodeIgniter->runController(Object(App\Controllers\HomeController))
 8 SYSTEMPATH\CodeIgniter.php(361): CodeIgniter\CodeIgniter->handleRequest(null, Object(Config\Cache), false)
 9 FCPATH\index.php(79): CodeIgniter\CodeIgniter->run()
10 SYSTEMPATH\Commands\Server\rewrite.php(47): require_once('C:\\laragon\\www\\BFP_WEBSITE\\public\\index.php')
CRITICAL - 2024-02-08 07:31:35 --> ErrorException: Undefined variable $imageSources
in APPPATH\Views\WEBSITE\home.php on line 70.
 1 APPPATH\Views\WEBSITE\home.php(70): CodeIgniter\Debug\Exceptions->errorHandler(2, 'Undefined variable $imageSources', 'C:\\laragon\\www\\BFP_WEBSITE\\app\\Views\\WEBSITE\\home.php', 70)
 2 SYSTEMPATH\View\View.php(228): include('C:\\laragon\\www\\BFP_WEBSITE\\app\\Views\\WEBSITE\\home.php')
 3 SYSTEMPATH\View\View.php(231): CodeIgniter\View\View->CodeIgniter\View\{closure}()
 4 SYSTEMPATH\Common.php(1178): CodeIgniter\View\View->render('WEBSITE\\home', [], true)
 5 APPPATH\Controllers\HomeController.php(17): view('WEBSITE\\home')
 6 SYSTEMPATH\CodeIgniter.php(941): App\Controllers\HomeController->home()
 7 SYSTEMPATH\CodeIgniter.php(502): CodeIgniter\CodeIgniter->runController(Object(App\Controllers\HomeController))
 8 SYSTEMPATH\CodeIgniter.php(361): CodeIgniter\CodeIgniter->handleRequest(null, Object(Config\Cache), false)
 9 FCPATH\index.php(79): CodeIgniter\CodeIgniter->run()
10 SYSTEMPATH\Commands\Server\rewrite.php(47): require_once('C:\\laragon\\www\\BFP_WEBSITE\\public\\index.php')
CRITICAL - 2024-02-08 07:32:07 --> ErrorException: Undefined variable $imageSources
in APPPATH\Views\WEBSITE\home.php on line 70.
 1 APPPATH\Views\WEBSITE\home.php(70): CodeIgniter\Debug\Exceptions->errorHandler(2, 'Undefined variable $imageSources', 'C:\\laragon\\www\\BFP_WEBSITE\\app\\Views\\WEBSITE\\home.php', 70)
 2 SYSTEMPATH\View\View.php(228): include('C:\\laragon\\www\\BFP_WEBSITE\\app\\Views\\WEBSITE\\home.php')
 3 SYSTEMPATH\View\View.php(231): CodeIgniter\View\View->CodeIgniter\View\{closure}()
 4 SYSTEMPATH\Common.php(1178): CodeIgniter\View\View->render('WEBSITE\\home', [], true)
 5 APPPATH\Controllers\HomeController.php(17): view('WEBSITE\\home')
 6 SYSTEMPATH\CodeIgniter.php(941): App\Controllers\HomeController->home()
 7 SYSTEMPATH\CodeIgniter.php(502): CodeIgniter\CodeIgniter->runController(Object(App\Controllers\HomeController))
 8 SYSTEMPATH\CodeIgniter.php(361): CodeIgniter\CodeIgniter->handleRequest(null, Object(Config\Cache), false)
 9 FCPATH\index.php(79): CodeIgniter\CodeIgniter->run()
10 SYSTEMPATH\Commands\Server\rewrite.php(47): require_once('C:\\laragon\\www\\BFP_WEBSITE\\public\\index.php')
CRITICAL - 2024-02-08 07:32:25 --> ErrorException: Undefined variable $carousel_images
in APPPATH\Views\WEBSITE\home.php on line 70.
 1 APPPATH\Views\WEBSITE\home.php(70): CodeIgniter\Debug\Exceptions->errorHandler(2, 'Undefined variable $carousel_images', 'C:\\laragon\\www\\BFP_WEBSITE\\app\\Views\\WEBSITE\\home.php', 70)
 2 SYSTEMPATH\View\View.php(228): include('C:\\laragon\\www\\BFP_WEBSITE\\app\\Views\\WEBSITE\\home.php')
 3 SYSTEMPATH\View\View.php(231): CodeIgniter\View\View->CodeIgniter\View\{closure}()
 4 SYSTEMPATH\Common.php(1178): CodeIgniter\View\View->render('WEBSITE\\home', [], true)
 5 APPPATH\Controllers\HomeController.php(17): view('WEBSITE\\home')
 6 SYSTEMPATH\CodeIgniter.php(941): App\Controllers\HomeController->home()
 7 SYSTEMPATH\CodeIgniter.php(502): CodeIgniter\CodeIgniter->runController(Object(App\Controllers\HomeController))
 8 SYSTEMPATH\CodeIgniter.php(361): CodeIgniter\CodeIgniter->handleRequest(null, Object(Config\Cache), false)
 9 FCPATH\index.php(79): CodeIgniter\CodeIgniter->run()
10 SYSTEMPATH\Commands\Server\rewrite.php(47): require_once('C:\\laragon\\www\\BFP_WEBSITE\\public\\index.php')
CRITICAL - 2024-02-08 07:37:09 --> ErrorException: Undefined variable $imageSources
in APPPATH\Views\WEBSITE\home.php on line 72.
 1 APPPATH\Views\WEBSITE\home.php(72): CodeIgniter\Debug\Exceptions->errorHandler(2, 'Undefined variable $imageSources', 'C:\\laragon\\www\\BFP_WEBSITE\\app\\Views\\WEBSITE\\home.php', 72)
 2 SYSTEMPATH\View\View.php(228): include('C:\\laragon\\www\\BFP_WEBSITE\\app\\Views\\WEBSITE\\home.php')
 3 SYSTEMPATH\View\View.php(231): CodeIgniter\View\View->CodeIgniter\View\{closure}()
 4 SYSTEMPATH\Common.php(1178): CodeIgniter\View\View->render('WEBSITE\\home', [], true)
 5 APPPATH\Controllers\HomeController.php(17): view('WEBSITE\\home')
 6 SYSTEMPATH\CodeIgniter.php(941): App\Controllers\HomeController->home()
 7 SYSTEMPATH\CodeIgniter.php(502): CodeIgniter\CodeIgniter->runController(Object(App\Controllers\HomeController))
 8 SYSTEMPATH\CodeIgniter.php(361): CodeIgniter\CodeIgniter->handleRequest(null, Object(Config\Cache), false)
 9 FCPATH\index.php(79): CodeIgniter\CodeIgniter->run()
10 SYSTEMPATH\Commands\Server\rewrite.php(47): require_once('C:\\laragon\\www\\BFP_WEBSITE\\public\\index.php')
CRITICAL - 2024-02-08 07:38:09 --> ErrorException: Undefined variable $imageSources
in APPPATH\Views\WEBSITE\home.php on line 73.
 1 APPPATH\Views\WEBSITE\home.php(73): CodeIgniter\Debug\Exceptions->errorHandler(2, 'Undefined variable $imageSources', 'C:\\laragon\\www\\BFP_WEBSITE\\app\\Views\\WEBSITE\\home.php', 73)
 2 SYSTEMPATH\View\View.php(228): include('C:\\laragon\\www\\BFP_WEBSITE\\app\\Views\\WEBSITE\\home.php')
 3 SYSTEMPATH\View\View.php(231): CodeIgniter\View\View->CodeIgniter\View\{closure}()
 4 SYSTEMPATH\Common.php(1178): CodeIgniter\View\View->render('WEBSITE\\home', [], true)
 5 APPPATH\Controllers\HomeController.php(17): view('WEBSITE\\home')
 6 SYSTEMPATH\CodeIgniter.php(941): App\Controllers\HomeController->home()
 7 SYSTEMPATH\CodeIgniter.php(502): CodeIgniter\CodeIgniter->runController(Object(App\Controllers\HomeController))
 8 SYSTEMPATH\CodeIgniter.php(361): CodeIgniter\CodeIgniter->handleRequest(null, Object(Config\Cache), false)
 9 FCPATH\index.php(79): CodeIgniter\CodeIgniter->run()
10 SYSTEMPATH\Commands\Server\rewrite.php(47): require_once('C:\\laragon\\www\\BFP_WEBSITE\\public\\index.php')
CRITICAL - 2024-02-08 07:53:31 --> Error: Class "CarouselModel" not found
in APPPATH\Views\WEBSITE\home.php on line 62.
 1 SYSTEMPATH\View\View.php(228): include()
 2 SYSTEMPATH\View\View.php(231): CodeIgniter\View\View->CodeIgniter\View\{closure}()
 3 SYSTEMPATH\Common.php(1178): CodeIgniter\View\View->render('WEBSITE\\home', [], true)
 4 APPPATH\Controllers\HomeController.php(17): view('WEBSITE\\home')
 5 SYSTEMPATH\CodeIgniter.php(941): App\Controllers\HomeController->home()
 6 SYSTEMPATH\CodeIgniter.php(502): CodeIgniter\CodeIgniter->runController(Object(App\Controllers\HomeController))
 7 SYSTEMPATH\CodeIgniter.php(361): CodeIgniter\CodeIgniter->handleRequest(null, Object(Config\Cache), false)
 8 FCPATH\index.php(79): CodeIgniter\CodeIgniter->run()
 9 SYSTEMPATH\Commands\Server\rewrite.php(47): require_once('C:\\laragon\\www\\BFP_WEBSITE\\public\\index.php')
CRITICAL - 2024-02-08 15:34:38 --> ErrorException: Undefined variable $imageSources
in APPPATH\Views\WEBSITE\home.php on line 62.
 1 APPPATH\Views\WEBSITE\home.php(62): CodeIgniter\Debug\Exceptions->errorHandler(2, 'Undefined variable $imageSources', 'C:\\laragon\\www\\BFP_WEBSITE\\app\\Views\\WEBSITE\\home.php', 62)
 2 SYSTEMPATH\View\View.php(228): include('C:\\laragon\\www\\BFP_WEBSITE\\app\\Views\\WEBSITE\\home.php')
 3 SYSTEMPATH\View\View.php(231): CodeIgniter\View\View->CodeIgniter\View\{closure}()
 4 SYSTEMPATH\Common.php(1178): CodeIgniter\View\View->render('WEBSITE\\home', [], true)
 5 APPPATH\Controllers\HomeController.php(17): view('WEBSITE\\home')
 6 SYSTEMPATH\CodeIgniter.php(941): App\Controllers\HomeController->home()
 7 SYSTEMPATH\CodeIgniter.php(502): CodeIgniter\CodeIgniter->runController(Object(App\Controllers\HomeController))
 8 SYSTEMPATH\CodeIgniter.php(361): CodeIgniter\CodeIgniter->handleRequest(null, Object(Config\Cache), false)
 9 FCPATH\index.php(79): CodeIgniter\CodeIgniter->run()
10 SYSTEMPATH\Commands\Server\rewrite.php(47): require_once('C:\\laragon\\www\\BFP_WEBSITE\\public\\index.php')
CRITICAL - 2024-02-08 15:34:47 --> CodeIgniter\View\Exceptions\ViewException: Invalid file: "/home.php"
in SYSTEMPATH\Exceptions\FrameworkException.php on line 39.
 1 SYSTEMPATH\View\View.php(216): CodeIgniter\Exceptions\FrameworkException::forInvalidFile('/home.php')
 2 SYSTEMPATH\Common.php(1178): CodeIgniter\View\View->render('/home', [], true)
 3 APPPATH\Controllers\CarouselController.php(15): view('/home', [...])
 4 SYSTEMPATH\CodeIgniter.php(941): App\Controllers\CarouselController->carousel()
 5 SYSTEMPATH\CodeIgniter.php(502): CodeIgniter\CodeIgniter->runController(Object(App\Controllers\CarouselController))
 6 SYSTEMPATH\CodeIgniter.php(361): CodeIgniter\CodeIgniter->handleRequest(null, Object(Config\Cache), false)
 7 FCPATH\index.php(79): CodeIgniter\CodeIgniter->run()
 8 SYSTEMPATH\Commands\Server\rewrite.php(47): require_once('C:\\laragon\\www\\BFP_WEBSITE\\public\\index.php')
CRITICAL - 2024-02-08 17:53:47 --> ErrorException: Undefined variable $news
in APPPATH\Views\ACOMPONENTS\NEWS\newsmaincontent.php on line 34.
 1 APPPATH\Views\ACOMPONENTS\NEWS\newsmaincontent.php(34): CodeIgniter\Debug\Exceptions->errorHandler(2, 'Undefined variable $news', 'C:\\laragon\\www\\BFP_WEBSITE\\app\\Views\\ACOMPONENTS\\NEWS\\newsmaincontent.php', 34)
 2 SYSTEMPATH\View\View.php(228): include('C:\\laragon\\www\\BFP_WEBSITE\\app\\Views\\ACOMPONENTS\\NEWS\\newsmaincontent.php')
 3 SYSTEMPATH\View\View.php(231): CodeIgniter\View\View->CodeIgniter\View\{closure}()
 4 SYSTEMPATH\Common.php(1178): CodeIgniter\View\View->render('ACOMPONENTS/NEWS/newsmaincontent', [], true)
 5 APPPATH\Controllers\CarouselController.php(53): view('ACOMPONENTS/NEWS/newsmaincontent')
 6 SYSTEMPATH\CodeIgniter.php(941): App\Controllers\CarouselController->addImages()
 7 SYSTEMPATH\CodeIgniter.php(502): CodeIgniter\CodeIgniter->runController(Object(App\Controllers\CarouselController))
 8 SYSTEMPATH\CodeIgniter.php(361): CodeIgniter\CodeIgniter->handleRequest(null, Object(Config\Cache), false)
 9 FCPATH\index.php(79): CodeIgniter\CodeIgniter->run()
10 SYSTEMPATH\Commands\Server\rewrite.php(47): require_once('C:\\laragon\\www\\BFP_WEBSITE\\public\\index.php')
CRITICAL - 2024-02-08 17:54:39 --> ErrorException: Undefined variable $news
in APPPATH\Views\ACOMPONENTS\NEWS\newsmaincontent.php on line 34.
 1 APPPATH\Views\ACOMPONENTS\NEWS\newsmaincontent.php(34): CodeIgniter\Debug\Exceptions->errorHandler(2, 'Undefined variable $news', 'C:\\laragon\\www\\BFP_WEBSITE\\app\\Views\\ACOMPONENTS\\NEWS\\newsmaincontent.php', 34)
 2 SYSTEMPATH\View\View.php(228): include('C:\\laragon\\www\\BFP_WEBSITE\\app\\Views\\ACOMPONENTS\\NEWS\\newsmaincontent.php')
 3 SYSTEMPATH\View\View.php(231): CodeIgniter\View\View->CodeIgniter\View\{closure}()
 4 SYSTEMPATH\Common.php(1178): CodeIgniter\View\View->render('ACOMPONENTS/NEWS/newsmaincontent', [], true)
 5 APPPATH\Controllers\CarouselController.php(53): view('ACOMPONENTS/NEWS/newsmaincontent')
 6 SYSTEMPATH\CodeIgniter.php(941): App\Controllers\CarouselController->addImages()
 7 SYSTEMPATH\CodeIgniter.php(502): CodeIgniter\CodeIgniter->runController(Object(App\Controllers\CarouselController))
 8 SYSTEMPATH\CodeIgniter.php(361): CodeIgniter\CodeIgniter->handleRequest(null, Object(Config\Cache), false)
 9 FCPATH\index.php(79): CodeIgniter\CodeIgniter->run()
10 SYSTEMPATH\Commands\Server\rewrite.php(47): require_once('C:\\laragon\\www\\BFP_WEBSITE\\public\\index.php')
CRITICAL - 2024-02-08 17:54:45 --> ErrorException: Undefined variable $news
in APPPATH\Views\ACOMPONENTS\NEWS\newsmaincontent.php on line 34.
 1 APPPATH\Views\ACOMPONENTS\NEWS\newsmaincontent.php(34): CodeIgniter\Debug\Exceptions->errorHandler(2, 'Undefined variable $news', 'C:\\laragon\\www\\BFP_WEBSITE\\app\\Views\\ACOMPONENTS\\NEWS\\newsmaincontent.php', 34)
 2 SYSTEMPATH\View\View.php(228): include('C:\\laragon\\www\\BFP_WEBSITE\\app\\Views\\ACOMPONENTS\\NEWS\\newsmaincontent.php')
 3 SYSTEMPATH\View\View.php(231): CodeIgniter\View\View->CodeIgniter\View\{closure}()
 4 SYSTEMPATH\Common.php(1178): CodeIgniter\View\View->render('ACOMPONENTS/NEWS/newsmaincontent', [], true)
 5 APPPATH\Controllers\CarouselController.php(53): view('ACOMPONENTS/NEWS/newsmaincontent')
 6 SYSTEMPATH\CodeIgniter.php(941): App\Controllers\CarouselController->addImages()
 7 SYSTEMPATH\CodeIgniter.php(502): CodeIgniter\CodeIgniter->runController(Object(App\Controllers\CarouselController))
 8 SYSTEMPATH\CodeIgniter.php(361): CodeIgniter\CodeIgniter->handleRequest(null, Object(Config\Cache), false)
 9 FCPATH\index.php(79): CodeIgniter\CodeIgniter->run()
10 SYSTEMPATH\Commands\Server\rewrite.php(47): require_once('C:\\laragon\\www\\BFP_WEBSITE\\public\\index.php')
CRITICAL - 2024-02-08 17:55:15 --> ErrorException: Undefined variable $news
in APPPATH\Views\ACOMPONENTS\NEWS\newsmaincontent.php on line 34.
 1 APPPATH\Views\ACOMPONENTS\NEWS\newsmaincontent.php(34): CodeIgniter\Debug\Exceptions->errorHandler(2, 'Undefined variable $news', 'C:\\laragon\\www\\BFP_WEBSITE\\app\\Views\\ACOMPONENTS\\NEWS\\newsmaincontent.php', 34)
 2 SYSTEMPATH\View\View.php(228): include('C:\\laragon\\www\\BFP_WEBSITE\\app\\Views\\ACOMPONENTS\\NEWS\\newsmaincontent.php')
 3 SYSTEMPATH\View\View.php(231): CodeIgniter\View\View->CodeIgniter\View\{closure}()
 4 SYSTEMPATH\Common.php(1178): CodeIgniter\View\View->render('ACOMPONENTS/NEWS/newsmaincontent', [], true)
 5 APPPATH\Controllers\CarouselController.php(53): view('ACOMPONENTS/NEWS/newsmaincontent')
 6 SYSTEMPATH\CodeIgniter.php(941): App\Controllers\CarouselController->addImages()
 7 SYSTEMPATH\CodeIgniter.php(502): CodeIgniter\CodeIgniter->runController(Object(App\Controllers\CarouselController))
 8 SYSTEMPATH\CodeIgniter.php(361): CodeIgniter\CodeIgniter->handleRequest(null, Object(Config\Cache), false)
 9 FCPATH\index.php(79): CodeIgniter\CodeIgniter->run()
10 SYSTEMPATH\Commands\Server\rewrite.php(47): require_once('C:\\laragon\\www\\BFP_WEBSITE\\public\\index.php')
CRITICAL - 2024-02-08 17:57:22 --> ErrorException: Undefined variable $news
in APPPATH\Views\ACOMPONENTS\CAROUSEL\carouselmaincontent.php on line 34.
 1 APPPATH\Views\ACOMPONENTS\CAROUSEL\carouselmaincontent.php(34): CodeIgniter\Debug\Exceptions->errorHandler(2, 'Undefined variable $news', 'C:\\laragon\\www\\BFP_WEBSITE\\app\\Views\\ACOMPONENTS\\CAROUSEL\\carouselmaincontent.php', 34)
 2 SYSTEMPATH\View\View.php(228): include('C:\\laragon\\www\\BFP_WEBSITE\\app\\Views\\ACOMPONENTS\\CAROUSEL\\carouselmaincontent.php')
 3 SYSTEMPATH\View\View.php(231): CodeIgniter\View\View->CodeIgniter\View\{closure}()
 4 SYSTEMPATH\Common.php(1178): CodeIgniter\View\View->render('ACOMPONENTS/CAROUSEL/carouselmaincontent', [], true)
 5 APPPATH\Controllers\CarouselController.php(53): view('ACOMPONENTS/CAROUSEL/carouselmaincontent')
 6 SYSTEMPATH\CodeIgniter.php(941): App\Controllers\CarouselController->addImages()
 7 SYSTEMPATH\CodeIgniter.php(502): CodeIgniter\CodeIgniter->runController(Object(App\Controllers\CarouselController))
 8 SYSTEMPATH\CodeIgniter.php(361): CodeIgniter\CodeIgniter->handleRequest(null, Object(Config\Cache), false)
 9 FCPATH\index.php(79): CodeIgniter\CodeIgniter->run()
10 SYSTEMPATH\Commands\Server\rewrite.php(47): require_once('C:\\laragon\\www\\BFP_WEBSITE\\public\\index.php')
