ERROR - 2024-02-21 10:38:44 --> Error connecting to the database: mysqli_sql_exception: No connection could be made because the target machine actively refused it in C:\laragon\www\BFP_WEBSITE\system\Database\MySQLi\Connection.php:185
Stack trace:
#0 C:\laragon\www\BFP_WEBSITE\system\Database\MySQLi\Connection.php(185): mysqli->real_connect('localhost', 'root', '', 'bfp', 3306, '', 0)
#1 C:\laragon\www\BFP_WEBSITE\system\Database\BaseConnection.php(392): CodeIgniter\Database\MySQLi\Connection->connect(false)
#2 C:\laragon\www\BFP_WEBSITE\system\Database\BaseConnection.php(575): CodeIgniter\Database\BaseConnection->initialize()
#3 C:\laragon\www\BFP_WEBSITE\system\Database\BaseBuilder.php(1613): CodeIgniter\Database\BaseConnection->query('SELECT *\nFROM `...', Array, false)
#4 C:\laragon\www\BFP_WEBSITE\system\Model.php(270): CodeIgniter\Database\BaseBuilder->get()
#5 C:\laragon\www\BFP_WEBSITE\system\BaseModel.php(676): CodeIgniter\Model->doFirst()
#6 C:\laragon\www\BFP_WEBSITE\app\Controllers\LocationController.php(25): CodeIgniter\BaseModel->first()
#7 C:\laragon\www\BFP_WEBSITE\system\CodeIgniter.php(941): App\Controllers\LocationController->updateLocation()
#8 C:\laragon\www\BFP_WEBSITE\system\CodeIgniter.php(502): CodeIgniter\CodeIgniter->runController(Object(App\Controllers\LocationController))
#9 C:\laragon\www\BFP_WEBSITE\system\CodeIgniter.php(361): CodeIgniter\CodeIgniter->handleRequest(NULL, Object(Config\Cache), false)
#10 C:\laragon\www\BFP_WEBSITE\public\index.php(79): CodeIgniter\CodeIgniter->run()
#11 C:\laragon\www\BFP_WEBSITE\system\Commands\Server\rewrite.php(47): require_once('C:\\laragon\\www\\...')
#12 {main}

Next CodeIgniter\Database\Exceptions\DatabaseException: No connection could be made because the target machine actively refused it in C:\laragon\www\BFP_WEBSITE\system\Database\MySQLi\Connection.php:229
Stack trace:
#0 C:\laragon\www\BFP_WEBSITE\system\Database\BaseConnection.php(392): CodeIgniter\Database\MySQLi\Connection->connect(false)
#1 C:\laragon\www\BFP_WEBSITE\system\Database\BaseConnection.php(575): CodeIgniter\Database\BaseConnection->initialize()
#2 C:\laragon\www\BFP_WEBSITE\system\Database\BaseBuilder.php(1613): CodeIgniter\Database\BaseConnection->query('SELECT *\nFROM `...', Array, false)
#3 C:\laragon\www\BFP_WEBSITE\system\Model.php(270): CodeIgniter\Database\BaseBuilder->get()
#4 C:\laragon\www\BFP_WEBSITE\system\BaseModel.php(676): CodeIgniter\Model->doFirst()
#5 C:\laragon\www\BFP_WEBSITE\app\Controllers\LocationController.php(25): CodeIgniter\BaseModel->first()
#6 C:\laragon\www\BFP_WEBSITE\system\CodeIgniter.php(941): App\Controllers\LocationController->updateLocation()
#7 C:\laragon\www\BFP_WEBSITE\system\CodeIgniter.php(502): CodeIgniter\CodeIgniter->runController(Object(App\Controllers\LocationController))
#8 C:\laragon\www\BFP_WEBSITE\system\CodeIgniter.php(361): CodeIgniter\CodeIgniter->handleRequest(NULL, Object(Config\Cache), false)
#9 C:\laragon\www\BFP_WEBSITE\public\index.php(79): CodeIgniter\CodeIgniter->run()
#10 C:\laragon\www\BFP_WEBSITE\system\Commands\Server\rewrite.php(47): require_once('C:\\laragon\\www\\...')
#11 {main}
CRITICAL - 2024-02-21 10:38:44 --> CodeIgniter\Database\Exceptions\DatabaseException: Unable to connect to the database.
Main connection [MySQLi]: No connection could be made because the target machine actively refused it
in SYSTEMPATH\Database\BaseConnection.php on line 428.
 1 SYSTEMPATH\Database\BaseConnection.php(575): CodeIgniter\Database\BaseConnection->initialize()
 2 SYSTEMPATH\Database\BaseBuilder.php(1613): CodeIgniter\Database\BaseConnection->query('SELECT *
FROM `locations`
WHERE `user_id` = :user_id:
 LIMIT 1', [...], false)
 3 SYSTEMPATH\Model.php(270): CodeIgniter\Database\BaseBuilder->get()
 4 SYSTEMPATH\BaseModel.php(676): CodeIgniter\Model->doFirst()
 5 APPPATH\Controllers\LocationController.php(25): CodeIgniter\BaseModel->first()
 6 SYSTEMPATH\CodeIgniter.php(941): App\Controllers\LocationController->updateLocation()
 7 SYSTEMPATH\CodeIgniter.php(502): CodeIgniter\CodeIgniter->runController(Object(App\Controllers\LocationController))
 8 SYSTEMPATH\CodeIgniter.php(361): CodeIgniter\CodeIgniter->handleRequest(null, Object(Config\Cache), false)
 9 FCPATH\index.php(79): CodeIgniter\CodeIgniter->run()
10 SYSTEMPATH\Commands\Server\rewrite.php(47): require_once('C:\\laragon\\www\\BFP_WEBSITE\\public\\index.php')
ERROR - 2024-02-21 10:39:17 --> Error connecting to the database: mysqli_sql_exception: No connection could be made because the target machine actively refused it in C:\laragon\www\BFP_WEBSITE\system\Database\MySQLi\Connection.php:185
Stack trace:
#0 C:\laragon\www\BFP_WEBSITE\system\Database\MySQLi\Connection.php(185): mysqli->real_connect('localhost', 'root', '', 'bfp', 3306, '', 0)
#1 C:\laragon\www\BFP_WEBSITE\system\Database\BaseConnection.php(392): CodeIgniter\Database\MySQLi\Connection->connect(false)
#2 C:\laragon\www\BFP_WEBSITE\system\Database\BaseConnection.php(575): CodeIgniter\Database\BaseConnection->initialize()
#3 C:\laragon\www\BFP_WEBSITE\system\Database\BaseBuilder.php(1613): CodeIgniter\Database\BaseConnection->query('SELECT *\nFROM `...', Array, false)
#4 C:\laragon\www\BFP_WEBSITE\system\Model.php(270): CodeIgniter\Database\BaseBuilder->get()
#5 C:\laragon\www\BFP_WEBSITE\system\BaseModel.php(676): CodeIgniter\Model->doFirst()
#6 C:\laragon\www\BFP_WEBSITE\app\Controllers\LocationController.php(25): CodeIgniter\BaseModel->first()
#7 C:\laragon\www\BFP_WEBSITE\system\CodeIgniter.php(941): App\Controllers\LocationController->updateLocation()
#8 C:\laragon\www\BFP_WEBSITE\system\CodeIgniter.php(502): CodeIgniter\CodeIgniter->runController(Object(App\Controllers\LocationController))
#9 C:\laragon\www\BFP_WEBSITE\system\CodeIgniter.php(361): CodeIgniter\CodeIgniter->handleRequest(NULL, Object(Config\Cache), false)
#10 C:\laragon\www\BFP_WEBSITE\public\index.php(79): CodeIgniter\CodeIgniter->run()
#11 C:\laragon\www\BFP_WEBSITE\system\Commands\Server\rewrite.php(47): require_once('C:\\laragon\\www\\...')
#12 {main}

Next CodeIgniter\Database\Exceptions\DatabaseException: No connection could be made because the target machine actively refused it in C:\laragon\www\BFP_WEBSITE\system\Database\MySQLi\Connection.php:229
Stack trace:
#0 C:\laragon\www\BFP_WEBSITE\system\Database\BaseConnection.php(392): CodeIgniter\Database\MySQLi\Connection->connect(false)
#1 C:\laragon\www\BFP_WEBSITE\system\Database\BaseConnection.php(575): CodeIgniter\Database\BaseConnection->initialize()
#2 C:\laragon\www\BFP_WEBSITE\system\Database\BaseBuilder.php(1613): CodeIgniter\Database\BaseConnection->query('SELECT *\nFROM `...', Array, false)
#3 C:\laragon\www\BFP_WEBSITE\system\Model.php(270): CodeIgniter\Database\BaseBuilder->get()
#4 C:\laragon\www\BFP_WEBSITE\system\BaseModel.php(676): CodeIgniter\Model->doFirst()
#5 C:\laragon\www\BFP_WEBSITE\app\Controllers\LocationController.php(25): CodeIgniter\BaseModel->first()
#6 C:\laragon\www\BFP_WEBSITE\system\CodeIgniter.php(941): App\Controllers\LocationController->updateLocation()
#7 C:\laragon\www\BFP_WEBSITE\system\CodeIgniter.php(502): CodeIgniter\CodeIgniter->runController(Object(App\Controllers\LocationController))
#8 C:\laragon\www\BFP_WEBSITE\system\CodeIgniter.php(361): CodeIgniter\CodeIgniter->handleRequest(NULL, Object(Config\Cache), false)
#9 C:\laragon\www\BFP_WEBSITE\public\index.php(79): CodeIgniter\CodeIgniter->run()
#10 C:\laragon\www\BFP_WEBSITE\system\Commands\Server\rewrite.php(47): require_once('C:\\laragon\\www\\...')
#11 {main}
CRITICAL - 2024-02-21 10:39:17 --> CodeIgniter\Database\Exceptions\DatabaseException: Unable to connect to the database.
Main connection [MySQLi]: No connection could be made because the target machine actively refused it
in SYSTEMPATH\Database\BaseConnection.php on line 428.
 1 SYSTEMPATH\Database\BaseConnection.php(575): CodeIgniter\Database\BaseConnection->initialize()
 2 SYSTEMPATH\Database\BaseBuilder.php(1613): CodeIgniter\Database\BaseConnection->query('SELECT *
FROM `locations`
WHERE `user_id` = :user_id:
 LIMIT 1', [...], false)
 3 SYSTEMPATH\Model.php(270): CodeIgniter\Database\BaseBuilder->get()
 4 SYSTEMPATH\BaseModel.php(676): CodeIgniter\Model->doFirst()
 5 APPPATH\Controllers\LocationController.php(25): CodeIgniter\BaseModel->first()
 6 SYSTEMPATH\CodeIgniter.php(941): App\Controllers\LocationController->updateLocation()
 7 SYSTEMPATH\CodeIgniter.php(502): CodeIgniter\CodeIgniter->runController(Object(App\Controllers\LocationController))
 8 SYSTEMPATH\CodeIgniter.php(361): CodeIgniter\CodeIgniter->handleRequest(null, Object(Config\Cache), false)
 9 FCPATH\index.php(79): CodeIgniter\CodeIgniter->run()
10 SYSTEMPATH\Commands\Server\rewrite.php(47): require_once('C:\\laragon\\www\\BFP_WEBSITE\\public\\index.php')
ERROR - 2024-02-21 10:40:26 --> Error connecting to the database: mysqli_sql_exception: No connection could be made because the target machine actively refused it in C:\laragon\www\BFP_WEBSITE\system\Database\MySQLi\Connection.php:185
Stack trace:
#0 C:\laragon\www\BFP_WEBSITE\system\Database\MySQLi\Connection.php(185): mysqli->real_connect('localhost', 'root', '', 'bfp', 3306, '', 0)
#1 C:\laragon\www\BFP_WEBSITE\system\Database\BaseConnection.php(392): CodeIgniter\Database\MySQLi\Connection->connect(false)
#2 C:\laragon\www\BFP_WEBSITE\system\Database\BaseConnection.php(575): CodeIgniter\Database\BaseConnection->initialize()
#3 C:\laragon\www\BFP_WEBSITE\system\Database\BaseBuilder.php(1613): CodeIgniter\Database\BaseConnection->query('SELECT *\nFROM `...', Array, false)
#4 C:\laragon\www\BFP_WEBSITE\system\Model.php(270): CodeIgniter\Database\BaseBuilder->get()
#5 C:\laragon\www\BFP_WEBSITE\system\BaseModel.php(676): CodeIgniter\Model->doFirst()
#6 C:\laragon\www\BFP_WEBSITE\app\Controllers\LocationController.php(25): CodeIgniter\BaseModel->first()
#7 C:\laragon\www\BFP_WEBSITE\system\CodeIgniter.php(941): App\Controllers\LocationController->updateLocation()
#8 C:\laragon\www\BFP_WEBSITE\system\CodeIgniter.php(502): CodeIgniter\CodeIgniter->runController(Object(App\Controllers\LocationController))
#9 C:\laragon\www\BFP_WEBSITE\system\CodeIgniter.php(361): CodeIgniter\CodeIgniter->handleRequest(NULL, Object(Config\Cache), false)
#10 C:\laragon\www\BFP_WEBSITE\public\index.php(79): CodeIgniter\CodeIgniter->run()
#11 C:\laragon\www\BFP_WEBSITE\system\Commands\Server\rewrite.php(47): require_once('C:\\laragon\\www\\...')
#12 {main}

Next CodeIgniter\Database\Exceptions\DatabaseException: No connection could be made because the target machine actively refused it in C:\laragon\www\BFP_WEBSITE\system\Database\MySQLi\Connection.php:229
Stack trace:
#0 C:\laragon\www\BFP_WEBSITE\system\Database\BaseConnection.php(392): CodeIgniter\Database\MySQLi\Connection->connect(false)
#1 C:\laragon\www\BFP_WEBSITE\system\Database\BaseConnection.php(575): CodeIgniter\Database\BaseConnection->initialize()
#2 C:\laragon\www\BFP_WEBSITE\system\Database\BaseBuilder.php(1613): CodeIgniter\Database\BaseConnection->query('SELECT *\nFROM `...', Array, false)
#3 C:\laragon\www\BFP_WEBSITE\system\Model.php(270): CodeIgniter\Database\BaseBuilder->get()
#4 C:\laragon\www\BFP_WEBSITE\system\BaseModel.php(676): CodeIgniter\Model->doFirst()
#5 C:\laragon\www\BFP_WEBSITE\app\Controllers\LocationController.php(25): CodeIgniter\BaseModel->first()
#6 C:\laragon\www\BFP_WEBSITE\system\CodeIgniter.php(941): App\Controllers\LocationController->updateLocation()
#7 C:\laragon\www\BFP_WEBSITE\system\CodeIgniter.php(502): CodeIgniter\CodeIgniter->runController(Object(App\Controllers\LocationController))
#8 C:\laragon\www\BFP_WEBSITE\system\CodeIgniter.php(361): CodeIgniter\CodeIgniter->handleRequest(NULL, Object(Config\Cache), false)
#9 C:\laragon\www\BFP_WEBSITE\public\index.php(79): CodeIgniter\CodeIgniter->run()
#10 C:\laragon\www\BFP_WEBSITE\system\Commands\Server\rewrite.php(47): require_once('C:\\laragon\\www\\...')
#11 {main}
CRITICAL - 2024-02-21 10:40:26 --> CodeIgniter\Database\Exceptions\DatabaseException: Unable to connect to the database.
Main connection [MySQLi]: No connection could be made because the target machine actively refused it
in SYSTEMPATH\Database\BaseConnection.php on line 428.
 1 SYSTEMPATH\Database\BaseConnection.php(575): CodeIgniter\Database\BaseConnection->initialize()
 2 SYSTEMPATH\Database\BaseBuilder.php(1613): CodeIgniter\Database\BaseConnection->query('SELECT *
FROM `locations`
WHERE `user_id` = :user_id:
 LIMIT 1', [...], false)
 3 SYSTEMPATH\Model.php(270): CodeIgniter\Database\BaseBuilder->get()
 4 SYSTEMPATH\BaseModel.php(676): CodeIgniter\Model->doFirst()
 5 APPPATH\Controllers\LocationController.php(25): CodeIgniter\BaseModel->first()
 6 SYSTEMPATH\CodeIgniter.php(941): App\Controllers\LocationController->updateLocation()
 7 SYSTEMPATH\CodeIgniter.php(502): CodeIgniter\CodeIgniter->runController(Object(App\Controllers\LocationController))
 8 SYSTEMPATH\CodeIgniter.php(361): CodeIgniter\CodeIgniter->handleRequest(null, Object(Config\Cache), false)
 9 FCPATH\index.php(79): CodeIgniter\CodeIgniter->run()
10 SYSTEMPATH\Commands\Server\rewrite.php(47): require_once('C:\\laragon\\www\\BFP_WEBSITE\\public\\index.php')
ERROR - 2024-02-21 10:40:58 --> Error connecting to the database: mysqli_sql_exception: No connection could be made because the target machine actively refused it in C:\laragon\www\BFP_WEBSITE\system\Database\MySQLi\Connection.php:185
Stack trace:
#0 C:\laragon\www\BFP_WEBSITE\system\Database\MySQLi\Connection.php(185): mysqli->real_connect('localhost', 'root', '', 'bfp', 3306, '', 0)
#1 C:\laragon\www\BFP_WEBSITE\system\Database\BaseConnection.php(392): CodeIgniter\Database\MySQLi\Connection->connect(false)
#2 C:\laragon\www\BFP_WEBSITE\system\Database\BaseConnection.php(575): CodeIgniter\Database\BaseConnection->initialize()
#3 C:\laragon\www\BFP_WEBSITE\system\Database\BaseBuilder.php(1613): CodeIgniter\Database\BaseConnection->query('SELECT *\nFROM `...', Array, false)
#4 C:\laragon\www\BFP_WEBSITE\system\Model.php(270): CodeIgniter\Database\BaseBuilder->get()
#5 C:\laragon\www\BFP_WEBSITE\system\BaseModel.php(676): CodeIgniter\Model->doFirst()
#6 C:\laragon\www\BFP_WEBSITE\app\Controllers\LocationController.php(25): CodeIgniter\BaseModel->first()
#7 C:\laragon\www\BFP_WEBSITE\system\CodeIgniter.php(941): App\Controllers\LocationController->updateLocation()
#8 C:\laragon\www\BFP_WEBSITE\system\CodeIgniter.php(502): CodeIgniter\CodeIgniter->runController(Object(App\Controllers\LocationController))
#9 C:\laragon\www\BFP_WEBSITE\system\CodeIgniter.php(361): CodeIgniter\CodeIgniter->handleRequest(NULL, Object(Config\Cache), false)
#10 C:\laragon\www\BFP_WEBSITE\public\index.php(79): CodeIgniter\CodeIgniter->run()
#11 C:\laragon\www\BFP_WEBSITE\system\Commands\Server\rewrite.php(47): require_once('C:\\laragon\\www\\...')
#12 {main}

Next CodeIgniter\Database\Exceptions\DatabaseException: No connection could be made because the target machine actively refused it in C:\laragon\www\BFP_WEBSITE\system\Database\MySQLi\Connection.php:229
Stack trace:
#0 C:\laragon\www\BFP_WEBSITE\system\Database\BaseConnection.php(392): CodeIgniter\Database\MySQLi\Connection->connect(false)
#1 C:\laragon\www\BFP_WEBSITE\system\Database\BaseConnection.php(575): CodeIgniter\Database\BaseConnection->initialize()
#2 C:\laragon\www\BFP_WEBSITE\system\Database\BaseBuilder.php(1613): CodeIgniter\Database\BaseConnection->query('SELECT *\nFROM `...', Array, false)
#3 C:\laragon\www\BFP_WEBSITE\system\Model.php(270): CodeIgniter\Database\BaseBuilder->get()
#4 C:\laragon\www\BFP_WEBSITE\system\BaseModel.php(676): CodeIgniter\Model->doFirst()
#5 C:\laragon\www\BFP_WEBSITE\app\Controllers\LocationController.php(25): CodeIgniter\BaseModel->first()
#6 C:\laragon\www\BFP_WEBSITE\system\CodeIgniter.php(941): App\Controllers\LocationController->updateLocation()
#7 C:\laragon\www\BFP_WEBSITE\system\CodeIgniter.php(502): CodeIgniter\CodeIgniter->runController(Object(App\Controllers\LocationController))
#8 C:\laragon\www\BFP_WEBSITE\system\CodeIgniter.php(361): CodeIgniter\CodeIgniter->handleRequest(NULL, Object(Config\Cache), false)
#9 C:\laragon\www\BFP_WEBSITE\public\index.php(79): CodeIgniter\CodeIgniter->run()
#10 C:\laragon\www\BFP_WEBSITE\system\Commands\Server\rewrite.php(47): require_once('C:\\laragon\\www\\...')
#11 {main}
CRITICAL - 2024-02-21 10:40:58 --> CodeIgniter\Database\Exceptions\DatabaseException: Unable to connect to the database.
Main connection [MySQLi]: No connection could be made because the target machine actively refused it
in SYSTEMPATH\Database\BaseConnection.php on line 428.
 1 SYSTEMPATH\Database\BaseConnection.php(575): CodeIgniter\Database\BaseConnection->initialize()
 2 SYSTEMPATH\Database\BaseBuilder.php(1613): CodeIgniter\Database\BaseConnection->query('SELECT *
FROM `locations`
WHERE `user_id` = :user_id:
 LIMIT 1', [...], false)
 3 SYSTEMPATH\Model.php(270): CodeIgniter\Database\BaseBuilder->get()
 4 SYSTEMPATH\BaseModel.php(676): CodeIgniter\Model->doFirst()
 5 APPPATH\Controllers\LocationController.php(25): CodeIgniter\BaseModel->first()
 6 SYSTEMPATH\CodeIgniter.php(941): App\Controllers\LocationController->updateLocation()
 7 SYSTEMPATH\CodeIgniter.php(502): CodeIgniter\CodeIgniter->runController(Object(App\Controllers\LocationController))
 8 SYSTEMPATH\CodeIgniter.php(361): CodeIgniter\CodeIgniter->handleRequest(null, Object(Config\Cache), false)
 9 FCPATH\index.php(79): CodeIgniter\CodeIgniter->run()
10 SYSTEMPATH\Commands\Server\rewrite.php(47): require_once('C:\\laragon\\www\\BFP_WEBSITE\\public\\index.php')
