CRITICAL - 2024-02-12 15:31:37 --> ErrorException: Undefined variable $photoPath
in APPPATH\Views\ACOMPONENTS\NEWS\newsmaincontent.php on line 42.
 1 APPPATH\Views\ACOMPONENTS\NEWS\newsmaincontent.php(42): CodeIgniter\Debug\Exceptions->errorHandler(2, 'Undefined variable $photoPath', 'C:\\laragon\\www\\BFP_WEBSITE\\app\\Views\\ACOMPONENTS\\NEWS\\newsmaincontent.php', 42)
 2 SYSTEMPATH\View\View.php(228): include('C:\\laragon\\www\\BFP_WEBSITE\\app\\Views\\ACOMPONENTS\\NEWS\\newsmaincontent.php')
 3 SYSTEMPATH\View\View.php(231): CodeIgniter\View\View->CodeIgniter\View\{closure}()
 4 SYSTEMPATH\Common.php(1178): CodeIgniter\View\View->render('ACOMPONENTS/NEWS/newsmaincontent', [], true)
 5 APPPATH\Controllers\NewsController.php(53): view('ACOMPONENTS/NEWS/newsmaincontent', [...])
 6 SYSTEMPATH\CodeIgniter.php(941): App\Controllers\NewsController->newscreate()
 7 SYSTEMPATH\CodeIgniter.php(502): CodeIgniter\CodeIgniter->runController(Object(App\Controllers\NewsController))
 8 SYSTEMPATH\CodeIgniter.php(361): CodeIgniter\CodeIgniter->handleRequest(null, Object(Config\Cache), false)
 9 FCPATH\index.php(79): CodeIgniter\CodeIgniter->run()
10 SYSTEMPATH\Commands\Server\rewrite.php(47): require_once('C:\\laragon\\www\\BFP_WEBSITE\\public\\index.php')
CRITICAL - 2024-02-12 15:32:10 --> ErrorException: Undefined variable $image
in APPPATH\Views\ACOMPONENTS\NEWS\newsmaincontent.php on line 42.
 1 APPPATH\Views\ACOMPONENTS\NEWS\newsmaincontent.php(42): CodeIgniter\Debug\Exceptions->errorHandler(2, 'Undefined variable $image', 'C:\\laragon\\www\\BFP_WEBSITE\\app\\Views\\ACOMPONENTS\\NEWS\\newsmaincontent.php', 42)
 2 SYSTEMPATH\View\View.php(228): include('C:\\laragon\\www\\BFP_WEBSITE\\app\\Views\\ACOMPONENTS\\NEWS\\newsmaincontent.php')
 3 SYSTEMPATH\View\View.php(231): CodeIgniter\View\View->CodeIgniter\View\{closure}()
 4 SYSTEMPATH\Common.php(1178): CodeIgniter\View\View->render('ACOMPONENTS/NEWS/newsmaincontent', [], true)
 5 APPPATH\Controllers\NewsController.php(53): view('ACOMPONENTS/NEWS/newsmaincontent', [...])
 6 SYSTEMPATH\CodeIgniter.php(941): App\Controllers\NewsController->newscreate()
 7 SYSTEMPATH\CodeIgniter.php(502): CodeIgniter\CodeIgniter->runController(Object(App\Controllers\NewsController))
 8 SYSTEMPATH\CodeIgniter.php(361): CodeIgniter\CodeIgniter->handleRequest(null, Object(Config\Cache), false)
 9 FCPATH\index.php(79): CodeIgniter\CodeIgniter->run()
10 SYSTEMPATH\Commands\Server\rewrite.php(47): require_once('C:\\laragon\\www\\BFP_WEBSITE\\public\\index.php')
CRITICAL - 2024-02-12 15:34:22 --> ErrorException: Undefined variable $photoPath
in APPPATH\Views\NEWS\NewsContent.php on line 76.
 1 APPPATH\Views\NEWS\NewsContent.php(76): CodeIgniter\Debug\Exceptions->errorHandler(2, 'Undefined variable $photoPath', 'C:\\laragon\\www\\BFP_WEBSITE\\app\\Views\\NEWS\\NewsContent.php', 76)
 2 SYSTEMPATH\View\View.php(228): include('C:\\laragon\\www\\BFP_WEBSITE\\app\\Views\\NEWS\\NewsContent.php')
 3 SYSTEMPATH\View\View.php(231): CodeIgniter\View\View->CodeIgniter\View\{closure}()
 4 SYSTEMPATH\Common.php(1178): CodeIgniter\View\View->render('NEWS/NewsContent', [], true)
 5 APPPATH\Controllers\NewsController.php(41): view('NEWS/NewsContent', [...])
 6 SYSTEMPATH\CodeIgniter.php(941): App\Controllers\NewsController->show('5th-try')
 7 SYSTEMPATH\CodeIgniter.php(502): CodeIgniter\CodeIgniter->runController(Object(App\Controllers\NewsController))
 8 SYSTEMPATH\CodeIgniter.php(361): CodeIgniter\CodeIgniter->handleRequest(null, Object(Config\Cache), false)
 9 FCPATH\index.php(79): CodeIgniter\CodeIgniter->run()
10 SYSTEMPATH\Commands\Server\rewrite.php(47): require_once('C:\\laragon\\www\\BFP_WEBSITE\\public\\index.php')
CRITICAL - 2024-02-12 15:35:25 --> ErrorException: Undefined array key "image"
in APPPATH\Views\NEWS\NewsView.php on line 48.
 1 APPPATH\Views\NEWS\NewsView.php(48): CodeIgniter\Debug\Exceptions->errorHandler(2, 'Undefined array key "image"', 'C:\\laragon\\www\\BFP_WEBSITE\\app\\Views\\NEWS\\NewsView.php', 48)
 2 SYSTEMPATH\View\View.php(228): include('C:\\laragon\\www\\BFP_WEBSITE\\app\\Views\\NEWS\\NewsView.php')
 3 SYSTEMPATH\View\View.php(231): CodeIgniter\View\View->CodeIgniter\View\{closure}()
 4 SYSTEMPATH\Common.php(1178): CodeIgniter\View\View->render('NEWS/NewsView', [], true)
 5 APPPATH\Controllers\NewsController.php(26): view('NEWS/NewsView', [...])
 6 SYSTEMPATH\CodeIgniter.php(941): App\Controllers\NewsController->news()
 7 SYSTEMPATH\CodeIgniter.php(502): CodeIgniter\CodeIgniter->runController(Object(App\Controllers\NewsController))
 8 SYSTEMPATH\CodeIgniter.php(361): CodeIgniter\CodeIgniter->handleRequest(null, Object(Config\Cache), false)
 9 FCPATH\index.php(79): CodeIgniter\CodeIgniter->run()
10 SYSTEMPATH\Commands\Server\rewrite.php(47): require_once('C:\\laragon\\www\\BFP_WEBSITE\\public\\index.php')
CRITICAL - 2024-02-12 15:35:27 --> ErrorException: Undefined array key "image"
in APPPATH\Views\NEWS\NewsView.php on line 48.
 1 APPPATH\Views\NEWS\NewsView.php(48): CodeIgniter\Debug\Exceptions->errorHandler(2, 'Undefined array key "image"', 'C:\\laragon\\www\\BFP_WEBSITE\\app\\Views\\NEWS\\NewsView.php', 48)
 2 SYSTEMPATH\View\View.php(228): include('C:\\laragon\\www\\BFP_WEBSITE\\app\\Views\\NEWS\\NewsView.php')
 3 SYSTEMPATH\View\View.php(231): CodeIgniter\View\View->CodeIgniter\View\{closure}()
 4 SYSTEMPATH\Common.php(1178): CodeIgniter\View\View->render('NEWS/NewsView', [], true)
 5 APPPATH\Controllers\NewsController.php(26): view('NEWS/NewsView', [...])
 6 SYSTEMPATH\CodeIgniter.php(941): App\Controllers\NewsController->news()
 7 SYSTEMPATH\CodeIgniter.php(502): CodeIgniter\CodeIgniter->runController(Object(App\Controllers\NewsController))
 8 SYSTEMPATH\CodeIgniter.php(361): CodeIgniter\CodeIgniter->handleRequest(null, Object(Config\Cache), false)
 9 FCPATH\index.php(79): CodeIgniter\CodeIgniter->run()
10 SYSTEMPATH\Commands\Server\rewrite.php(47): require_once('C:\\laragon\\www\\BFP_WEBSITE\\public\\index.php')
CRITICAL - 2024-02-12 15:36:04 --> ErrorException: Undefined array key "image"
in APPPATH\Views\NEWS\NewsView.php on line 48.
 1 APPPATH\Views\NEWS\NewsView.php(48): CodeIgniter\Debug\Exceptions->errorHandler(2, 'Undefined array key "image"', 'C:\\laragon\\www\\BFP_WEBSITE\\app\\Views\\NEWS\\NewsView.php', 48)
 2 SYSTEMPATH\View\View.php(228): include('C:\\laragon\\www\\BFP_WEBSITE\\app\\Views\\NEWS\\NewsView.php')
 3 SYSTEMPATH\View\View.php(231): CodeIgniter\View\View->CodeIgniter\View\{closure}()
 4 SYSTEMPATH\Common.php(1178): CodeIgniter\View\View->render('NEWS/NewsView', [], true)
 5 APPPATH\Controllers\NewsController.php(26): view('NEWS/NewsView', [...])
 6 SYSTEMPATH\CodeIgniter.php(941): App\Controllers\NewsController->news()
 7 SYSTEMPATH\CodeIgniter.php(502): CodeIgniter\CodeIgniter->runController(Object(App\Controllers\NewsController))
 8 SYSTEMPATH\CodeIgniter.php(361): CodeIgniter\CodeIgniter->handleRequest(null, Object(Config\Cache), false)
 9 FCPATH\index.php(79): CodeIgniter\CodeIgniter->run()
10 SYSTEMPATH\Commands\Server\rewrite.php(47): require_once('C:\\laragon\\www\\BFP_WEBSITE\\public\\index.php')
CRITICAL - 2024-02-12 15:52:40 --> ErrorException: Undefined array key "images"
in APPPATH\Views\ACOMPONENTS\NEWS\newsmaincontent.php on line 56.
 1 APPPATH\Views\ACOMPONENTS\NEWS\newsmaincontent.php(56): CodeIgniter\Debug\Exceptions->errorHandler(2, 'Undefined array key "images"', 'C:\\laragon\\www\\BFP_WEBSITE\\app\\Views\\ACOMPONENTS\\NEWS\\newsmaincontent.php', 56)
 2 SYSTEMPATH\View\View.php(228): include('C:\\laragon\\www\\BFP_WEBSITE\\app\\Views\\ACOMPONENTS\\NEWS\\newsmaincontent.php')
 3 SYSTEMPATH\View\View.php(231): CodeIgniter\View\View->CodeIgniter\View\{closure}()
 4 SYSTEMPATH\Common.php(1178): CodeIgniter\View\View->render('ACOMPONENTS/NEWS/newsmaincontent', [], true)
 5 APPPATH\Controllers\NewsController.php(53): view('ACOMPONENTS/NEWS/newsmaincontent', [...])
 6 SYSTEMPATH\CodeIgniter.php(941): App\Controllers\NewsController->newscreate()
 7 SYSTEMPATH\CodeIgniter.php(502): CodeIgniter\CodeIgniter->runController(Object(App\Controllers\NewsController))
 8 SYSTEMPATH\CodeIgniter.php(361): CodeIgniter\CodeIgniter->handleRequest(null, Object(Config\Cache), false)
 9 FCPATH\index.php(79): CodeIgniter\CodeIgniter->run()
10 SYSTEMPATH\Commands\Server\rewrite.php(47): require_once('C:\\laragon\\www\\BFP_WEBSITE\\public\\index.php')
CRITICAL - 2024-02-12 15:53:28 --> Error: Call to a member function isValid() on null
in APPPATH\Controllers\NewsController.php on line 167.
 1 SYSTEMPATH\CodeIgniter.php(941): App\Controllers\NewsController->update()
 2 SYSTEMPATH\CodeIgniter.php(502): CodeIgniter\CodeIgniter->runController(Object(App\Controllers\NewsController))
 3 SYSTEMPATH\CodeIgniter.php(361): CodeIgniter\CodeIgniter->handleRequest(null, Object(Config\Cache), false)
 4 FCPATH\index.php(79): CodeIgniter\CodeIgniter->run()
 5 SYSTEMPATH\Commands\Server\rewrite.php(47): require_once('C:\\laragon\\www\\BFP_WEBSITE\\public\\index.php')
CRITICAL - 2024-02-12 15:57:27 --> Error: Call to a member function isValid() on null
in APPPATH\Controllers\NewsController.php on line 172.
 1 SYSTEMPATH\CodeIgniter.php(941): App\Controllers\NewsController->update()
 2 SYSTEMPATH\CodeIgniter.php(502): CodeIgniter\CodeIgniter->runController(Object(App\Controllers\NewsController))
 3 SYSTEMPATH\CodeIgniter.php(361): CodeIgniter\CodeIgniter->handleRequest(null, Object(Config\Cache), false)
 4 FCPATH\index.php(79): CodeIgniter\CodeIgniter->run()
 5 SYSTEMPATH\Commands\Server\rewrite.php(47): require_once('C:\\laragon\\www\\BFP_WEBSITE\\public\\index.php')
CRITICAL - 2024-02-12 16:00:43 --> ErrorException: Undefined variable $news
in APPPATH\Views\ACOMPONENTS\NEWS\newsmaincontent.php on line 36.
 1 APPPATH\Views\ACOMPONENTS\NEWS\newsmaincontent.php(36): CodeIgniter\Debug\Exceptions->errorHandler(2, 'Undefined variable $news', 'C:\\laragon\\www\\BFP_WEBSITE\\app\\Views\\ACOMPONENTS\\NEWS\\newsmaincontent.php', 36)
 2 SYSTEMPATH\View\View.php(228): include('C:\\laragon\\www\\BFP_WEBSITE\\app\\Views\\ACOMPONENTS\\NEWS\\newsmaincontent.php')
 3 SYSTEMPATH\View\View.php(231): CodeIgniter\View\View->CodeIgniter\View\{closure}()
 4 SYSTEMPATH\Common.php(1178): CodeIgniter\View\View->render('ACOMPONENTS/NEWS/newsmaincontent', [], true)
 5 APPPATH\Controllers\NewsController.php(112): view('ACOMPONENTS/NEWS/newsmaincontent', [...])
 6 SYSTEMPATH\CodeIgniter.php(941): App\Controllers\NewsController->store()
 7 SYSTEMPATH\CodeIgniter.php(502): CodeIgniter\CodeIgniter->runController(Object(App\Controllers\NewsController))
 8 SYSTEMPATH\CodeIgniter.php(361): CodeIgniter\CodeIgniter->handleRequest(null, Object(Config\Cache), false)
 9 FCPATH\index.php(79): CodeIgniter\CodeIgniter->run()
10 SYSTEMPATH\Commands\Server\rewrite.php(47): require_once('C:\\laragon\\www\\BFP_WEBSITE\\public\\index.php')
CRITICAL - 2024-02-12 16:01:15 --> ErrorException: Undefined variable $news
in APPPATH\Views\ACOMPONENTS\NEWS\newsmaincontent.php on line 36.
 1 APPPATH\Views\ACOMPONENTS\NEWS\newsmaincontent.php(36): CodeIgniter\Debug\Exceptions->errorHandler(2, 'Undefined variable $news', 'C:\\laragon\\www\\BFP_WEBSITE\\app\\Views\\ACOMPONENTS\\NEWS\\newsmaincontent.php', 36)
 2 SYSTEMPATH\View\View.php(228): include('C:\\laragon\\www\\BFP_WEBSITE\\app\\Views\\ACOMPONENTS\\NEWS\\newsmaincontent.php')
 3 SYSTEMPATH\View\View.php(231): CodeIgniter\View\View->CodeIgniter\View\{closure}()
 4 SYSTEMPATH\Common.php(1178): CodeIgniter\View\View->render('ACOMPONENTS/NEWS/newsmaincontent', [], true)
 5 APPPATH\Controllers\NewsController.php(112): view('ACOMPONENTS/NEWS/newsmaincontent', [...])
 6 SYSTEMPATH\CodeIgniter.php(941): App\Controllers\NewsController->store()
 7 SYSTEMPATH\CodeIgniter.php(502): CodeIgniter\CodeIgniter->runController(Object(App\Controllers\NewsController))
 8 SYSTEMPATH\CodeIgniter.php(361): CodeIgniter\CodeIgniter->handleRequest(null, Object(Config\Cache), false)
 9 FCPATH\index.php(79): CodeIgniter\CodeIgniter->run()
10 SYSTEMPATH\Commands\Server\rewrite.php(47): require_once('C:\\laragon\\www\\BFP_WEBSITE\\public\\index.php')
CRITICAL - 2024-02-12 16:03:15 --> ErrorException: Undefined variable $news
in APPPATH\Views\ACOMPONENTS\NEWS\newsmaincontent.php on line 36.
 1 APPPATH\Views\ACOMPONENTS\NEWS\newsmaincontent.php(36): CodeIgniter\Debug\Exceptions->errorHandler(2, 'Undefined variable $news', 'C:\\laragon\\www\\BFP_WEBSITE\\app\\Views\\ACOMPONENTS\\NEWS\\newsmaincontent.php', 36)
 2 SYSTEMPATH\View\View.php(228): include('C:\\laragon\\www\\BFP_WEBSITE\\app\\Views\\ACOMPONENTS\\NEWS\\newsmaincontent.php')
 3 SYSTEMPATH\View\View.php(231): CodeIgniter\View\View->CodeIgniter\View\{closure}()
 4 SYSTEMPATH\Common.php(1178): CodeIgniter\View\View->render('ACOMPONENTS/NEWS/newsmaincontent', [], true)
 5 APPPATH\Controllers\NewsController.php(114): view('ACOMPONENTS/NEWS/newsmaincontent', [...])
 6 SYSTEMPATH\CodeIgniter.php(941): App\Controllers\NewsController->store()
 7 SYSTEMPATH\CodeIgniter.php(502): CodeIgniter\CodeIgniter->runController(Object(App\Controllers\NewsController))
 8 SYSTEMPATH\CodeIgniter.php(361): CodeIgniter\CodeIgniter->handleRequest(null, Object(Config\Cache), false)
 9 FCPATH\index.php(79): CodeIgniter\CodeIgniter->run()
10 SYSTEMPATH\Commands\Server\rewrite.php(47): require_once('C:\\laragon\\www\\BFP_WEBSITE\\public\\index.php')
CRITICAL - 2024-02-12 16:04:53 --> ErrorException: Undefined variable $news
in APPPATH\Views\ACOMPONENTS\NEWS\newsmaincontent.php on line 36.
 1 APPPATH\Views\ACOMPONENTS\NEWS\newsmaincontent.php(36): CodeIgniter\Debug\Exceptions->errorHandler(2, 'Undefined variable $news', 'C:\\laragon\\www\\BFP_WEBSITE\\app\\Views\\ACOMPONENTS\\NEWS\\newsmaincontent.php', 36)
 2 SYSTEMPATH\View\View.php(228): include('C:\\laragon\\www\\BFP_WEBSITE\\app\\Views\\ACOMPONENTS\\NEWS\\newsmaincontent.php')
 3 SYSTEMPATH\View\View.php(231): CodeIgniter\View\View->CodeIgniter\View\{closure}()
 4 SYSTEMPATH\Common.php(1178): CodeIgniter\View\View->render('ACOMPONENTS/NEWS/newsmaincontent', [], true)
 5 APPPATH\Controllers\NewsController.php(114): view('ACOMPONENTS/NEWS/newsmaincontent', [...])
 6 SYSTEMPATH\CodeIgniter.php(941): App\Controllers\NewsController->store()
 7 SYSTEMPATH\CodeIgniter.php(502): CodeIgniter\CodeIgniter->runController(Object(App\Controllers\NewsController))
 8 SYSTEMPATH\CodeIgniter.php(361): CodeIgniter\CodeIgniter->handleRequest(null, Object(Config\Cache), false)
 9 FCPATH\index.php(79): CodeIgniter\CodeIgniter->run()
10 SYSTEMPATH\Commands\Server\rewrite.php(47): require_once('C:\\laragon\\www\\BFP_WEBSITE\\public\\index.php')
CRITICAL - 2024-02-12 16:05:24 --> ErrorException: Undefined variable $new
in APPPATH\Views\ACOMPONENTS\NEWS\newsmaincontent.php on line 36.
 1 APPPATH\Views\ACOMPONENTS\NEWS\newsmaincontent.php(36): CodeIgniter\Debug\Exceptions->errorHandler(2, 'Undefined variable $new', 'C:\\laragon\\www\\BFP_WEBSITE\\app\\Views\\ACOMPONENTS\\NEWS\\newsmaincontent.php', 36)
 2 SYSTEMPATH\View\View.php(228): include('C:\\laragon\\www\\BFP_WEBSITE\\app\\Views\\ACOMPONENTS\\NEWS\\newsmaincontent.php')
 3 SYSTEMPATH\View\View.php(231): CodeIgniter\View\View->CodeIgniter\View\{closure}()
 4 SYSTEMPATH\Common.php(1178): CodeIgniter\View\View->render('ACOMPONENTS/NEWS/newsmaincontent', [], true)
 5 APPPATH\Controllers\NewsController.php(114): view('ACOMPONENTS/NEWS/newsmaincontent', [...])
 6 SYSTEMPATH\CodeIgniter.php(941): App\Controllers\NewsController->store()
 7 SYSTEMPATH\CodeIgniter.php(502): CodeIgniter\CodeIgniter->runController(Object(App\Controllers\NewsController))
 8 SYSTEMPATH\CodeIgniter.php(361): CodeIgniter\CodeIgniter->handleRequest(null, Object(Config\Cache), false)
 9 FCPATH\index.php(79): CodeIgniter\CodeIgniter->run()
10 SYSTEMPATH\Commands\Server\rewrite.php(47): require_once('C:\\laragon\\www\\BFP_WEBSITE\\public\\index.php')
CRITICAL - 2024-02-12 16:05:31 --> ErrorException: Undefined variable $news
in APPPATH\Views\ACOMPONENTS\NEWS\newsmaincontent.php on line 36.
 1 APPPATH\Views\ACOMPONENTS\NEWS\newsmaincontent.php(36): CodeIgniter\Debug\Exceptions->errorHandler(2, 'Undefined variable $news', 'C:\\laragon\\www\\BFP_WEBSITE\\app\\Views\\ACOMPONENTS\\NEWS\\newsmaincontent.php', 36)
 2 SYSTEMPATH\View\View.php(228): include('C:\\laragon\\www\\BFP_WEBSITE\\app\\Views\\ACOMPONENTS\\NEWS\\newsmaincontent.php')
 3 SYSTEMPATH\View\View.php(231): CodeIgniter\View\View->CodeIgniter\View\{closure}()
 4 SYSTEMPATH\Common.php(1178): CodeIgniter\View\View->render('ACOMPONENTS/NEWS/newsmaincontent', [], true)
 5 APPPATH\Controllers\NewsController.php(114): view('ACOMPONENTS/NEWS/newsmaincontent', [...])
 6 SYSTEMPATH\CodeIgniter.php(941): App\Controllers\NewsController->store()
 7 SYSTEMPATH\CodeIgniter.php(502): CodeIgniter\CodeIgniter->runController(Object(App\Controllers\NewsController))
 8 SYSTEMPATH\CodeIgniter.php(361): CodeIgniter\CodeIgniter->handleRequest(null, Object(Config\Cache), false)
 9 FCPATH\index.php(79): CodeIgniter\CodeIgniter->run()
10 SYSTEMPATH\Commands\Server\rewrite.php(47): require_once('C:\\laragon\\www\\BFP_WEBSITE\\public\\index.php')
CRITICAL - 2024-02-12 16:05:37 --> ErrorException: Undefined variable $news
in APPPATH\Views\ACOMPONENTS\NEWS\newsmaincontent.php on line 36.
 1 APPPATH\Views\ACOMPONENTS\NEWS\newsmaincontent.php(36): CodeIgniter\Debug\Exceptions->errorHandler(2, 'Undefined variable $news', 'C:\\laragon\\www\\BFP_WEBSITE\\app\\Views\\ACOMPONENTS\\NEWS\\newsmaincontent.php', 36)
 2 SYSTEMPATH\View\View.php(228): include('C:\\laragon\\www\\BFP_WEBSITE\\app\\Views\\ACOMPONENTS\\NEWS\\newsmaincontent.php')
 3 SYSTEMPATH\View\View.php(231): CodeIgniter\View\View->CodeIgniter\View\{closure}()
 4 SYSTEMPATH\Common.php(1178): CodeIgniter\View\View->render('ACOMPONENTS/NEWS/newsmaincontent', [], true)
 5 APPPATH\Controllers\NewsController.php(114): view('ACOMPONENTS/NEWS/newsmaincontent', [...])
 6 SYSTEMPATH\CodeIgniter.php(941): App\Controllers\NewsController->store()
 7 SYSTEMPATH\CodeIgniter.php(502): CodeIgniter\CodeIgniter->runController(Object(App\Controllers\NewsController))
 8 SYSTEMPATH\CodeIgniter.php(361): CodeIgniter\CodeIgniter->handleRequest(null, Object(Config\Cache), false)
 9 FCPATH\index.php(79): CodeIgniter\CodeIgniter->run()
10 SYSTEMPATH\Commands\Server\rewrite.php(47): require_once('C:\\laragon\\www\\BFP_WEBSITE\\public\\index.php')
CRITICAL - 2024-02-12 16:06:25 --> ErrorException: Undefined variable $news
in APPPATH\Views\ACOMPONENTS\NEWS\newsmaincontent.php on line 36.
 1 APPPATH\Views\ACOMPONENTS\NEWS\newsmaincontent.php(36): CodeIgniter\Debug\Exceptions->errorHandler(2, 'Undefined variable $news', 'C:\\laragon\\www\\BFP_WEBSITE\\app\\Views\\ACOMPONENTS\\NEWS\\newsmaincontent.php', 36)
 2 SYSTEMPATH\View\View.php(228): include('C:\\laragon\\www\\BFP_WEBSITE\\app\\Views\\ACOMPONENTS\\NEWS\\newsmaincontent.php')
 3 SYSTEMPATH\View\View.php(231): CodeIgniter\View\View->CodeIgniter\View\{closure}()
 4 SYSTEMPATH\Common.php(1178): CodeIgniter\View\View->render('ACOMPONENTS/NEWS/newsmaincontent', [], true)
 5 APPPATH\Controllers\NewsController.php(116): view('ACOMPONENTS/NEWS/newsmaincontent', [...])
 6 SYSTEMPATH\CodeIgniter.php(941): App\Controllers\NewsController->store()
 7 SYSTEMPATH\CodeIgniter.php(502): CodeIgniter\CodeIgniter->runController(Object(App\Controllers\NewsController))
 8 SYSTEMPATH\CodeIgniter.php(361): CodeIgniter\CodeIgniter->handleRequest(null, Object(Config\Cache), false)
 9 FCPATH\index.php(79): CodeIgniter\CodeIgniter->run()
10 SYSTEMPATH\Commands\Server\rewrite.php(47): require_once('C:\\laragon\\www\\BFP_WEBSITE\\public\\index.php')
CRITICAL - 2024-02-12 16:06:48 --> ErrorException: Undefined variable $news
in APPPATH\Views\ACOMPONENTS\NEWS\newsmaincontent.php on line 36.
 1 APPPATH\Views\ACOMPONENTS\NEWS\newsmaincontent.php(36): CodeIgniter\Debug\Exceptions->errorHandler(2, 'Undefined variable $news', 'C:\\laragon\\www\\BFP_WEBSITE\\app\\Views\\ACOMPONENTS\\NEWS\\newsmaincontent.php', 36)
 2 SYSTEMPATH\View\View.php(228): include('C:\\laragon\\www\\BFP_WEBSITE\\app\\Views\\ACOMPONENTS\\NEWS\\newsmaincontent.php')
 3 SYSTEMPATH\View\View.php(231): CodeIgniter\View\View->CodeIgniter\View\{closure}()
 4 SYSTEMPATH\Common.php(1178): CodeIgniter\View\View->render('ACOMPONENTS/NEWS/newsmaincontent', [], true)
 5 APPPATH\Controllers\NewsController.php(115): view('ACOMPONENTS/NEWS/newsmaincontent', [...])
 6 SYSTEMPATH\CodeIgniter.php(941): App\Controllers\NewsController->store()
 7 SYSTEMPATH\CodeIgniter.php(502): CodeIgniter\CodeIgniter->runController(Object(App\Controllers\NewsController))
 8 SYSTEMPATH\CodeIgniter.php(361): CodeIgniter\CodeIgniter->handleRequest(null, Object(Config\Cache), false)
 9 FCPATH\index.php(79): CodeIgniter\CodeIgniter->run()
10 SYSTEMPATH\Commands\Server\rewrite.php(47): require_once('C:\\laragon\\www\\BFP_WEBSITE\\public\\index.php')
CRITICAL - 2024-02-12 16:06:57 --> ErrorException: Undefined variable $news
in APPPATH\Views\ACOMPONENTS\NEWS\newsmaincontent.php on line 36.
 1 APPPATH\Views\ACOMPONENTS\NEWS\newsmaincontent.php(36): CodeIgniter\Debug\Exceptions->errorHandler(2, 'Undefined variable $news', 'C:\\laragon\\www\\BFP_WEBSITE\\app\\Views\\ACOMPONENTS\\NEWS\\newsmaincontent.php', 36)
 2 SYSTEMPATH\View\View.php(228): include('C:\\laragon\\www\\BFP_WEBSITE\\app\\Views\\ACOMPONENTS\\NEWS\\newsmaincontent.php')
 3 SYSTEMPATH\View\View.php(231): CodeIgniter\View\View->CodeIgniter\View\{closure}()
 4 SYSTEMPATH\Common.php(1178): CodeIgniter\View\View->render('ACOMPONENTS/NEWS/newsmaincontent', [], true)
 5 APPPATH\Controllers\NewsController.php(115): view('ACOMPONENTS/NEWS/newsmaincontent', [...])
 6 SYSTEMPATH\CodeIgniter.php(941): App\Controllers\NewsController->store()
 7 SYSTEMPATH\CodeIgniter.php(502): CodeIgniter\CodeIgniter->runController(Object(App\Controllers\NewsController))
 8 SYSTEMPATH\CodeIgniter.php(361): CodeIgniter\CodeIgniter->handleRequest(null, Object(Config\Cache), false)
 9 FCPATH\index.php(79): CodeIgniter\CodeIgniter->run()
10 SYSTEMPATH\Commands\Server\rewrite.php(47): require_once('C:\\laragon\\www\\BFP_WEBSITE\\public\\index.php')
CRITICAL - 2024-02-12 16:07:13 --> ErrorException: Undefined array key "images"
in APPPATH\Views\ACOMPONENTS\NEWS\newsmaincontent.php on line 56.
 1 APPPATH\Views\ACOMPONENTS\NEWS\newsmaincontent.php(56): CodeIgniter\Debug\Exceptions->errorHandler(2, 'Undefined array key "images"', 'C:\\laragon\\www\\BFP_WEBSITE\\app\\Views\\ACOMPONENTS\\NEWS\\newsmaincontent.php', 56)
 2 SYSTEMPATH\View\View.php(228): include('C:\\laragon\\www\\BFP_WEBSITE\\app\\Views\\ACOMPONENTS\\NEWS\\newsmaincontent.php')
 3 SYSTEMPATH\View\View.php(231): CodeIgniter\View\View->CodeIgniter\View\{closure}()
 4 SYSTEMPATH\Common.php(1178): CodeIgniter\View\View->render('ACOMPONENTS/NEWS/newsmaincontent', [], true)
 5 APPPATH\Controllers\NewsController.php(54): view('ACOMPONENTS/NEWS/newsmaincontent', [...])
 6 SYSTEMPATH\CodeIgniter.php(941): App\Controllers\NewsController->newscreate()
 7 SYSTEMPATH\CodeIgniter.php(502): CodeIgniter\CodeIgniter->runController(Object(App\Controllers\NewsController))
 8 SYSTEMPATH\CodeIgniter.php(361): CodeIgniter\CodeIgniter->handleRequest(null, Object(Config\Cache), false)
 9 FCPATH\index.php(79): CodeIgniter\CodeIgniter->run()
10 SYSTEMPATH\Commands\Server\rewrite.php(47): require_once('C:\\laragon\\www\\BFP_WEBSITE\\public\\index.php')
CRITICAL - 2024-02-12 16:07:44 --> ErrorException: Undefined variable $news
in APPPATH\Views\ACOMPONENTS\NEWS\newsmaincontent.php on line 36.
 1 APPPATH\Views\ACOMPONENTS\NEWS\newsmaincontent.php(36): CodeIgniter\Debug\Exceptions->errorHandler(2, 'Undefined variable $news', 'C:\\laragon\\www\\BFP_WEBSITE\\app\\Views\\ACOMPONENTS\\NEWS\\newsmaincontent.php', 36)
 2 SYSTEMPATH\View\View.php(228): include('C:\\laragon\\www\\BFP_WEBSITE\\app\\Views\\ACOMPONENTS\\NEWS\\newsmaincontent.php')
 3 SYSTEMPATH\View\View.php(231): CodeIgniter\View\View->CodeIgniter\View\{closure}()
 4 SYSTEMPATH\Common.php(1178): CodeIgniter\View\View->render('ACOMPONENTS/NEWS/newsmaincontent', [], true)
 5 APPPATH\Controllers\NewsController.php(115): view('ACOMPONENTS/NEWS/newsmaincontent', [...])
 6 SYSTEMPATH\CodeIgniter.php(941): App\Controllers\NewsController->store()
 7 SYSTEMPATH\CodeIgniter.php(502): CodeIgniter\CodeIgniter->runController(Object(App\Controllers\NewsController))
 8 SYSTEMPATH\CodeIgniter.php(361): CodeIgniter\CodeIgniter->handleRequest(null, Object(Config\Cache), false)
 9 FCPATH\index.php(79): CodeIgniter\CodeIgniter->run()
10 SYSTEMPATH\Commands\Server\rewrite.php(47): require_once('C:\\laragon\\www\\BFP_WEBSITE\\public\\index.php')
CRITICAL - 2024-02-12 16:08:02 --> ErrorException: Undefined variable $news
in APPPATH\Views\ACOMPONENTS\NEWS\newsmaincontent.php on line 36.
 1 APPPATH\Views\ACOMPONENTS\NEWS\newsmaincontent.php(36): CodeIgniter\Debug\Exceptions->errorHandler(2, 'Undefined variable $news', 'C:\\laragon\\www\\BFP_WEBSITE\\app\\Views\\ACOMPONENTS\\NEWS\\newsmaincontent.php', 36)
 2 SYSTEMPATH\View\View.php(228): include('C:\\laragon\\www\\BFP_WEBSITE\\app\\Views\\ACOMPONENTS\\NEWS\\newsmaincontent.php')
 3 SYSTEMPATH\View\View.php(231): CodeIgniter\View\View->CodeIgniter\View\{closure}()
 4 SYSTEMPATH\Common.php(1178): CodeIgniter\View\View->render('ACOMPONENTS/NEWS/newsmaincontent', [], true)
 5 APPPATH\Controllers\NewsController.php(115): view('ACOMPONENTS/NEWS/newsmaincontent', [...])
 6 SYSTEMPATH\CodeIgniter.php(941): App\Controllers\NewsController->store()
 7 SYSTEMPATH\CodeIgniter.php(502): CodeIgniter\CodeIgniter->runController(Object(App\Controllers\NewsController))
 8 SYSTEMPATH\CodeIgniter.php(361): CodeIgniter\CodeIgniter->handleRequest(null, Object(Config\Cache), false)
 9 FCPATH\index.php(79): CodeIgniter\CodeIgniter->run()
10 SYSTEMPATH\Commands\Server\rewrite.php(47): require_once('C:\\laragon\\www\\BFP_WEBSITE\\public\\index.php')
CRITICAL - 2024-02-12 16:12:24 --> TypeError: array_key_exists(): Argument #2 ($array) must be of type array, CodeIgniter\HTTP\Files\UploadedFile given
in SYSTEMPATH\HTTP\Files\FileCollection.php on line 122.
 1 SYSTEMPATH\HTTP\Files\FileCollection.php(122): array_key_exists('*', Object(CodeIgniter\HTTP\Files\UploadedFile))
 2 SYSTEMPATH\HTTP\Files\FileCollection.php(86): CodeIgniter\HTTP\Files\FileCollection->hasFile('image.*')
 3 SYSTEMPATH\HTTP\IncomingRequest.php(917): CodeIgniter\HTTP\Files\FileCollection->getFileMultiple('image.*')
 4 SYSTEMPATH\Validation\FileRules.php(54): CodeIgniter\HTTP\IncomingRequest->getFileMultiple('image.*')
 5 SYSTEMPATH\Validation\Validation.php(328): CodeIgniter\Validation\FileRules->uploaded(null, 'image.*', [...], null, 'image.*')
 6 SYSTEMPATH\Validation\Validation.php(196): CodeIgniter\Validation\Validation->processRules('image.*', 'image.*', null, [...], [...], 'image.*')
 7 SYSTEMPATH\Controller.php(152): CodeIgniter\Validation\Validation->run()
 8 APPPATH\Controllers\NewsController.php(83): CodeIgniter\Controller->validate([...], [...])
 9 SYSTEMPATH\CodeIgniter.php(941): App\Controllers\NewsController->store()
10 SYSTEMPATH\CodeIgniter.php(502): CodeIgniter\CodeIgniter->runController(Object(App\Controllers\NewsController))
11 SYSTEMPATH\CodeIgniter.php(361): CodeIgniter\CodeIgniter->handleRequest(null, Object(Config\Cache), false)
12 FCPATH\index.php(79): CodeIgniter\CodeIgniter->run()
13 SYSTEMPATH\Commands\Server\rewrite.php(47): require_once('C:\\laragon\\www\\BFP_WEBSITE\\public\\index.php')
CRITICAL - 2024-02-12 16:16:11 --> TypeError: array_key_exists(): Argument #2 ($array) must be of type array, CodeIgniter\HTTP\Files\UploadedFile given
in SYSTEMPATH\HTTP\Files\FileCollection.php on line 122.
 1 SYSTEMPATH\HTTP\Files\FileCollection.php(122): array_key_exists('*', Object(CodeIgniter\HTTP\Files\UploadedFile))
 2 SYSTEMPATH\HTTP\Files\FileCollection.php(86): CodeIgniter\HTTP\Files\FileCollection->hasFile('image.*')
 3 SYSTEMPATH\HTTP\IncomingRequest.php(917): CodeIgniter\HTTP\Files\FileCollection->getFileMultiple('image.*')
 4 SYSTEMPATH\Validation\FileRules.php(54): CodeIgniter\HTTP\IncomingRequest->getFileMultiple('image.*')
 5 SYSTEMPATH\Validation\Validation.php(328): CodeIgniter\Validation\FileRules->uploaded(null, 'image.*', [...], null, 'image.*')
 6 SYSTEMPATH\Validation\Validation.php(196): CodeIgniter\Validation\Validation->processRules('image.*', 'image.*', null, [...], [...], 'image.*')
 7 SYSTEMPATH\Controller.php(152): CodeIgniter\Validation\Validation->run()
 8 APPPATH\Controllers\NewsController.php(83): CodeIgniter\Controller->validate([...], [...])
 9 SYSTEMPATH\CodeIgniter.php(941): App\Controllers\NewsController->store()
10 SYSTEMPATH\CodeIgniter.php(502): CodeIgniter\CodeIgniter->runController(Object(App\Controllers\NewsController))
11 SYSTEMPATH\CodeIgniter.php(361): CodeIgniter\CodeIgniter->handleRequest(null, Object(Config\Cache), false)
12 FCPATH\index.php(79): CodeIgniter\CodeIgniter->run()
13 SYSTEMPATH\Commands\Server\rewrite.php(47): require_once('C:\\laragon\\www\\BFP_WEBSITE\\public\\index.php')
CRITICAL - 2024-02-12 16:22:15 --> TypeError: array_key_exists(): Argument #2 ($array) must be of type array, CodeIgniter\HTTP\Files\UploadedFile given
in SYSTEMPATH\HTTP\Files\FileCollection.php on line 122.
 1 SYSTEMPATH\HTTP\Files\FileCollection.php(122): array_key_exists('*', Object(CodeIgniter\HTTP\Files\UploadedFile))
 2 SYSTEMPATH\HTTP\Files\FileCollection.php(86): CodeIgniter\HTTP\Files\FileCollection->hasFile('image.*')
 3 SYSTEMPATH\HTTP\IncomingRequest.php(917): CodeIgniter\HTTP\Files\FileCollection->getFileMultiple('image.*')
 4 SYSTEMPATH\Validation\FileRules.php(54): CodeIgniter\HTTP\IncomingRequest->getFileMultiple('image.*')
 5 SYSTEMPATH\Validation\Validation.php(328): CodeIgniter\Validation\FileRules->uploaded(null, 'image.*', [...], null, 'image.*')
 6 SYSTEMPATH\Validation\Validation.php(196): CodeIgniter\Validation\Validation->processRules('image.*', 'image.*', null, [...], [...], 'image.*')
 7 SYSTEMPATH\Controller.php(152): CodeIgniter\Validation\Validation->run()
 8 APPPATH\Controllers\NewsController.php(83): CodeIgniter\Controller->validate([...], [...])
 9 SYSTEMPATH\CodeIgniter.php(941): App\Controllers\NewsController->store()
10 SYSTEMPATH\CodeIgniter.php(502): CodeIgniter\CodeIgniter->runController(Object(App\Controllers\NewsController))
11 SYSTEMPATH\CodeIgniter.php(361): CodeIgniter\CodeIgniter->handleRequest(null, Object(Config\Cache), false)
12 FCPATH\index.php(79): CodeIgniter\CodeIgniter->run()
13 SYSTEMPATH\Commands\Server\rewrite.php(47): require_once('C:\\laragon\\www\\BFP_WEBSITE\\public\\index.php')
CRITICAL - 2024-02-12 16:24:42 --> TypeError: array_key_exists(): Argument #2 ($array) must be of type array, CodeIgniter\HTTP\Files\UploadedFile given
in SYSTEMPATH\HTTP\Files\FileCollection.php on line 122.
 1 SYSTEMPATH\HTTP\Files\FileCollection.php(122): array_key_exists('*', Object(CodeIgniter\HTTP\Files\UploadedFile))
 2 SYSTEMPATH\HTTP\Files\FileCollection.php(86): CodeIgniter\HTTP\Files\FileCollection->hasFile('image.*')
 3 SYSTEMPATH\HTTP\IncomingRequest.php(917): CodeIgniter\HTTP\Files\FileCollection->getFileMultiple('image.*')
 4 SYSTEMPATH\Validation\FileRules.php(54): CodeIgniter\HTTP\IncomingRequest->getFileMultiple('image.*')
 5 SYSTEMPATH\Validation\Validation.php(328): CodeIgniter\Validation\FileRules->uploaded(null, 'image.*', [...], null, 'image.*')
 6 SYSTEMPATH\Validation\Validation.php(196): CodeIgniter\Validation\Validation->processRules('image.*', 'image.*', null, [...], [...], 'image.*')
 7 SYSTEMPATH\Controller.php(152): CodeIgniter\Validation\Validation->run()
 8 APPPATH\Controllers\NewsController.php(80): CodeIgniter\Controller->validate([...], [...])
 9 SYSTEMPATH\CodeIgniter.php(941): App\Controllers\NewsController->store()
10 SYSTEMPATH\CodeIgniter.php(502): CodeIgniter\CodeIgniter->runController(Object(App\Controllers\NewsController))
11 SYSTEMPATH\CodeIgniter.php(361): CodeIgniter\CodeIgniter->handleRequest(null, Object(Config\Cache), false)
12 FCPATH\index.php(79): CodeIgniter\CodeIgniter->run()
13 SYSTEMPATH\Commands\Server\rewrite.php(47): require_once('C:\\laragon\\www\\BFP_WEBSITE\\public\\index.php')
CRITICAL - 2024-02-12 16:27:26 --> TypeError: array_key_exists(): Argument #2 ($array) must be of type array, CodeIgniter\HTTP\Files\UploadedFile given
in SYSTEMPATH\HTTP\Files\FileCollection.php on line 122.
 1 SYSTEMPATH\HTTP\Files\FileCollection.php(122): array_key_exists('*', Object(CodeIgniter\HTTP\Files\UploadedFile))
 2 SYSTEMPATH\HTTP\Files\FileCollection.php(86): CodeIgniter\HTTP\Files\FileCollection->hasFile('image.*')
 3 SYSTEMPATH\HTTP\IncomingRequest.php(917): CodeIgniter\HTTP\Files\FileCollection->getFileMultiple('image.*')
 4 SYSTEMPATH\Validation\FileRules.php(54): CodeIgniter\HTTP\IncomingRequest->getFileMultiple('image.*')
 5 SYSTEMPATH\Validation\Validation.php(328): CodeIgniter\Validation\FileRules->uploaded(null, 'image.*', [...], null, 'image.*')
 6 SYSTEMPATH\Validation\Validation.php(196): CodeIgniter\Validation\Validation->processRules('image.*', 'image.*', null, [...], [...], 'image.*')
 7 SYSTEMPATH\Controller.php(152): CodeIgniter\Validation\Validation->run()
 8 APPPATH\Controllers\NewsController.php(80): CodeIgniter\Controller->validate([...], [...])
 9 SYSTEMPATH\CodeIgniter.php(941): App\Controllers\NewsController->store()
10 SYSTEMPATH\CodeIgniter.php(502): CodeIgniter\CodeIgniter->runController(Object(App\Controllers\NewsController))
11 SYSTEMPATH\CodeIgniter.php(361): CodeIgniter\CodeIgniter->handleRequest(null, Object(Config\Cache), false)
12 FCPATH\index.php(79): CodeIgniter\CodeIgniter->run()
13 SYSTEMPATH\Commands\Server\rewrite.php(47): require_once('C:\\laragon\\www\\BFP_WEBSITE\\public\\index.php')
CRITICAL - 2024-02-12 16:27:35 --> TypeError: array_key_exists(): Argument #2 ($array) must be of type array, CodeIgniter\HTTP\Files\UploadedFile given
in SYSTEMPATH\HTTP\Files\FileCollection.php on line 122.
 1 SYSTEMPATH\HTTP\Files\FileCollection.php(122): array_key_exists('*', Object(CodeIgniter\HTTP\Files\UploadedFile))
 2 SYSTEMPATH\HTTP\Files\FileCollection.php(86): CodeIgniter\HTTP\Files\FileCollection->hasFile('image.*')
 3 SYSTEMPATH\HTTP\IncomingRequest.php(917): CodeIgniter\HTTP\Files\FileCollection->getFileMultiple('image.*')
 4 SYSTEMPATH\Validation\FileRules.php(54): CodeIgniter\HTTP\IncomingRequest->getFileMultiple('image.*')
 5 SYSTEMPATH\Validation\Validation.php(328): CodeIgniter\Validation\FileRules->uploaded(null, 'image.*', [...], null, 'image.*')
 6 SYSTEMPATH\Validation\Validation.php(196): CodeIgniter\Validation\Validation->processRules('image.*', 'image.*', null, [...], [...], 'image.*')
 7 SYSTEMPATH\Controller.php(152): CodeIgniter\Validation\Validation->run()
 8 APPPATH\Controllers\NewsController.php(80): CodeIgniter\Controller->validate([...], [...])
 9 SYSTEMPATH\CodeIgniter.php(941): App\Controllers\NewsController->store()
10 SYSTEMPATH\CodeIgniter.php(502): CodeIgniter\CodeIgniter->runController(Object(App\Controllers\NewsController))
11 SYSTEMPATH\CodeIgniter.php(361): CodeIgniter\CodeIgniter->handleRequest(null, Object(Config\Cache), false)
12 FCPATH\index.php(79): CodeIgniter\CodeIgniter->run()
13 SYSTEMPATH\Commands\Server\rewrite.php(47): require_once('C:\\laragon\\www\\BFP_WEBSITE\\public\\index.php')
CRITICAL - 2024-02-12 16:31:16 --> ErrorException: Undefined array key "images"
in APPPATH\Views\ACOMPONENTS\NEWS\newsmaincontent.php on line 34.
 1 APPPATH\Views\ACOMPONENTS\NEWS\newsmaincontent.php(34): CodeIgniter\Debug\Exceptions->errorHandler(2, 'Undefined array key "images"', 'C:\\laragon\\www\\BFP_WEBSITE\\app\\Views\\ACOMPONENTS\\NEWS\\newsmaincontent.php', 34)
 2 SYSTEMPATH\View\View.php(228): include('C:\\laragon\\www\\BFP_WEBSITE\\app\\Views\\ACOMPONENTS\\NEWS\\newsmaincontent.php')
 3 SYSTEMPATH\View\View.php(231): CodeIgniter\View\View->CodeIgniter\View\{closure}()
 4 SYSTEMPATH\Common.php(1178): CodeIgniter\View\View->render('ACOMPONENTS/NEWS/newsmaincontent', [], true)
 5 APPPATH\Controllers\NewsController.php(52): view('ACOMPONENTS/NEWS/newsmaincontent', [...])
 6 SYSTEMPATH\CodeIgniter.php(941): App\Controllers\NewsController->newscreate()
 7 SYSTEMPATH\CodeIgniter.php(502): CodeIgniter\CodeIgniter->runController(Object(App\Controllers\NewsController))
 8 SYSTEMPATH\CodeIgniter.php(361): CodeIgniter\CodeIgniter->handleRequest(null, Object(Config\Cache), false)
 9 FCPATH\index.php(79): CodeIgniter\CodeIgniter->run()
10 SYSTEMPATH\Commands\Server\rewrite.php(47): require_once('C:\\laragon\\www\\BFP_WEBSITE\\public\\index.php')
CRITICAL - 2024-02-12 16:33:22 --> ErrorException: Undefined array key "images"
in APPPATH\Views\ACOMPONENTS\NEWS\newsmaincontent.php on line 41.
 1 APPPATH\Views\ACOMPONENTS\NEWS\newsmaincontent.php(41): CodeIgniter\Debug\Exceptions->errorHandler(2, 'Undefined array key "images"', 'C:\\laragon\\www\\BFP_WEBSITE\\app\\Views\\ACOMPONENTS\\NEWS\\newsmaincontent.php', 41)
 2 SYSTEMPATH\View\View.php(228): include('C:\\laragon\\www\\BFP_WEBSITE\\app\\Views\\ACOMPONENTS\\NEWS\\newsmaincontent.php')
 3 SYSTEMPATH\View\View.php(231): CodeIgniter\View\View->CodeIgniter\View\{closure}()
 4 SYSTEMPATH\Common.php(1178): CodeIgniter\View\View->render('ACOMPONENTS/NEWS/newsmaincontent', [], true)
 5 APPPATH\Controllers\NewsController.php(52): view('ACOMPONENTS/NEWS/newsmaincontent', [...])
 6 SYSTEMPATH\CodeIgniter.php(941): App\Controllers\NewsController->newscreate()
 7 SYSTEMPATH\CodeIgniter.php(502): CodeIgniter\CodeIgniter->runController(Object(App\Controllers\NewsController))
 8 SYSTEMPATH\CodeIgniter.php(361): CodeIgniter\CodeIgniter->handleRequest(null, Object(Config\Cache), false)
 9 FCPATH\index.php(79): CodeIgniter\CodeIgniter->run()
10 SYSTEMPATH\Commands\Server\rewrite.php(47): require_once('C:\\laragon\\www\\BFP_WEBSITE\\public\\index.php')
CRITICAL - 2024-02-12 16:34:22 --> ParseError: syntax error, unexpected end of file
in APPPATH\Views\ACOMPONENTS\NEWS\newsmaincontent.php on line 195.
 1 SYSTEMPATH\View\View.php(231): CodeIgniter\View\View->CodeIgniter\View\{closure}()
 2 SYSTEMPATH\Common.php(1178): CodeIgniter\View\View->render('ACOMPONENTS/NEWS/newsmaincontent', [], true)
 3 APPPATH\Controllers\NewsController.php(52): view('ACOMPONENTS/NEWS/newsmaincontent', [...])
 4 SYSTEMPATH\CodeIgniter.php(941): App\Controllers\NewsController->newscreate()
 5 SYSTEMPATH\CodeIgniter.php(502): CodeIgniter\CodeIgniter->runController(Object(App\Controllers\NewsController))
 6 SYSTEMPATH\CodeIgniter.php(361): CodeIgniter\CodeIgniter->handleRequest(null, Object(Config\Cache), false)
 7 FCPATH\index.php(79): CodeIgniter\CodeIgniter->run()
 8 SYSTEMPATH\Commands\Server\rewrite.php(47): require_once('C:\\laragon\\www\\BFP_WEBSITE\\public\\index.php')
CRITICAL - 2024-02-12 16:36:13 --> ParseError: syntax error, unexpected end of file
in APPPATH\Views\ACOMPONENTS\NEWS\newsmaincontent.php on line 194.
 1 SYSTEMPATH\View\View.php(231): CodeIgniter\View\View->CodeIgniter\View\{closure}()
 2 SYSTEMPATH\Common.php(1178): CodeIgniter\View\View->render('ACOMPONENTS/NEWS/newsmaincontent', [], true)
 3 APPPATH\Controllers\NewsController.php(52): view('ACOMPONENTS/NEWS/newsmaincontent', [...])
 4 SYSTEMPATH\CodeIgniter.php(941): App\Controllers\NewsController->newscreate()
 5 SYSTEMPATH\CodeIgniter.php(502): CodeIgniter\CodeIgniter->runController(Object(App\Controllers\NewsController))
 6 SYSTEMPATH\CodeIgniter.php(361): CodeIgniter\CodeIgniter->handleRequest(null, Object(Config\Cache), false)
 7 FCPATH\index.php(79): CodeIgniter\CodeIgniter->run()
 8 SYSTEMPATH\Commands\Server\rewrite.php(47): require_once('C:\\laragon\\www\\BFP_WEBSITE\\public\\index.php')
CRITICAL - 2024-02-12 16:37:09 --> ParseError: syntax error, unexpected end of file
in APPPATH\Views\ACOMPONENTS\NEWS\newsmaincontent.php on line 196.
 1 SYSTEMPATH\View\View.php(231): CodeIgniter\View\View->CodeIgniter\View\{closure}()
 2 SYSTEMPATH\Common.php(1178): CodeIgniter\View\View->render('ACOMPONENTS/NEWS/newsmaincontent', [], true)
 3 APPPATH\Controllers\NewsController.php(52): view('ACOMPONENTS/NEWS/newsmaincontent', [...])
 4 SYSTEMPATH\CodeIgniter.php(941): App\Controllers\NewsController->newscreate()
 5 SYSTEMPATH\CodeIgniter.php(502): CodeIgniter\CodeIgniter->runController(Object(App\Controllers\NewsController))
 6 SYSTEMPATH\CodeIgniter.php(361): CodeIgniter\CodeIgniter->handleRequest(null, Object(Config\Cache), false)
 7 FCPATH\index.php(79): CodeIgniter\CodeIgniter->run()
 8 SYSTEMPATH\Commands\Server\rewrite.php(47): require_once('C:\\laragon\\www\\BFP_WEBSITE\\public\\index.php')
CRITICAL - 2024-02-12 16:38:21 --> ParseError: syntax error, unexpected end of file
in APPPATH\Views\ACOMPONENTS\NEWS\newsmaincontent.php on line 195.
 1 SYSTEMPATH\View\View.php(231): CodeIgniter\View\View->CodeIgniter\View\{closure}()
 2 SYSTEMPATH\Common.php(1178): CodeIgniter\View\View->render('ACOMPONENTS/NEWS/newsmaincontent', [], true)
 3 APPPATH\Controllers\NewsController.php(52): view('ACOMPONENTS/NEWS/newsmaincontent', [...])
 4 SYSTEMPATH\CodeIgniter.php(941): App\Controllers\NewsController->newscreate()
 5 SYSTEMPATH\CodeIgniter.php(502): CodeIgniter\CodeIgniter->runController(Object(App\Controllers\NewsController))
 6 SYSTEMPATH\CodeIgniter.php(361): CodeIgniter\CodeIgniter->handleRequest(null, Object(Config\Cache), false)
 7 FCPATH\index.php(79): CodeIgniter\CodeIgniter->run()
 8 SYSTEMPATH\Commands\Server\rewrite.php(47): require_once('C:\\laragon\\www\\BFP_WEBSITE\\public\\index.php')
CRITICAL - 2024-02-12 16:38:22 --> ParseError: syntax error, unexpected end of file
in APPPATH\Views\ACOMPONENTS\NEWS\newsmaincontent.php on line 195.
 1 SYSTEMPATH\View\View.php(231): CodeIgniter\View\View->CodeIgniter\View\{closure}()
 2 SYSTEMPATH\Common.php(1178): CodeIgniter\View\View->render('ACOMPONENTS/NEWS/newsmaincontent', [], true)
 3 APPPATH\Controllers\NewsController.php(52): view('ACOMPONENTS/NEWS/newsmaincontent', [...])
 4 SYSTEMPATH\CodeIgniter.php(941): App\Controllers\NewsController->newscreate()
 5 SYSTEMPATH\CodeIgniter.php(502): CodeIgniter\CodeIgniter->runController(Object(App\Controllers\NewsController))
 6 SYSTEMPATH\CodeIgniter.php(361): CodeIgniter\CodeIgniter->handleRequest(null, Object(Config\Cache), false)
 7 FCPATH\index.php(79): CodeIgniter\CodeIgniter->run()
 8 SYSTEMPATH\Commands\Server\rewrite.php(47): require_once('C:\\laragon\\www\\BFP_WEBSITE\\public\\index.php')
CRITICAL - 2024-02-12 16:39:27 --> ParseError: syntax error, unexpected end of file
in APPPATH\Views\ACOMPONENTS\NEWS\newsmaincontent.php on line 196.
 1 SYSTEMPATH\View\View.php(231): CodeIgniter\View\View->CodeIgniter\View\{closure}()
 2 SYSTEMPATH\Common.php(1178): CodeIgniter\View\View->render('ACOMPONENTS/NEWS/newsmaincontent', [], true)
 3 APPPATH\Controllers\NewsController.php(52): view('ACOMPONENTS/NEWS/newsmaincontent', [...])
 4 SYSTEMPATH\CodeIgniter.php(941): App\Controllers\NewsController->newscreate()
 5 SYSTEMPATH\CodeIgniter.php(502): CodeIgniter\CodeIgniter->runController(Object(App\Controllers\NewsController))
 6 SYSTEMPATH\CodeIgniter.php(361): CodeIgniter\CodeIgniter->handleRequest(null, Object(Config\Cache), false)
 7 FCPATH\index.php(79): CodeIgniter\CodeIgniter->run()
 8 SYSTEMPATH\Commands\Server\rewrite.php(47): require_once('C:\\laragon\\www\\BFP_WEBSITE\\public\\index.php')
CRITICAL - 2024-02-12 16:39:28 --> ParseError: syntax error, unexpected end of file
in APPPATH\Views\ACOMPONENTS\NEWS\newsmaincontent.php on line 196.
 1 SYSTEMPATH\View\View.php(231): CodeIgniter\View\View->CodeIgniter\View\{closure}()
 2 SYSTEMPATH\Common.php(1178): CodeIgniter\View\View->render('ACOMPONENTS/NEWS/newsmaincontent', [], true)
 3 APPPATH\Controllers\NewsController.php(52): view('ACOMPONENTS/NEWS/newsmaincontent', [...])
 4 SYSTEMPATH\CodeIgniter.php(941): App\Controllers\NewsController->newscreate()
 5 SYSTEMPATH\CodeIgniter.php(502): CodeIgniter\CodeIgniter->runController(Object(App\Controllers\NewsController))
 6 SYSTEMPATH\CodeIgniter.php(361): CodeIgniter\CodeIgniter->handleRequest(null, Object(Config\Cache), false)
 7 FCPATH\index.php(79): CodeIgniter\CodeIgniter->run()
 8 SYSTEMPATH\Commands\Server\rewrite.php(47): require_once('C:\\laragon\\www\\BFP_WEBSITE\\public\\index.php')
CRITICAL - 2024-02-12 16:39:29 --> ParseError: syntax error, unexpected end of file
in APPPATH\Views\ACOMPONENTS\NEWS\newsmaincontent.php on line 196.
 1 SYSTEMPATH\View\View.php(231): CodeIgniter\View\View->CodeIgniter\View\{closure}()
 2 SYSTEMPATH\Common.php(1178): CodeIgniter\View\View->render('ACOMPONENTS/NEWS/newsmaincontent', [], true)
 3 APPPATH\Controllers\NewsController.php(52): view('ACOMPONENTS/NEWS/newsmaincontent', [...])
 4 SYSTEMPATH\CodeIgniter.php(941): App\Controllers\NewsController->newscreate()
 5 SYSTEMPATH\CodeIgniter.php(502): CodeIgniter\CodeIgniter->runController(Object(App\Controllers\NewsController))
 6 SYSTEMPATH\CodeIgniter.php(361): CodeIgniter\CodeIgniter->handleRequest(null, Object(Config\Cache), false)
 7 FCPATH\index.php(79): CodeIgniter\CodeIgniter->run()
 8 SYSTEMPATH\Commands\Server\rewrite.php(47): require_once('C:\\laragon\\www\\BFP_WEBSITE\\public\\index.php')
CRITICAL - 2024-02-12 16:41:55 --> ErrorException: Undefined array key "images"
in APPPATH\Views\ACOMPONENTS\NEWS\newsmaincontent.php on line 41.
 1 APPPATH\Views\ACOMPONENTS\NEWS\newsmaincontent.php(41): CodeIgniter\Debug\Exceptions->errorHandler(2, 'Undefined array key "images"', 'C:\\laragon\\www\\BFP_WEBSITE\\app\\Views\\ACOMPONENTS\\NEWS\\newsmaincontent.php', 41)
 2 SYSTEMPATH\View\View.php(228): include('C:\\laragon\\www\\BFP_WEBSITE\\app\\Views\\ACOMPONENTS\\NEWS\\newsmaincontent.php')
 3 SYSTEMPATH\View\View.php(231): CodeIgniter\View\View->CodeIgniter\View\{closure}()
 4 SYSTEMPATH\Common.php(1178): CodeIgniter\View\View->render('ACOMPONENTS/NEWS/newsmaincontent', [], true)
 5 APPPATH\Controllers\NewsController.php(52): view('ACOMPONENTS/NEWS/newsmaincontent', [...])
 6 SYSTEMPATH\CodeIgniter.php(941): App\Controllers\NewsController->newscreate()
 7 SYSTEMPATH\CodeIgniter.php(502): CodeIgniter\CodeIgniter->runController(Object(App\Controllers\NewsController))
 8 SYSTEMPATH\CodeIgniter.php(361): CodeIgniter\CodeIgniter->handleRequest(null, Object(Config\Cache), false)
 9 FCPATH\index.php(79): CodeIgniter\CodeIgniter->run()
10 SYSTEMPATH\Commands\Server\rewrite.php(47): require_once('C:\\laragon\\www\\BFP_WEBSITE\\public\\index.php')
CRITICAL - 2024-02-12 16:52:35 --> ErrorException: Undefined array key "images"
in APPPATH\Views\ACOMPONENTS\NEWS\newsmaincontent.php on line 51.
 1 APPPATH\Views\ACOMPONENTS\NEWS\newsmaincontent.php(51): CodeIgniter\Debug\Exceptions->errorHandler(2, 'Undefined array key "images"', 'C:\\laragon\\www\\BFP_WEBSITE\\app\\Views\\ACOMPONENTS\\NEWS\\newsmaincontent.php', 51)
 2 SYSTEMPATH\View\View.php(228): include('C:\\laragon\\www\\BFP_WEBSITE\\app\\Views\\ACOMPONENTS\\NEWS\\newsmaincontent.php')
 3 SYSTEMPATH\View\View.php(231): CodeIgniter\View\View->CodeIgniter\View\{closure}()
 4 SYSTEMPATH\Common.php(1178): CodeIgniter\View\View->render('ACOMPONENTS/NEWS/newsmaincontent', [], true)
 5 APPPATH\Controllers\NewsController.php(52): view('ACOMPONENTS/NEWS/newsmaincontent', [...])
 6 SYSTEMPATH\CodeIgniter.php(941): App\Controllers\NewsController->newscreate()
 7 SYSTEMPATH\CodeIgniter.php(502): CodeIgniter\CodeIgniter->runController(Object(App\Controllers\NewsController))
 8 SYSTEMPATH\CodeIgniter.php(361): CodeIgniter\CodeIgniter->handleRequest(null, Object(Config\Cache), false)
 9 FCPATH\index.php(79): CodeIgniter\CodeIgniter->run()
10 SYSTEMPATH\Commands\Server\rewrite.php(47): require_once('C:\\laragon\\www\\BFP_WEBSITE\\public\\index.php')
CRITICAL - 2024-02-12 16:52:47 --> ErrorException: Undefined array key "images"
in APPPATH\Views\ACOMPONENTS\NEWS\newsmaincontent.php on line 53.
 1 APPPATH\Views\ACOMPONENTS\NEWS\newsmaincontent.php(53): CodeIgniter\Debug\Exceptions->errorHandler(2, 'Undefined array key "images"', 'C:\\laragon\\www\\BFP_WEBSITE\\app\\Views\\ACOMPONENTS\\NEWS\\newsmaincontent.php', 53)
 2 SYSTEMPATH\View\View.php(228): include('C:\\laragon\\www\\BFP_WEBSITE\\app\\Views\\ACOMPONENTS\\NEWS\\newsmaincontent.php')
 3 SYSTEMPATH\View\View.php(231): CodeIgniter\View\View->CodeIgniter\View\{closure}()
 4 SYSTEMPATH\Common.php(1178): CodeIgniter\View\View->render('ACOMPONENTS/NEWS/newsmaincontent', [], true)
 5 APPPATH\Controllers\NewsController.php(52): view('ACOMPONENTS/NEWS/newsmaincontent', [...])
 6 SYSTEMPATH\CodeIgniter.php(941): App\Controllers\NewsController->newscreate()
 7 SYSTEMPATH\CodeIgniter.php(502): CodeIgniter\CodeIgniter->runController(Object(App\Controllers\NewsController))
 8 SYSTEMPATH\CodeIgniter.php(361): CodeIgniter\CodeIgniter->handleRequest(null, Object(Config\Cache), false)
 9 FCPATH\index.php(79): CodeIgniter\CodeIgniter->run()
10 SYSTEMPATH\Commands\Server\rewrite.php(47): require_once('C:\\laragon\\www\\BFP_WEBSITE\\public\\index.php')
